<?xml version='1.1' encoding='UTF-8'?>
<result plugin="junit@1.53">
  <suites>
    <suite>
      <file>/var/jenkins_home/workspace/sc-automation-framework/src/test/resources/reports/2021-11-04_16-50/TEST-TestSuite.xml</file>
      <name>TestSuite</name>
      <stdout>16:54:16,425 |-INFO in ch.qos.logback.classic.LoggerContext[default] - Found resource [logback-test.xml] at [file:/var/jenkins_home/workspace/sc-automation-framework/target/test-classes/logback-test.xml]
16:54:16,445 |-INFO in ch.qos.logback.classic.joran.action.ConfigurationAction - debug attribute not set
16:54:16,445 |-INFO in ch.qos.logback.core.joran.action.AppenderAction - About to instantiate appender of type [ch.qos.logback.core.ConsoleAppender]
16:54:16,449 |-INFO in ch.qos.logback.core.joran.action.AppenderAction - Naming appender as [STDOUT]
16:54:16,453 |-INFO in ch.qos.logback.core.joran.action.NestedComplexPropertyIA - Assuming default type [ch.qos.logback.classic.encoder.PatternLayoutEncoder] for [encoder] property
16:54:16,484 |-INFO in ch.qos.logback.core.joran.action.AppenderAction - About to instantiate appender of type [ch.qos.logback.core.ConsoleAppender]
16:54:16,484 |-INFO in ch.qos.logback.core.joran.action.AppenderAction - Naming appender as [CONSOLE]
16:54:16,485 |-WARN in ch.qos.logback.core.ConsoleAppender[CONSOLE] - This appender no longer admits a layout as a sub-component, set an encoder instead.
16:54:16,485 |-WARN in ch.qos.logback.core.ConsoleAppender[CONSOLE] - To ensure compatibility, wrapping your layout in LayoutWrappingEncoder.
16:54:16,485 |-WARN in ch.qos.logback.core.ConsoleAppender[CONSOLE] - See also http://logback.qos.ch/codes.html#layoutInsteadOfEncoder for details
16:54:16,485 |-INFO in ch.qos.logback.classic.joran.action.LoggerAction - Setting level of logger [com.mkyong] to DEBUG
16:54:16,485 |-INFO in ch.qos.logback.classic.joran.action.LoggerAction - Setting additivity of logger [com.mkyong] to false
16:54:16,485 |-INFO in ch.qos.logback.core.joran.action.AppenderRefAction - Attaching appender named [CONSOLE] to Logger[com.mkyong]
16:54:16,486 |-INFO in ch.qos.logback.classic.joran.action.RootLoggerAction - Setting level of ROOT logger to INFO
16:54:16,486 |-INFO in ch.qos.logback.core.joran.action.AppenderRefAction - Attaching appender named [CONSOLE] to Logger[ROOT]
16:54:16,486 |-INFO in ch.qos.logback.classic.joran.action.ConfigurationAction - End of configuration.
16:54:16,487 |-INFO in ch.qos.logback.classic.joran.JoranConfigurator@5f77d0f9 - Registering current configuration as safe fallback point

[INFO ] 04 Nov 16:54:16 [c.s.c.a.f.b.TestBase : 32] - Running against environment: QA
[INFO ] 04 Nov 16:54:16 [c.s.c.a.f.b.TestBase : 40] - platformType: WEB
[INFO ] 04 Nov 16:54:16 [c.s.c.a.f.b.TestBase : 41] - browserName: CHROME-REMOTE
Nov 04, 2021 4:54:16 PM org.openqa.selenium.remote.tracing.opentelemetry.OpenTelemetryTracer createTracer
INFO: Using OpenTelemetry for tracing
[INFO ] 04 Nov 16:54:17 [c.s.c.a.f.b.TestBase : 84] - Selenium Driver closed
[INFO ] 04 Nov 16:54:17 [c.s.c.a.f.b.TestBase : 40] - platformType: WEB
[INFO ] 04 Nov 16:54:17 [c.s.c.a.f.b.TestBase : 41] - browserName: FIREFOX-REMOTE
[INFO ] 04 Nov 16:54:17 [c.s.c.a.f.b.TestBase : 84] - Selenium Driver closed
[INFO ] 04 Nov 16:54:17 [c.s.c.a.f.b.TestBase : 40] - platformType: WEB
[INFO ] 04 Nov 16:54:17 [c.s.c.a.f.b.TestBase : 41] - browserName: CHROME-REMOTE
[INFO ] 04 Nov 16:54:17 [c.s.c.a.f.b.TestBase : 84] - Selenium Driver closed
</stdout>
      <duration>134.94798</duration>
      <time>1.146</time>
      <nodeId>62</nodeId>
      <enclosingBlocks>
        <string>56</string>
      </enclosingBlocks>
      <enclosingBlockNames>
        <string>Build Automation Frameork And Start Test Run</string>
      </enclosingBlockNames>
      <cases>
        <case>
          <duration>0.949</duration>
          <className>com.sprite.cloud.automation.framework.web.bookstore.LoginTest</className>
          <testName>setupDriver[WEB, CHROME-REMOTE](0)</testName>
          <skipped>false</skipped>
          <errorStackTrace>org.openqa.selenium.SessionNotCreatedException: 
Could not start a new session. Possible causes are invalid address of the remote server or browser start-up failure.
Build info: version: &apos;4.0.0&apos;, revision: &apos;3a21814679&apos;
System info: host: &apos;d277cae02f11&apos;, ip: &apos;172.21.0.2&apos;, os.name: &apos;Linux&apos;, os.arch: &apos;amd64&apos;, os.version: &apos;5.11.0-38-generic&apos;, java.version: &apos;11.0.12&apos;
Driver info: org.openqa.selenium.remote.RemoteWebDriver
Command: [null, newSession {capabilities=[Capabilities {browserName: chrome, goog:chromeOptions: {args: [], extensions: []}}], desiredCapabilities=Capabilities {browserName: chrome, goog:chromeOptions: {args: [], extensions: []}}}]
Capabilities {}
Caused by: java.io.UncheckedIOException: java.net.ConnectException: Connection refused: /127.0.0.1:4444
Caused by: java.net.ConnectException: Connection refused: /127.0.0.1:4444
Caused by: io.netty.channel.AbstractChannel$AnnotatedConnectException: Connection refused: /127.0.0.1:4444
Caused by: java.net.ConnectException: Connection refused
</errorStackTrace>
          <errorDetails>Could not start a new session. Possible causes are invalid address of the remote server or browser start-up failure.
Build info: version: &apos;4.0.0&apos;, revision: &apos;3a21814679&apos;
System info: host: &apos;d277cae02f11&apos;, ip: &apos;172.21.0.2&apos;, os.name: &apos;Linux&apos;, os.arch: &apos;amd64&apos;, os.version: &apos;5.11.0-38-generic&apos;, java.version: &apos;11.0.12&apos;
Driver info: org.openqa.selenium.remote.RemoteWebDriver
Command: [null, newSession {capabilities=[Capabilities {browserName: chrome, goog:chromeOptions: {args: [], extensions: []}}], desiredCapabilities=Capabilities {browserName: chrome, goog:chromeOptions: {args: [], extensions: []}}}]
Capabilities {}</errorDetails>
          <stdout>16:54:16,425 |-INFO in ch.qos.logback.classic.LoggerContext[default] - Found resource [logback-test.xml] at [file:/var/jenkins_home/workspace/sc-automation-framework/target/test-classes/logback-test.xml]
16:54:16,445 |-INFO in ch.qos.logback.classic.joran.action.ConfigurationAction - debug attribute not set
16:54:16,445 |-INFO in ch.qos.logback.core.joran.action.AppenderAction - About to instantiate appender of type [ch.qos.logback.core.ConsoleAppender]
16:54:16,449 |-INFO in ch.qos.logback.core.joran.action.AppenderAction - Naming appender as [STDOUT]
16:54:16,453 |-INFO in ch.qos.logback.core.joran.action.NestedComplexPropertyIA - Assuming default type [ch.qos.logback.classic.encoder.PatternLayoutEncoder] for [encoder] property
16:54:16,484 |-INFO in ch.qos.logback.core.joran.action.AppenderAction - About to instantiate appender of type [ch.qos.logback.core.ConsoleAppender]
16:54:16,484 |-INFO in ch.qos.logback.core.joran.action.AppenderAction - Naming appender as [CONSOLE]
16:54:16,485 |-WARN in ch.qos.logback.core.ConsoleAppender[CONSOLE] - This appender no longer admits a layout as a sub-component, set an encoder instead.
16:54:16,485 |-WARN in ch.qos.logback.core.ConsoleAppender[CONSOLE] - To ensure compatibility, wrapping your layout in LayoutWrappingEncoder.
16:54:16,485 |-WARN in ch.qos.logback.core.ConsoleAppender[CONSOLE] - See also http://logback.qos.ch/codes.html#layoutInsteadOfEncoder for details
16:54:16,485 |-INFO in ch.qos.logback.classic.joran.action.LoggerAction - Setting level of logger [com.mkyong] to DEBUG
16:54:16,485 |-INFO in ch.qos.logback.classic.joran.action.LoggerAction - Setting additivity of logger [com.mkyong] to false
16:54:16,485 |-INFO in ch.qos.logback.core.joran.action.AppenderRefAction - Attaching appender named [CONSOLE] to Logger[com.mkyong]
16:54:16,486 |-INFO in ch.qos.logback.classic.joran.action.RootLoggerAction - Setting level of ROOT logger to INFO
16:54:16,486 |-INFO in ch.qos.logback.core.joran.action.AppenderRefAction - Attaching appender named [CONSOLE] to Logger[ROOT]
16:54:16,486 |-INFO in ch.qos.logback.classic.joran.action.ConfigurationAction - End of configuration.
16:54:16,487 |-INFO in ch.qos.logback.classic.joran.JoranConfigurator@5f77d0f9 - Registering current configuration as safe fallback point

[INFO ] 04 Nov 16:54:16 [c.s.c.a.f.b.TestBase : 32] - Running against environment: QA
[INFO ] 04 Nov 16:54:16 [c.s.c.a.f.b.TestBase : 40] - platformType: WEB
[INFO ] 04 Nov 16:54:16 [c.s.c.a.f.b.TestBase : 41] - browserName: CHROME-REMOTE
</stdout>
          <stderr>Nov 04, 2021 4:54:16 PM org.openqa.selenium.remote.tracing.opentelemetry.OpenTelemetryTracer createTracer
INFO: Using OpenTelemetry for tracing
</stderr>
          <failedSince>39</failedSince>
        </case>
        <case>
          <duration>0.0</duration>
          <className>com.sprite.cloud.automation.framework.web.bookstore.LoginTest</className>
          <testName>setup</testName>
          <skipped>true</skipped>
          <skippedMessage></skippedMessage>
          <failedSince>0</failedSince>
        </case>
        <case>
          <duration>0.0</duration>
          <className>com.sprite.cloud.automation.framework.web.bookstore.LoginTest</className>
          <testName>setup</testName>
          <skipped>true</skipped>
          <skippedMessage></skippedMessage>
          <failedSince>0</failedSince>
        </case>
        <case>
          <duration>0.0</duration>
          <className>com.sprite.cloud.automation.framework.web.bookstore.LoginTest</className>
          <testName>LogIn</testName>
          <skipped>true</skipped>
          <skippedMessage>Could not start a new session. Possible causes are invalid address of the remote server or browser start-up failure.
Build info: version: &apos;4.0.0&apos;, revision: &apos;3a21814679&apos;
System info: host: &apos;d277cae02f11&apos;, ip: &apos;172.21.0.2&apos;, os.name: &apos;Linux&apos;, os.arch: &apos;amd64&apos;, os.version: &apos;5.11.0-38-generic&apos;, java.version: &apos;11.0.12&apos;
Driver info: org.openqa.selenium.remote.RemoteWebDriver
Command: [null, newSession {capabilities=[Capabilities {browserName: chrome, goog:chromeOptions: {args: [], extensions: []}}], desiredCapabilities=Capabilities {browserName: chrome, goog:chromeOptions: {args: [], extensions: []}}}]
Capabilities {}</skippedMessage>
          <failedSince>0</failedSince>
        </case>
        <case>
          <duration>0.0</duration>
          <className>com.sprite.cloud.automation.framework.web.bookstore.LoginTest</className>
          <testName>LogIn</testName>
          <skipped>true</skipped>
          <skippedMessage>Could not start a new session. Possible causes are invalid address of the remote server or browser start-up failure.
Build info: version: &apos;4.0.0&apos;, revision: &apos;3a21814679&apos;
System info: host: &apos;d277cae02f11&apos;, ip: &apos;172.21.0.2&apos;, os.name: &apos;Linux&apos;, os.arch: &apos;amd64&apos;, os.version: &apos;5.11.0-38-generic&apos;, java.version: &apos;11.0.12&apos;
Driver info: org.openqa.selenium.remote.RemoteWebDriver
Command: [null, newSession {capabilities=[Capabilities {acceptInsecureCerts: true, browserName: firefox, moz:debuggerAddress: true, moz:firefoxOptions: {}}], desiredCapabilities=Capabilities {acceptInsecureCerts: true, browserName: firefox, moz:debuggerAddress: true, moz:firefoxOptions: {}}}]
Capabilities {}</skippedMessage>
          <failedSince>0</failedSince>
        </case>
        <case>
          <duration>0.063</duration>
          <className>com.sprite.cloud.automation.framework.web.bookstore.LoginTest</className>
          <testName>setupDriver[WEB, FIREFOX-REMOTE](0)</testName>
          <skipped>false</skipped>
          <errorStackTrace>org.openqa.selenium.SessionNotCreatedException: 
Could not start a new session. Possible causes are invalid address of the remote server or browser start-up failure.
Build info: version: &apos;4.0.0&apos;, revision: &apos;3a21814679&apos;
System info: host: &apos;d277cae02f11&apos;, ip: &apos;172.21.0.2&apos;, os.name: &apos;Linux&apos;, os.arch: &apos;amd64&apos;, os.version: &apos;5.11.0-38-generic&apos;, java.version: &apos;11.0.12&apos;
Driver info: org.openqa.selenium.remote.RemoteWebDriver
Command: [null, newSession {capabilities=[Capabilities {acceptInsecureCerts: true, browserName: firefox, moz:debuggerAddress: true, moz:firefoxOptions: {}}], desiredCapabilities=Capabilities {acceptInsecureCerts: true, browserName: firefox, moz:debuggerAddress: true, moz:firefoxOptions: {}}}]
Capabilities {}
Caused by: java.io.UncheckedIOException: java.net.ConnectException: Connection refused: /127.0.0.1:4444
Caused by: java.net.ConnectException: Connection refused: /127.0.0.1:4444
Caused by: io.netty.channel.AbstractChannel$AnnotatedConnectException: Connection refused: /127.0.0.1:4444
Caused by: java.net.ConnectException: Connection refused
</errorStackTrace>
          <errorDetails>Could not start a new session. Possible causes are invalid address of the remote server or browser start-up failure.
Build info: version: &apos;4.0.0&apos;, revision: &apos;3a21814679&apos;
System info: host: &apos;d277cae02f11&apos;, ip: &apos;172.21.0.2&apos;, os.name: &apos;Linux&apos;, os.arch: &apos;amd64&apos;, os.version: &apos;5.11.0-38-generic&apos;, java.version: &apos;11.0.12&apos;
Driver info: org.openqa.selenium.remote.RemoteWebDriver
Command: [null, newSession {capabilities=[Capabilities {acceptInsecureCerts: true, browserName: firefox, moz:debuggerAddress: true, moz:firefoxOptions: {}}], desiredCapabilities=Capabilities {acceptInsecureCerts: true, browserName: firefox, moz:debuggerAddress: true, moz:firefoxOptions: {}}}]
Capabilities {}</errorDetails>
          <stdout>[INFO ] 04 Nov 16:54:17 [c.s.c.a.f.b.TestBase : 84] - Selenium Driver closed
[INFO ] 04 Nov 16:54:17 [c.s.c.a.f.b.TestBase : 40] - platformType: WEB
[INFO ] 04 Nov 16:54:17 [c.s.c.a.f.b.TestBase : 41] - browserName: FIREFOX-REMOTE
</stdout>
          <failedSince>39</failedSince>
        </case>
        <case>
          <duration>0.039</duration>
          <className>com.sprite.cloud.automation.framework.web.bookstore.AddBookToCollectionTest</className>
          <testName>setupDriver[WEB, CHROME-REMOTE](0)</testName>
          <skipped>false</skipped>
          <errorStackTrace>org.openqa.selenium.SessionNotCreatedException: 
Could not start a new session. Possible causes are invalid address of the remote server or browser start-up failure.
Build info: version: &apos;4.0.0&apos;, revision: &apos;3a21814679&apos;
System info: host: &apos;d277cae02f11&apos;, ip: &apos;172.21.0.2&apos;, os.name: &apos;Linux&apos;, os.arch: &apos;amd64&apos;, os.version: &apos;5.11.0-38-generic&apos;, java.version: &apos;11.0.12&apos;
Driver info: org.openqa.selenium.remote.RemoteWebDriver
Command: [null, newSession {capabilities=[Capabilities {browserName: chrome, goog:chromeOptions: {args: [], extensions: []}}], desiredCapabilities=Capabilities {browserName: chrome, goog:chromeOptions: {args: [], extensions: []}}}]
Capabilities {}
Caused by: java.io.UncheckedIOException: java.net.ConnectException: Connection refused: /127.0.0.1:4444
Caused by: java.net.ConnectException: Connection refused: /127.0.0.1:4444
Caused by: io.netty.channel.AbstractChannel$AnnotatedConnectException: Connection refused: /127.0.0.1:4444
Caused by: java.net.ConnectException: Connection refused
</errorStackTrace>
          <errorDetails>Could not start a new session. Possible causes are invalid address of the remote server or browser start-up failure.
Build info: version: &apos;4.0.0&apos;, revision: &apos;3a21814679&apos;
System info: host: &apos;d277cae02f11&apos;, ip: &apos;172.21.0.2&apos;, os.name: &apos;Linux&apos;, os.arch: &apos;amd64&apos;, os.version: &apos;5.11.0-38-generic&apos;, java.version: &apos;11.0.12&apos;
Driver info: org.openqa.selenium.remote.RemoteWebDriver
Command: [null, newSession {capabilities=[Capabilities {browserName: chrome, goog:chromeOptions: {args: [], extensions: []}}], desiredCapabilities=Capabilities {browserName: chrome, goog:chromeOptions: {args: [], extensions: []}}}]
Capabilities {}</errorDetails>
          <stdout>[INFO ] 04 Nov 16:54:17 [c.s.c.a.f.b.TestBase : 84] - Selenium Driver closed
[INFO ] 04 Nov 16:54:17 [c.s.c.a.f.b.TestBase : 40] - platformType: WEB
[INFO ] 04 Nov 16:54:17 [c.s.c.a.f.b.TestBase : 41] - browserName: CHROME-REMOTE
</stdout>
          <failedSince>39</failedSince>
        </case>
        <case>
          <duration>0.0</duration>
          <className>com.sprite.cloud.automation.framework.web.bookstore.AddBookToCollectionTest</className>
          <testName>setup</testName>
          <skipped>true</skipped>
          <skippedMessage></skippedMessage>
          <failedSince>0</failedSince>
        </case>
        <case>
          <duration>0.0</duration>
          <className>com.sprite.cloud.automation.framework.web.bookstore.AddBookToCollectionTest</className>
          <testName>AddNewBookToCollection</testName>
          <skipped>true</skipped>
          <skippedMessage>Could not start a new session. Possible causes are invalid address of the remote server or browser start-up failure.
Build info: version: &apos;4.0.0&apos;, revision: &apos;3a21814679&apos;
System info: host: &apos;d277cae02f11&apos;, ip: &apos;172.21.0.2&apos;, os.name: &apos;Linux&apos;, os.arch: &apos;amd64&apos;, os.version: &apos;5.11.0-38-generic&apos;, java.version: &apos;11.0.12&apos;
Driver info: org.openqa.selenium.remote.RemoteWebDriver
Command: [null, newSession {capabilities=[Capabilities {browserName: chrome, goog:chromeOptions: {args: [], extensions: []}}], desiredCapabilities=Capabilities {browserName: chrome, goog:chromeOptions: {args: [], extensions: []}}}]
Capabilities {}</skippedMessage>
          <failedSince>0</failedSince>
        </case>
        <case>
          <duration>2.152</duration>
          <className>com.sprite.cloud.automation.framework.api.petstorepet.PostPetTest</className>
          <testName>addPetSuccessfullyTest</testName>
          <skipped>false</skipped>
          <stdout>13:09:05,908 |-INFO in ch.qos.logback.classic.LoggerContext[default] - Found resource [logback-test.xml] at [file:/var/jenkins_home/workspace/sc-automation-framework/target/test-classes/logback-test.xml]
13:09:05,937 |-INFO in ch.qos.logback.classic.joran.action.ConfigurationAction - debug attribute not set
13:09:05,937 |-INFO in ch.qos.logback.core.joran.action.AppenderAction - About to instantiate appender of type [ch.qos.logback.core.ConsoleAppender]
13:09:05,941 |-INFO in ch.qos.logback.core
...[truncated 3553 chars]...
ter&quot;,
  &quot;photoUrls&quot;: [
    &quot;some.image.url.of.cool.pup&quot;
  ],
  &quot;tags&quot;: [
    {
      &quot;id&quot;: 91647,
      &quot;name&quot;: &quot;Dog&quot;
    }
  ],
  &quot;status&quot;: &quot;available&quot;
}
[INFO ] 04 Nov 13:09:08 [c.s.c.a.f.b.a.s.p.PetService : 46] - Running assertions for POST Pet Request against Response: Fluff Meister
[INFO ] 04 Nov 13:09:08 [c.s.c.a.f.b.a.s.p.PetService : 77] - Trigger assertions
[INFO ] 04 Nov 13:09:08 [c.s.c.a.f.b.a.s.p.PetService : 80] - All assertions successful for POST Add Pet Request against Response
</stdout>
          <failedSince>0</failedSince>
        </case>
        <case>
          <duration>1.226</duration>
          <className>com.sprite.cloud.automation.framework.api.petstorepet.PostPetTest</className>
          <testName>addPetUnsuccessfullyTest</testName>
          <skipped>false</skipped>
          <errorStackTrace>java.lang.AssertionError: Unable to unsuccessfully add new pet: Doggie expected [400] but
              found [200]
              at
              com.sprite.cloud.automation.framework.api.petstorepet.PostPetTest.addPetUnsuccessfullyTest(PostPetTest.java:59)
          </errorStackTrace>
          <errorDetails>Unable to unsuccessfully add new pet: Doggie expected [400] but found [200]</errorDetails>
          <stdout>[INFO ] 04 Nov 13:09:08 [c.s.c.a.f.b.a.s.p.PetService : 37] - Requesting add new pet, expecting exception with status code 400: Doggie
[INFO ] 04 Nov 13:09:08 [c.s.c.a.f.b.a.c.i.HttpLogger : 39] - ========================== Request =========================================
[INFO ] 04 Nov 13:09:08 [c.s.c.a.f.b.a.c.i.HttpLogger : 40] - Request: POST -&gt;https://petstore.swagger.io/v2/pet
[INFO ] 04 Nov 13:09:08 [c.s.c.a.f.b.a.c.i.HttpLogger : 41] - RequestHeader: 
{
  &quot;Accept&quot;: &quot;[application/json]&quot;,
  &quot;Content-Type&quot;: &quot;[application/json]&quot;
}
[INFO ] 04 Nov 13:09:08 [c.s.c.a.f.b.a.c.i.HttpLogger : 48] - RequestBody: 
{
  &quot;id&quot;: 0,
  &quot;category&quot;: {
    &quot;id&quot;: 0,
    &quot;name&quot;: &quot;Some Category&quot;
  },
  &quot;name&quot;: &quot;Doggie&quot;,
  &quot;photoUrls&quot;: [
    &quot;some.image.url&quot;
  ],
  &quot;tags&quot;: [
    {
      &quot;id&quot;: 0,
      &quot;name&quot;: &quot;Some Tag&quot;
    }
  ]
}
[INFO ] 04 Nov 13:09:09 [c.s.c.a.f.b.a.c.i.HttpLogger : 61] - ========================= Response ===========================================
[INFO ] 04 Nov 13:09:09 [c.s.c.a.f.b.a.c.i.HttpLogger : 66] - Status code : 200
[INFO ] 04 Nov 13:09:09 [c.s.c.a.f.b.a.c.i.HttpLogger : 75] - Response time: 1.21 sec
[INFO ] 04 Nov 13:09:09 [c.s.c.a.f.b.a.c.i.HttpLogger : 79] - ResponseBody: 
{
  &quot;id&quot;: 9223372000001156946,
  &quot;category&quot;: {
    &quot;id&quot;: 0,
    &quot;name&quot;: &quot;Some Category&quot;
  },
  &quot;name&quot;: &quot;Doggie&quot;,
  &quot;photoUrls&quot;: [
    &quot;some.image.url&quot;
  ],
  &quot;tags&quot;: [
    {
      &quot;id&quot;: 0,
      &quot;name&quot;: &quot;Some Tag&quot;
    }
  ]
}
</stdout>
          <failedSince>9</failedSince>
        </case>
        <case>
          <duration>1.189</duration>
          <className>com.sprite.cloud.automation.framework.api.petstorepet.PutPetTest</className>
          <testName>editPetSuccessfullyTest</testName>
          <skipped>false</skipped>
          <stdout>[INFO ] 04 Nov 13:09:09 [c.s.c.a.f.b.TestBase : 82] - Selenium Driver closed
[INFO ] 04 Nov 13:09:09 [c.s.c.a.f.b.TestBase : 40] - platformType: API
[INFO ] 04 Nov 13:09:09 [c.s.c.a.f.b.TestBase : 41] - browserName: CHROME
[INFO ] 04 Nov 13:09:09 [c.s.c.a.f.b.TestBase : 75] - API only tests
[INFO ] 04 Nov 13:09:09 [c.s.c.a.f.b.a.s.p.PetService : 86] - Requesting edit existing pet, expecting status code 200: Fluff Meister
[INFO ] 04 Nov 13:09:09 [c.s.c.a.f.b.a.c.i.HttpLogger : 39] - =============
...[truncated 1159 chars]...
er&quot;,
  &quot;photoUrls&quot;: [
    &quot;some.image.url.of.cool.pup&quot;
  ],
  &quot;tags&quot;: [
    {
      &quot;id&quot;: 55044,
      &quot;name&quot;: &quot;Dog&quot;
    }
  ],
  &quot;status&quot;: &quot;available&quot;
}
[INFO ] 04 Nov 13:09:10 [c.s.c.a.f.b.a.s.p.PetService : 95] - Running assertions for PUT Pet Request against Response: Fluff Meister
[INFO ] 04 Nov 13:09:10 [c.s.c.a.f.b.a.s.p.PetService : 126] - Trigger assertions
[INFO ] 04 Nov 13:09:10 [c.s.c.a.f.b.a.s.p.PetService : 129] - All assertions successful for POST Add Pet Request against Response
</stdout>
          <failedSince>0</failedSince>
        </case>
        <case>
          <duration>7.249</duration>
          <className>com.sprite.cloud.automation.framework.api.petstorepet.PostPetTest</className>
          <testName>addPetSuccessfullyTest</testName>
          <skipped>false</skipped>
          <stdout>13:14:33,711 |-INFO in ch.qos.logback.classic.LoggerContext[default] - Found resource [logback-test.xml] at [file:/var/jenkins_home/workspace/sc-automation-framework/target/test-classes/logback-test.xml]
13:14:34,053 |-INFO in ch.qos.logback.classic.joran.action.ConfigurationAction - debug attribute not set
13:14:34,055 |-INFO in ch.qos.logback.core.joran.action.AppenderAction - About to instantiate appender of type [ch.qos.logback.core.ConsoleAppender]
13:14:34,123 |-INFO in ch.qos.logback.core
...[truncated 3553 chars]...
ter&quot;,
  &quot;photoUrls&quot;: [
    &quot;some.image.url.of.cool.pup&quot;
  ],
  &quot;tags&quot;: [
    {
      &quot;id&quot;: 99760,
      &quot;name&quot;: &quot;Dog&quot;
    }
  ],
  &quot;status&quot;: &quot;available&quot;
}
[INFO ] 04 Nov 13:14:43 [c.s.c.a.f.b.a.s.p.PetService : 46] - Running assertions for POST Pet Request against Response: Fluff Meister
[INFO ] 04 Nov 13:14:43 [c.s.c.a.f.b.a.s.p.PetService : 77] - Trigger assertions
[INFO ] 04 Nov 13:14:43 [c.s.c.a.f.b.a.s.p.PetService : 80] - All assertions successful for POST Add Pet Request against Response
</stdout>
          <failedSince>0</failedSince>
        </case>
        <case>
          <duration>2.141</duration>
          <className>com.sprite.cloud.automation.framework.api.petstorepet.PostPetTest</className>
          <testName>addPetUnsuccessfullyTest</testName>
          <skipped>false</skipped>
          <errorStackTrace>java.lang.AssertionError: Unable to unsuccessfully add new pet: Doggie expected [400] but
              found [200]
              at
              com.sprite.cloud.automation.framework.api.petstorepet.PostPetTest.addPetUnsuccessfullyTest(PostPetTest.java:59)
          </errorStackTrace>
          <errorDetails>Unable to unsuccessfully add new pet: Doggie expected [400] but found [200]</errorDetails>
          <stdout>[INFO ] 04 Nov 13:14:43 [c.s.c.a.f.b.a.s.p.PetService : 37] - Requesting add new pet, expecting exception with status code 400: Doggie
[INFO ] 04 Nov 13:14:43 [c.s.c.a.f.b.a.c.i.HttpLogger : 39] - ========================== Request =========================================
[INFO ] 04 Nov 13:14:43 [c.s.c.a.f.b.a.c.i.HttpLogger : 40] - Request: POST -&gt;https://petstore.swagger.io/v2/pet
[INFO ] 04 Nov 13:14:43 [c.s.c.a.f.b.a.c.i.HttpLogger : 41] - RequestHeader: 
{
  &quot;Accept&quot;: &quot;[application/json]&quot;,
  &quot;Content-Type&quot;: &quot;[application/json]&quot;
}
[INFO ] 04 Nov 13:14:43 [c.s.c.a.f.b.a.c.i.HttpLogger : 48] - RequestBody: 
{
  &quot;id&quot;: 0,
  &quot;category&quot;: {
    &quot;id&quot;: 0,
    &quot;name&quot;: &quot;Some Category&quot;
  },
  &quot;name&quot;: &quot;Doggie&quot;,
  &quot;photoUrls&quot;: [
    &quot;some.image.url&quot;
  ],
  &quot;tags&quot;: [
    {
      &quot;id&quot;: 0,
      &quot;name&quot;: &quot;Some Tag&quot;
    }
  ]
}
[INFO ] 04 Nov 13:14:45 [c.s.c.a.f.b.a.c.i.HttpLogger : 61] - ========================= Response ===========================================
[INFO ] 04 Nov 13:14:45 [c.s.c.a.f.b.a.c.i.HttpLogger : 66] - Status code : 200
[INFO ] 04 Nov 13:14:45 [c.s.c.a.f.b.a.c.i.HttpLogger : 75] - Response time: 1.94 sec
[INFO ] 04 Nov 13:14:45 [c.s.c.a.f.b.a.c.i.HttpLogger : 79] - ResponseBody: 
{
  &quot;id&quot;: 9223372000001156965,
  &quot;category&quot;: {
    &quot;id&quot;: 0,
    &quot;name&quot;: &quot;Some Category&quot;
  },
  &quot;name&quot;: &quot;Doggie&quot;,
  &quot;photoUrls&quot;: [
    &quot;some.image.url&quot;
  ],
  &quot;tags&quot;: [
    {
      &quot;id&quot;: 0,
      &quot;name&quot;: &quot;Some Tag&quot;
    }
  ]
}
</stdout>
          <failedSince>9</failedSince>
        </case>
        <case>
          <duration>2.008</duration>
          <className>com.sprite.cloud.automation.framework.api.petstorepet.PutPetTest</className>
          <testName>editPetSuccessfullyTest</testName>
          <skipped>false</skipped>
          <stdout>[INFO ] 04 Nov 13:14:45 [c.s.c.a.f.b.TestBase : 82] - Selenium Driver closed
[INFO ] 04 Nov 13:14:45 [c.s.c.a.f.b.TestBase : 40] - platformType: API
[INFO ] 04 Nov 13:14:45 [c.s.c.a.f.b.TestBase : 41] - browserName: CHROME
[INFO ] 04 Nov 13:14:45 [c.s.c.a.f.b.TestBase : 75] - API only tests
[INFO ] 04 Nov 13:14:45 [c.s.c.a.f.b.a.s.p.PetService : 86] - Requesting edit existing pet, expecting status code 200: Fluff Meister
[INFO ] 04 Nov 13:14:45 [c.s.c.a.f.b.a.c.i.HttpLogger : 39] - =============
...[truncated 1159 chars]...
er&quot;,
  &quot;photoUrls&quot;: [
    &quot;some.image.url.of.cool.pup&quot;
  ],
  &quot;tags&quot;: [
    {
      &quot;id&quot;: 30188,
      &quot;name&quot;: &quot;Dog&quot;
    }
  ],
  &quot;status&quot;: &quot;available&quot;
}
[INFO ] 04 Nov 13:14:47 [c.s.c.a.f.b.a.s.p.PetService : 95] - Running assertions for PUT Pet Request against Response: Fluff Meister
[INFO ] 04 Nov 13:14:47 [c.s.c.a.f.b.a.s.p.PetService : 126] - Trigger assertions
[INFO ] 04 Nov 13:14:47 [c.s.c.a.f.b.a.s.p.PetService : 129] - All assertions successful for POST Add Pet Request against Response
</stdout>
          <failedSince>0</failedSince>
        </case>
        <case>
          <duration>6.421</duration>
          <className>com.sprite.cloud.automation.framework.api.petstorepet.PostPetTest</className>
          <testName>addPetSuccessfullyTest</testName>
          <skipped>false</skipped>
          <stdout>13:24:27,748 |-INFO in ch.qos.logback.classic.LoggerContext[default] - Found resource [logback-test.xml] at [file:/var/jenkins_home/workspace/sc-automation-framework/target/test-classes/logback-test.xml]
13:24:27,794 |-INFO in ch.qos.logback.classic.joran.action.ConfigurationAction - debug attribute not set
13:24:27,795 |-INFO in ch.qos.logback.core.joran.action.AppenderAction - About to instantiate appender of type [ch.qos.logback.core.ConsoleAppender]
13:24:27,800 |-INFO in ch.qos.logback.core
...[truncated 3553 chars]...
ter&quot;,
  &quot;photoUrls&quot;: [
    &quot;some.image.url.of.cool.pup&quot;
  ],
  &quot;tags&quot;: [
    {
      &quot;id&quot;: 72691,
      &quot;name&quot;: &quot;Dog&quot;
    }
  ],
  &quot;status&quot;: &quot;available&quot;
}
[INFO ] 04 Nov 13:24:34 [c.s.c.a.f.b.a.s.p.PetService : 46] - Running assertions for POST Pet Request against Response: Fluff Meister
[INFO ] 04 Nov 13:24:34 [c.s.c.a.f.b.a.s.p.PetService : 77] - Trigger assertions
[INFO ] 04 Nov 13:24:34 [c.s.c.a.f.b.a.s.p.PetService : 80] - All assertions successful for POST Add Pet Request against Response
</stdout>
          <failedSince>0</failedSince>
        </case>
        <case>
          <duration>1.277</duration>
          <className>com.sprite.cloud.automation.framework.api.petstorepet.PostPetTest</className>
          <testName>addPetUnsuccessfullyTest</testName>
          <skipped>false</skipped>
          <errorStackTrace>java.lang.AssertionError: Unable to unsuccessfully add new pet: Doggie expected [400] but
              found [200]
              at
              com.sprite.cloud.automation.framework.api.petstorepet.PostPetTest.addPetUnsuccessfullyTest(PostPetTest.java:59)
          </errorStackTrace>
          <errorDetails>Unable to unsuccessfully add new pet: Doggie expected [400] but found [200]</errorDetails>
          <stdout>[INFO ] 04 Nov 13:24:34 [c.s.c.a.f.b.a.s.p.PetService : 37] - Requesting add new pet, expecting exception with status code 400: Doggie
[INFO ] 04 Nov 13:24:34 [c.s.c.a.f.b.a.c.i.HttpLogger : 39] - ========================== Request =========================================
[INFO ] 04 Nov 13:24:34 [c.s.c.a.f.b.a.c.i.HttpLogger : 40] - Request: POST -&gt;https://petstore.swagger.io/v2/pet
[INFO ] 04 Nov 13:24:34 [c.s.c.a.f.b.a.c.i.HttpLogger : 41] - RequestHeader: 
{
  &quot;Accept&quot;: &quot;[application/json]&quot;,
  &quot;Content-Type&quot;: &quot;[application/json]&quot;
}
[INFO ] 04 Nov 13:24:34 [c.s.c.a.f.b.a.c.i.HttpLogger : 48] - RequestBody: 
{
  &quot;id&quot;: 0,
  &quot;category&quot;: {
    &quot;id&quot;: 0,
    &quot;name&quot;: &quot;Some Category&quot;
  },
  &quot;name&quot;: &quot;Doggie&quot;,
  &quot;photoUrls&quot;: [
    &quot;some.image.url&quot;
  ],
  &quot;tags&quot;: [
    {
      &quot;id&quot;: 0,
      &quot;name&quot;: &quot;Some Tag&quot;
    }
  ]
}
[INFO ] 04 Nov 13:24:35 [c.s.c.a.f.b.a.c.i.HttpLogger : 61] - ========================= Response ===========================================
[INFO ] 04 Nov 13:24:35 [c.s.c.a.f.b.a.c.i.HttpLogger : 66] - Status code : 200
[INFO ] 04 Nov 13:24:35 [c.s.c.a.f.b.a.c.i.HttpLogger : 75] - Response time: 1.26 sec
[INFO ] 04 Nov 13:24:35 [c.s.c.a.f.b.a.c.i.HttpLogger : 79] - ResponseBody: 
{
  &quot;id&quot;: 9223372000001157008,
  &quot;category&quot;: {
    &quot;id&quot;: 0,
    &quot;name&quot;: &quot;Some Category&quot;
  },
  &quot;name&quot;: &quot;Doggie&quot;,
  &quot;photoUrls&quot;: [
    &quot;some.image.url&quot;
  ],
  &quot;tags&quot;: [
    {
      &quot;id&quot;: 0,
      &quot;name&quot;: &quot;Some Tag&quot;
    }
  ]
}
</stdout>
          <failedSince>9</failedSince>
        </case>
        <case>
          <duration>1.25</duration>
          <className>com.sprite.cloud.automation.framework.api.petstorepet.PutPetTest</className>
          <testName>editPetSuccessfullyTest</testName>
          <skipped>false</skipped>
          <stdout>[INFO ] 04 Nov 13:24:35 [c.s.c.a.f.b.TestBase : 82] - Selenium Driver closed
[INFO ] 04 Nov 13:24:35 [c.s.c.a.f.b.TestBase : 40] - platformType: API
[INFO ] 04 Nov 13:24:35 [c.s.c.a.f.b.TestBase : 41] - browserName: CHROME
[INFO ] 04 Nov 13:24:35 [c.s.c.a.f.b.TestBase : 75] - API only tests
[INFO ] 04 Nov 13:24:35 [c.s.c.a.f.b.a.s.p.PetService : 86] - Requesting edit existing pet, expecting status code 200: Fluff Meister
[INFO ] 04 Nov 13:24:35 [c.s.c.a.f.b.a.c.i.HttpLogger : 39] - =============
...[truncated 1159 chars]...
er&quot;,
  &quot;photoUrls&quot;: [
    &quot;some.image.url.of.cool.pup&quot;
  ],
  &quot;tags&quot;: [
    {
      &quot;id&quot;: 12415,
      &quot;name&quot;: &quot;Dog&quot;
    }
  ],
  &quot;status&quot;: &quot;available&quot;
}
[INFO ] 04 Nov 13:24:36 [c.s.c.a.f.b.a.s.p.PetService : 95] - Running assertions for PUT Pet Request against Response: Fluff Meister
[INFO ] 04 Nov 13:24:36 [c.s.c.a.f.b.a.s.p.PetService : 126] - Trigger assertions
[INFO ] 04 Nov 13:24:36 [c.s.c.a.f.b.a.s.p.PetService : 129] - All assertions successful for POST Add Pet Request against Response
</stdout>
          <failedSince>0</failedSince>
        </case>
        <case>
          <duration>22.404</duration>
          <className>com.sprite.cloud.automation.framework.api.petstorepet.PostPetTest</className>
          <testName>addPetSuccessfullyTest</testName>
          <skipped>false</skipped>
          <stdout>13:25:17,180 |-INFO in ch.qos.logback.classic.LoggerContext[default] - Found resource [logback-test.xml] at [file:/var/jenkins_home/workspace/sc-automation-framework/target/test-classes/logback-test.xml]
13:25:17,227 |-INFO in ch.qos.logback.classic.joran.action.ConfigurationAction - debug attribute not set
13:25:17,228 |-INFO in ch.qos.logback.core.joran.action.AppenderAction - About to instantiate appender of type [ch.qos.logback.core.ConsoleAppender]
13:25:17,233 |-INFO in ch.qos.logback.core
...[truncated 3554 chars]...
ter&quot;,
  &quot;photoUrls&quot;: [
    &quot;some.image.url.of.cool.pup&quot;
  ],
  &quot;tags&quot;: [
    {
      &quot;id&quot;: 49827,
      &quot;name&quot;: &quot;Dog&quot;
    }
  ],
  &quot;status&quot;: &quot;available&quot;
}
[INFO ] 04 Nov 13:25:39 [c.s.c.a.f.b.a.s.p.PetService : 46] - Running assertions for POST Pet Request against Response: Fluff Meister
[INFO ] 04 Nov 13:25:39 [c.s.c.a.f.b.a.s.p.PetService : 77] - Trigger assertions
[INFO ] 04 Nov 13:25:39 [c.s.c.a.f.b.a.s.p.PetService : 80] - All assertions successful for POST Add Pet Request against Response
</stdout>
          <failedSince>0</failedSince>
        </case>
        <case>
          <duration>1.754</duration>
          <className>com.sprite.cloud.automation.framework.api.petstorepet.PostPetTest</className>
          <testName>addPetUnsuccessfullyTest</testName>
          <skipped>false</skipped>
          <errorStackTrace>java.lang.AssertionError: Unable to unsuccessfully add new pet: Doggie expected [400] but
              found [200]
              at
              com.sprite.cloud.automation.framework.api.petstorepet.PostPetTest.addPetUnsuccessfullyTest(PostPetTest.java:59)
          </errorStackTrace>
          <errorDetails>Unable to unsuccessfully add new pet: Doggie expected [400] but found [200]</errorDetails>
          <stdout>[INFO ] 04 Nov 13:25:39 [c.s.c.a.f.b.a.s.p.PetService : 37] - Requesting add new pet, expecting exception with status code 400: Doggie
[INFO ] 04 Nov 13:25:39 [c.s.c.a.f.b.a.c.i.HttpLogger : 39] - ========================== Request =========================================
[INFO ] 04 Nov 13:25:39 [c.s.c.a.f.b.a.c.i.HttpLogger : 40] - Request: POST -&gt;https://petstore.swagger.io/v2/pet
[INFO ] 04 Nov 13:25:39 [c.s.c.a.f.b.a.c.i.HttpLogger : 41] - RequestHeader: 
{
  &quot;Accept&quot;: &quot;[application/json]&quot;,
  &quot;Content-Type&quot;: &quot;[application/json]&quot;
}
[INFO ] 04 Nov 13:25:39 [c.s.c.a.f.b.a.c.i.HttpLogger : 48] - RequestBody: 
{
  &quot;id&quot;: 0,
  &quot;category&quot;: {
    &quot;id&quot;: 0,
    &quot;name&quot;: &quot;Some Category&quot;
  },
  &quot;name&quot;: &quot;Doggie&quot;,
  &quot;photoUrls&quot;: [
    &quot;some.image.url&quot;
  ],
  &quot;tags&quot;: [
    {
      &quot;id&quot;: 0,
      &quot;name&quot;: &quot;Some Tag&quot;
    }
  ]
}
[INFO ] 04 Nov 13:25:41 [c.s.c.a.f.b.a.c.i.HttpLogger : 61] - ========================= Response ===========================================
[INFO ] 04 Nov 13:25:41 [c.s.c.a.f.b.a.c.i.HttpLogger : 66] - Status code : 200
[INFO ] 04 Nov 13:25:41 [c.s.c.a.f.b.a.c.i.HttpLogger : 75] - Response time: 1.61 sec
[INFO ] 04 Nov 13:25:41 [c.s.c.a.f.b.a.c.i.HttpLogger : 79] - ResponseBody: 
{
  &quot;id&quot;: 9223372000001157008,
  &quot;category&quot;: {
    &quot;id&quot;: 0,
    &quot;name&quot;: &quot;Some Category&quot;
  },
  &quot;name&quot;: &quot;Doggie&quot;,
  &quot;photoUrls&quot;: [
    &quot;some.image.url&quot;
  ],
  &quot;tags&quot;: [
    {
      &quot;id&quot;: 0,
      &quot;name&quot;: &quot;Some Tag&quot;
    }
  ]
}
</stdout>
          <failedSince>9</failedSince>
        </case>
        <case>
          <duration>3.775</duration>
          <className>com.sprite.cloud.automation.framework.api.petstorepet.PutPetTest</className>
          <testName>editPetSuccessfullyTest</testName>
          <skipped>false</skipped>
          <stdout>[INFO ] 04 Nov 13:25:41 [c.s.c.a.f.b.TestBase : 82] - Selenium Driver closed
[INFO ] 04 Nov 13:25:41 [c.s.c.a.f.b.TestBase : 40] - platformType: API
[INFO ] 04 Nov 13:25:41 [c.s.c.a.f.b.TestBase : 41] - browserName: CHROME
[INFO ] 04 Nov 13:25:41 [c.s.c.a.f.b.TestBase : 75] - API only tests
[INFO ] 04 Nov 13:25:41 [c.s.c.a.f.b.a.s.p.PetService : 86] - Requesting edit existing pet, expecting status code 200: Fluff Meister
[INFO ] 04 Nov 13:25:41 [c.s.c.a.f.b.a.c.i.HttpLogger : 39] - =============
...[truncated 1155 chars]...
ter&quot;,
  &quot;photoUrls&quot;: [
    &quot;some.image.url.of.cool.pup&quot;
  ],
  &quot;tags&quot;: [
    {
      &quot;id&quot;: 6700,
      &quot;name&quot;: &quot;Dog&quot;
    }
  ],
  &quot;status&quot;: &quot;available&quot;
}
[INFO ] 04 Nov 13:25:45 [c.s.c.a.f.b.a.s.p.PetService : 95] - Running assertions for PUT Pet Request against Response: Fluff Meister
[INFO ] 04 Nov 13:25:45 [c.s.c.a.f.b.a.s.p.PetService : 126] - Trigger assertions
[INFO ] 04 Nov 13:25:45 [c.s.c.a.f.b.a.s.p.PetService : 129] - All assertions successful for POST Add Pet Request against Response
</stdout>
          <failedSince>0</failedSince>
        </case>
        <case>
          <duration>2.31</duration>
          <className>com.sprite.cloud.automation.framework.api.petstorepet.PostPetTest</className>
          <testName>addPetSuccessfullyTest</testName>
          <skipped>false</skipped>
          <stdout>13:59:00,912 |-INFO in ch.qos.logback.classic.LoggerContext[default] - Found resource [logback-test.xml] at [file:/var/jenkins_home/workspace/sc-automation-framework/target/test-classes/logback-test.xml]
13:59:00,939 |-INFO in ch.qos.logback.classic.joran.action.ConfigurationAction - debug attribute not set
13:59:00,940 |-INFO in ch.qos.logback.core.joran.action.AppenderAction - About to instantiate appender of type [ch.qos.logback.core.ConsoleAppender]
13:59:00,945 |-INFO in ch.qos.logback.core
...[truncated 3551 chars]...
ter&quot;,
  &quot;photoUrls&quot;: [
    &quot;some.image.url.of.cool.pup&quot;
  ],
  &quot;tags&quot;: [
    {
      &quot;id&quot;: 45470,
      &quot;name&quot;: &quot;Dog&quot;
    }
  ],
  &quot;status&quot;: &quot;available&quot;
}
[INFO ] 04 Nov 13:59:03 [c.s.c.a.f.b.a.s.p.PetService : 46] - Running assertions for POST Pet Request against Response: Fluff Meister
[INFO ] 04 Nov 13:59:03 [c.s.c.a.f.b.a.s.p.PetService : 77] - Trigger assertions
[INFO ] 04 Nov 13:59:03 [c.s.c.a.f.b.a.s.p.PetService : 80] - All assertions successful for POST Add Pet Request against Response
</stdout>
          <failedSince>0</failedSince>
        </case>
        <case>
          <duration>1.538</duration>
          <className>com.sprite.cloud.automation.framework.api.petstorepet.PostPetTest</className>
          <testName>addPetUnsuccessfullyTest</testName>
          <skipped>false</skipped>
          <errorStackTrace>java.lang.AssertionError: Unable to unsuccessfully add new pet: Doggie expected [400] but
              found [200]
              at
              com.sprite.cloud.automation.framework.api.petstorepet.PostPetTest.addPetUnsuccessfullyTest(PostPetTest.java:59)
          </errorStackTrace>
          <errorDetails>Unable to unsuccessfully add new pet: Doggie expected [400] but found [200]</errorDetails>
          <stdout>[INFO ] 04 Nov 13:59:03 [c.s.c.a.f.b.a.s.p.PetService : 37] - Requesting add new pet, expecting exception with status code 400: Doggie
[INFO ] 04 Nov 13:59:03 [c.s.c.a.f.b.a.c.i.HttpLogger : 39] - ========================== Request =========================================
[INFO ] 04 Nov 13:59:03 [c.s.c.a.f.b.a.c.i.HttpLogger : 40] - Request: POST -&gt;https://petstore.swagger.io/v2/pet
[INFO ] 04 Nov 13:59:03 [c.s.c.a.f.b.a.c.i.HttpLogger : 41] - RequestHeader: 
{
  &quot;Accept&quot;: &quot;[application/json]&quot;,
  &quot;Content-Type&quot;: &quot;[application/json]&quot;
}
[INFO ] 04 Nov 13:59:03 [c.s.c.a.f.b.a.c.i.HttpLogger : 48] - RequestBody: 
{
  &quot;id&quot;: 0,
  &quot;category&quot;: {
    &quot;id&quot;: 0,
    &quot;name&quot;: &quot;Some Category&quot;
  },
  &quot;name&quot;: &quot;Doggie&quot;,
  &quot;photoUrls&quot;: [
    &quot;some.image.url&quot;
  ],
  &quot;tags&quot;: [
    {
      &quot;id&quot;: 0,
      &quot;name&quot;: &quot;Some Tag&quot;
    }
  ]
}
[INFO ] 04 Nov 13:59:04 [c.s.c.a.f.b.a.c.i.HttpLogger : 61] - ========================= Response ===========================================
[INFO ] 04 Nov 13:59:04 [c.s.c.a.f.b.a.c.i.HttpLogger : 66] - Status code : 200
[INFO ] 04 Nov 13:59:04 [c.s.c.a.f.b.a.c.i.HttpLogger : 75] - Response time: 1.50 sec
[INFO ] 04 Nov 13:59:04 [c.s.c.a.f.b.a.c.i.HttpLogger : 79] - ResponseBody: 
{
  &quot;id&quot;: 9223372000001157159,
  &quot;category&quot;: {
    &quot;id&quot;: 0,
    &quot;name&quot;: &quot;Some Category&quot;
  },
  &quot;name&quot;: &quot;Doggie&quot;,
  &quot;photoUrls&quot;: [
    &quot;some.image.url&quot;
  ],
  &quot;tags&quot;: [
    {
      &quot;id&quot;: 0,
      &quot;name&quot;: &quot;Some Tag&quot;
    }
  ]
}
</stdout>
          <failedSince>9</failedSince>
        </case>
        <case>
          <duration>1.505</duration>
          <className>com.sprite.cloud.automation.framework.api.petstorepet.PutPetTest</className>
          <testName>editPetSuccessfullyTest</testName>
          <skipped>false</skipped>
          <stdout>[INFO ] 04 Nov 13:59:04 [c.s.c.a.f.b.TestBase : 82] - Selenium Driver closed
[INFO ] 04 Nov 13:59:04 [c.s.c.a.f.b.TestBase : 40] - platformType: API
[INFO ] 04 Nov 13:59:04 [c.s.c.a.f.b.TestBase : 41] - browserName: CHROME
[INFO ] 04 Nov 13:59:04 [c.s.c.a.f.b.TestBase : 75] - API only tests
[INFO ] 04 Nov 13:59:04 [c.s.c.a.f.b.a.s.p.PetService : 86] - Requesting edit existing pet, expecting status code 200: Fluff Meister
[INFO ] 04 Nov 13:59:04 [c.s.c.a.f.b.a.c.i.HttpLogger : 39] - =============
...[truncated 1157 chars]...
ter&quot;,
  &quot;photoUrls&quot;: [
    &quot;some.image.url.of.cool.pup&quot;
  ],
  &quot;tags&quot;: [
    {
      &quot;id&quot;: 8635,
      &quot;name&quot;: &quot;Dog&quot;
    }
  ],
  &quot;status&quot;: &quot;available&quot;
}
[INFO ] 04 Nov 13:59:06 [c.s.c.a.f.b.a.s.p.PetService : 95] - Running assertions for PUT Pet Request against Response: Fluff Meister
[INFO ] 04 Nov 13:59:06 [c.s.c.a.f.b.a.s.p.PetService : 126] - Trigger assertions
[INFO ] 04 Nov 13:59:06 [c.s.c.a.f.b.a.s.p.PetService : 129] - All assertions successful for POST Add Pet Request against Response
</stdout>
          <failedSince>0</failedSince>
        </case>
        <case>
          <duration>2.211</duration>
          <className>com.sprite.cloud.automation.framework.api.petstorepet.PostPetTest</className>
          <testName>addPetSuccessfullyTest</testName>
          <skipped>false</skipped>
          <stdout>14:24:09,946 |-INFO in ch.qos.logback.classic.LoggerContext[default] - Found resource [logback-test.xml] at [file:/var/jenkins_home/workspace/sc-automation-framework/target/test-classes/logback-test.xml]
14:24:09,970 |-INFO in ch.qos.logback.classic.joran.action.ConfigurationAction - debug attribute not set
14:24:09,970 |-INFO in ch.qos.logback.core.joran.action.AppenderAction - About to instantiate appender of type [ch.qos.logback.core.ConsoleAppender]
14:24:09,975 |-INFO in ch.qos.logback.core
...[truncated 3553 chars]...
ter&quot;,
  &quot;photoUrls&quot;: [
    &quot;some.image.url.of.cool.pup&quot;
  ],
  &quot;tags&quot;: [
    {
      &quot;id&quot;: 87882,
      &quot;name&quot;: &quot;Dog&quot;
    }
  ],
  &quot;status&quot;: &quot;available&quot;
}
[INFO ] 04 Nov 14:24:12 [c.s.c.a.f.b.a.s.p.PetService : 46] - Running assertions for POST Pet Request against Response: Fluff Meister
[INFO ] 04 Nov 14:24:12 [c.s.c.a.f.b.a.s.p.PetService : 77] - Trigger assertions
[INFO ] 04 Nov 14:24:12 [c.s.c.a.f.b.a.s.p.PetService : 80] - All assertions successful for POST Add Pet Request against Response
</stdout>
          <failedSince>0</failedSince>
        </case>
        <case>
          <duration>1.504</duration>
          <className>com.sprite.cloud.automation.framework.api.petstorepet.PostPetTest</className>
          <testName>addPetUnsuccessfullyTest</testName>
          <skipped>false</skipped>
          <errorStackTrace>java.lang.AssertionError: Unable to unsuccessfully add new pet: Doggie expected [400] but
              found [200]
              at
              com.sprite.cloud.automation.framework.api.petstorepet.PostPetTest.addPetUnsuccessfullyTest(PostPetTest.java:59)
          </errorStackTrace>
          <errorDetails>Unable to unsuccessfully add new pet: Doggie expected [400] but found [200]</errorDetails>
          <stdout>[INFO ] 04 Nov 14:24:12 [c.s.c.a.f.b.a.s.p.PetService : 37] - Requesting add new pet, expecting exception with status code 400: Doggie
[INFO ] 04 Nov 14:24:12 [c.s.c.a.f.b.a.c.i.HttpLogger : 39] - ========================== Request =========================================
[INFO ] 04 Nov 14:24:12 [c.s.c.a.f.b.a.c.i.HttpLogger : 40] - Request: POST -&gt;https://petstore.swagger.io/v2/pet
[INFO ] 04 Nov 14:24:12 [c.s.c.a.f.b.a.c.i.HttpLogger : 41] - RequestHeader: 
{
  &quot;Accept&quot;: &quot;[application/json]&quot;,
  &quot;Content-Type&quot;: &quot;[application/json]&quot;
}
[INFO ] 04 Nov 14:24:12 [c.s.c.a.f.b.a.c.i.HttpLogger : 48] - RequestBody: 
{
  &quot;id&quot;: 0,
  &quot;category&quot;: {
    &quot;id&quot;: 0,
    &quot;name&quot;: &quot;Some Category&quot;
  },
  &quot;name&quot;: &quot;Doggie&quot;,
  &quot;photoUrls&quot;: [
    &quot;some.image.url&quot;
  ],
  &quot;tags&quot;: [
    {
      &quot;id&quot;: 0,
      &quot;name&quot;: &quot;Some Tag&quot;
    }
  ]
}
[INFO ] 04 Nov 14:24:13 [c.s.c.a.f.b.a.c.i.HttpLogger : 61] - ========================= Response ===========================================
[INFO ] 04 Nov 14:24:13 [c.s.c.a.f.b.a.c.i.HttpLogger : 66] - Status code : 200
[INFO ] 04 Nov 14:24:13 [c.s.c.a.f.b.a.c.i.HttpLogger : 75] - Response time: 1.48 sec
[INFO ] 04 Nov 14:24:13 [c.s.c.a.f.b.a.c.i.HttpLogger : 79] - ResponseBody: 
{
  &quot;id&quot;: 9223372000001157257,
  &quot;category&quot;: {
    &quot;id&quot;: 0,
    &quot;name&quot;: &quot;Some Category&quot;
  },
  &quot;name&quot;: &quot;Doggie&quot;,
  &quot;photoUrls&quot;: [
    &quot;some.image.url&quot;
  ],
  &quot;tags&quot;: [
    {
      &quot;id&quot;: 0,
      &quot;name&quot;: &quot;Some Tag&quot;
    }
  ]
}
</stdout>
          <failedSince>9</failedSince>
        </case>
        <case>
          <duration>1.702</duration>
          <className>com.sprite.cloud.automation.framework.api.petstorepet.PutPetTest</className>
          <testName>editPetSuccessfullyTest</testName>
          <skipped>false</skipped>
          <stdout>[INFO ] 04 Nov 14:24:13 [c.s.c.a.f.b.TestBase : 82] - Selenium Driver closed
[INFO ] 04 Nov 14:24:13 [c.s.c.a.f.b.TestBase : 40] - platformType: API
[INFO ] 04 Nov 14:24:13 [c.s.c.a.f.b.TestBase : 41] - browserName: CHROME
[INFO ] 04 Nov 14:24:13 [c.s.c.a.f.b.TestBase : 75] - API only tests
[INFO ] 04 Nov 14:24:13 [c.s.c.a.f.b.a.s.p.PetService : 86] - Requesting edit existing pet, expecting status code 200: Fluff Meister
[INFO ] 04 Nov 14:24:13 [c.s.c.a.f.b.a.c.i.HttpLogger : 39] - =============
...[truncated 1157 chars]...
er&quot;,
  &quot;photoUrls&quot;: [
    &quot;some.image.url.of.cool.pup&quot;
  ],
  &quot;tags&quot;: [
    {
      &quot;id&quot;: 25604,
      &quot;name&quot;: &quot;Dog&quot;
    }
  ],
  &quot;status&quot;: &quot;available&quot;
}
[INFO ] 04 Nov 14:24:15 [c.s.c.a.f.b.a.s.p.PetService : 95] - Running assertions for PUT Pet Request against Response: Fluff Meister
[INFO ] 04 Nov 14:24:15 [c.s.c.a.f.b.a.s.p.PetService : 126] - Trigger assertions
[INFO ] 04 Nov 14:24:15 [c.s.c.a.f.b.a.s.p.PetService : 129] - All assertions successful for POST Add Pet Request against Response
</stdout>
          <failedSince>0</failedSince>
        </case>
        <case>
          <duration>2.395</duration>
          <className>com.sprite.cloud.automation.framework.api.petstorepet.PostPetTest</className>
          <testName>addPetSuccessfullyTest</testName>
          <skipped>false</skipped>
          <stdout>14:28:20,527 |-INFO in ch.qos.logback.classic.LoggerContext[default] - Found resource [logback-test.xml] at [file:/var/jenkins_home/workspace/sc-automation-framework/target/test-classes/logback-test.xml]
14:28:20,551 |-INFO in ch.qos.logback.classic.joran.action.ConfigurationAction - debug attribute not set
14:28:20,552 |-INFO in ch.qos.logback.core.joran.action.AppenderAction - About to instantiate appender of type [ch.qos.logback.core.ConsoleAppender]
14:28:20,560 |-INFO in ch.qos.logback.core
...[truncated 3553 chars]...
ter&quot;,
  &quot;photoUrls&quot;: [
    &quot;some.image.url.of.cool.pup&quot;
  ],
  &quot;tags&quot;: [
    {
      &quot;id&quot;: 25547,
      &quot;name&quot;: &quot;Dog&quot;
    }
  ],
  &quot;status&quot;: &quot;available&quot;
}
[INFO ] 04 Nov 14:28:23 [c.s.c.a.f.b.a.s.p.PetService : 46] - Running assertions for POST Pet Request against Response: Fluff Meister
[INFO ] 04 Nov 14:28:23 [c.s.c.a.f.b.a.s.p.PetService : 77] - Trigger assertions
[INFO ] 04 Nov 14:28:23 [c.s.c.a.f.b.a.s.p.PetService : 80] - All assertions successful for POST Add Pet Request against Response
</stdout>
          <failedSince>0</failedSince>
        </case>
        <case>
          <duration>1.512</duration>
          <className>com.sprite.cloud.automation.framework.api.petstorepet.PostPetTest</className>
          <testName>addPetUnsuccessfullyTest</testName>
          <skipped>false</skipped>
          <errorStackTrace>java.lang.AssertionError: Unable to unsuccessfully add new pet: Doggie expected [400] but
              found [200]
              at
              com.sprite.cloud.automation.framework.api.petstorepet.PostPetTest.addPetUnsuccessfullyTest(PostPetTest.java:59)
          </errorStackTrace>
          <errorDetails>Unable to unsuccessfully add new pet: Doggie expected [400] but found [200]</errorDetails>
          <stdout>[INFO ] 04 Nov 14:28:23 [c.s.c.a.f.b.a.s.p.PetService : 37] - Requesting add new pet, expecting exception with status code 400: Doggie
[INFO ] 04 Nov 14:28:23 [c.s.c.a.f.b.a.c.i.HttpLogger : 39] - ========================== Request =========================================
[INFO ] 04 Nov 14:28:23 [c.s.c.a.f.b.a.c.i.HttpLogger : 40] - Request: POST -&gt;https://petstore.swagger.io/v2/pet
[INFO ] 04 Nov 14:28:23 [c.s.c.a.f.b.a.c.i.HttpLogger : 41] - RequestHeader: 
{
  &quot;Accept&quot;: &quot;[application/json]&quot;,
  &quot;Content-Type&quot;: &quot;[application/json]&quot;
}
[INFO ] 04 Nov 14:28:23 [c.s.c.a.f.b.a.c.i.HttpLogger : 48] - RequestBody: 
{
  &quot;id&quot;: 0,
  &quot;category&quot;: {
    &quot;id&quot;: 0,
    &quot;name&quot;: &quot;Some Category&quot;
  },
  &quot;name&quot;: &quot;Doggie&quot;,
  &quot;photoUrls&quot;: [
    &quot;some.image.url&quot;
  ],
  &quot;tags&quot;: [
    {
      &quot;id&quot;: 0,
      &quot;name&quot;: &quot;Some Tag&quot;
    }
  ]
}
[INFO ] 04 Nov 14:28:24 [c.s.c.a.f.b.a.c.i.HttpLogger : 61] - ========================= Response ===========================================
[INFO ] 04 Nov 14:28:24 [c.s.c.a.f.b.a.c.i.HttpLogger : 66] - Status code : 200
[INFO ] 04 Nov 14:28:24 [c.s.c.a.f.b.a.c.i.HttpLogger : 75] - Response time: 1.48 sec
[INFO ] 04 Nov 14:28:24 [c.s.c.a.f.b.a.c.i.HttpLogger : 79] - ResponseBody: 
{
  &quot;id&quot;: 9223372000001157273,
  &quot;category&quot;: {
    &quot;id&quot;: 0,
    &quot;name&quot;: &quot;Some Category&quot;
  },
  &quot;name&quot;: &quot;Doggie&quot;,
  &quot;photoUrls&quot;: [
    &quot;some.image.url&quot;
  ],
  &quot;tags&quot;: [
    {
      &quot;id&quot;: 0,
      &quot;name&quot;: &quot;Some Tag&quot;
    }
  ]
}
</stdout>
          <failedSince>9</failedSince>
        </case>
        <case>
          <duration>1.085</duration>
          <className>com.sprite.cloud.automation.framework.api.petstorepet.PutPetTest</className>
          <testName>editPetSuccessfullyTest</testName>
          <skipped>false</skipped>
          <stdout>[INFO ] 04 Nov 14:28:24 [c.s.c.a.f.b.TestBase : 82] - Selenium Driver closed
[INFO ] 04 Nov 14:28:24 [c.s.c.a.f.b.TestBase : 40] - platformType: API
[INFO ] 04 Nov 14:28:24 [c.s.c.a.f.b.TestBase : 41] - browserName: CHROME
[INFO ] 04 Nov 14:28:24 [c.s.c.a.f.b.TestBase : 75] - API only tests
[INFO ] 04 Nov 14:28:24 [c.s.c.a.f.b.a.s.p.PetService : 86] - Requesting edit existing pet, expecting status code 200: Fluff Meister
[INFO ] 04 Nov 14:28:24 [c.s.c.a.f.b.a.c.i.HttpLogger : 39] - =============
...[truncated 1159 chars]...
er&quot;,
  &quot;photoUrls&quot;: [
    &quot;some.image.url.of.cool.pup&quot;
  ],
  &quot;tags&quot;: [
    {
      &quot;id&quot;: 21944,
      &quot;name&quot;: &quot;Dog&quot;
    }
  ],
  &quot;status&quot;: &quot;available&quot;
}
[INFO ] 04 Nov 14:28:25 [c.s.c.a.f.b.a.s.p.PetService : 95] - Running assertions for PUT Pet Request against Response: Fluff Meister
[INFO ] 04 Nov 14:28:25 [c.s.c.a.f.b.a.s.p.PetService : 126] - Trigger assertions
[INFO ] 04 Nov 14:28:25 [c.s.c.a.f.b.a.s.p.PetService : 129] - All assertions successful for POST Add Pet Request against Response
</stdout>
          <failedSince>0</failedSince>
        </case>
        <case>
          <duration>2.44</duration>
          <className>com.sprite.cloud.automation.framework.api.petstorepet.PostPetTest</className>
          <testName>addPetSuccessfullyTest</testName>
          <skipped>false</skipped>
          <stdout>14:29:19,072 |-INFO in ch.qos.logback.classic.LoggerContext[default] - Found resource [logback-test.xml] at [file:/var/jenkins_home/workspace/sc-automation-framework/target/test-classes/logback-test.xml]
14:29:19,097 |-INFO in ch.qos.logback.classic.joran.action.ConfigurationAction - debug attribute not set
14:29:19,098 |-INFO in ch.qos.logback.core.joran.action.AppenderAction - About to instantiate appender of type [ch.qos.logback.core.ConsoleAppender]
14:29:19,102 |-INFO in ch.qos.logback.core
...[truncated 3551 chars]...
ter&quot;,
  &quot;photoUrls&quot;: [
    &quot;some.image.url.of.cool.pup&quot;
  ],
  &quot;tags&quot;: [
    {
      &quot;id&quot;: 53553,
      &quot;name&quot;: &quot;Dog&quot;
    }
  ],
  &quot;status&quot;: &quot;available&quot;
}
[INFO ] 04 Nov 14:29:21 [c.s.c.a.f.b.a.s.p.PetService : 46] - Running assertions for POST Pet Request against Response: Fluff Meister
[INFO ] 04 Nov 14:29:21 [c.s.c.a.f.b.a.s.p.PetService : 77] - Trigger assertions
[INFO ] 04 Nov 14:29:21 [c.s.c.a.f.b.a.s.p.PetService : 80] - All assertions successful for POST Add Pet Request against Response
</stdout>
          <failedSince>0</failedSince>
        </case>
        <case>
          <duration>1.322</duration>
          <className>com.sprite.cloud.automation.framework.api.petstorepet.PostPetTest</className>
          <testName>addPetUnsuccessfullyTest</testName>
          <skipped>false</skipped>
          <errorStackTrace>java.lang.AssertionError: Unable to unsuccessfully add new pet: Doggie expected [400] but
              found [200]
              at
              com.sprite.cloud.automation.framework.api.petstorepet.PostPetTest.addPetUnsuccessfullyTest(PostPetTest.java:59)
          </errorStackTrace>
          <errorDetails>Unable to unsuccessfully add new pet: Doggie expected [400] but found [200]</errorDetails>
          <stdout>[INFO ] 04 Nov 14:29:21 [c.s.c.a.f.b.a.s.p.PetService : 37] - Requesting add new pet, expecting exception with status code 400: Doggie
[INFO ] 04 Nov 14:29:21 [c.s.c.a.f.b.a.c.i.HttpLogger : 39] - ========================== Request =========================================
[INFO ] 04 Nov 14:29:21 [c.s.c.a.f.b.a.c.i.HttpLogger : 40] - Request: POST -&gt;https://petstore.swagger.io/v2/pet
[INFO ] 04 Nov 14:29:21 [c.s.c.a.f.b.a.c.i.HttpLogger : 41] - RequestHeader: 
{
  &quot;Accept&quot;: &quot;[application/json]&quot;,
  &quot;Content-Type&quot;: &quot;[application/json]&quot;
}
[INFO ] 04 Nov 14:29:21 [c.s.c.a.f.b.a.c.i.HttpLogger : 48] - RequestBody: 
{
  &quot;id&quot;: 0,
  &quot;category&quot;: {
    &quot;id&quot;: 0,
    &quot;name&quot;: &quot;Some Category&quot;
  },
  &quot;name&quot;: &quot;Doggie&quot;,
  &quot;photoUrls&quot;: [
    &quot;some.image.url&quot;
  ],
  &quot;tags&quot;: [
    {
      &quot;id&quot;: 0,
      &quot;name&quot;: &quot;Some Tag&quot;
    }
  ]
}
[INFO ] 04 Nov 14:29:22 [c.s.c.a.f.b.a.c.i.HttpLogger : 61] - ========================= Response ===========================================
[INFO ] 04 Nov 14:29:22 [c.s.c.a.f.b.a.c.i.HttpLogger : 66] - Status code : 200
[INFO ] 04 Nov 14:29:22 [c.s.c.a.f.b.a.c.i.HttpLogger : 75] - Response time: 1.29 sec
[INFO ] 04 Nov 14:29:22 [c.s.c.a.f.b.a.c.i.HttpLogger : 79] - ResponseBody: 
{
  &quot;id&quot;: 9223372000001157278,
  &quot;category&quot;: {
    &quot;id&quot;: 0,
    &quot;name&quot;: &quot;Some Category&quot;
  },
  &quot;name&quot;: &quot;Doggie&quot;,
  &quot;photoUrls&quot;: [
    &quot;some.image.url&quot;
  ],
  &quot;tags&quot;: [
    {
      &quot;id&quot;: 0,
      &quot;name&quot;: &quot;Some Tag&quot;
    }
  ]
}
</stdout>
          <failedSince>9</failedSince>
        </case>
        <case>
          <duration>1.492</duration>
          <className>com.sprite.cloud.automation.framework.api.petstorepet.PutPetTest</className>
          <testName>editPetSuccessfullyTest</testName>
          <skipped>false</skipped>
          <stdout>[INFO ] 04 Nov 14:29:22 [c.s.c.a.f.b.TestBase : 82] - Selenium Driver closed
[INFO ] 04 Nov 14:29:23 [c.s.c.a.f.b.TestBase : 40] - platformType: API
[INFO ] 04 Nov 14:29:23 [c.s.c.a.f.b.TestBase : 41] - browserName: CHROME
[INFO ] 04 Nov 14:29:23 [c.s.c.a.f.b.TestBase : 75] - API only tests
[INFO ] 04 Nov 14:29:23 [c.s.c.a.f.b.a.s.p.PetService : 86] - Requesting edit existing pet, expecting status code 200: Fluff Meister
[INFO ] 04 Nov 14:29:23 [c.s.c.a.f.b.a.c.i.HttpLogger : 39] - =============
...[truncated 1159 chars]...
er&quot;,
  &quot;photoUrls&quot;: [
    &quot;some.image.url.of.cool.pup&quot;
  ],
  &quot;tags&quot;: [
    {
      &quot;id&quot;: 87800,
      &quot;name&quot;: &quot;Dog&quot;
    }
  ],
  &quot;status&quot;: &quot;available&quot;
}
[INFO ] 04 Nov 14:29:24 [c.s.c.a.f.b.a.s.p.PetService : 95] - Running assertions for PUT Pet Request against Response: Fluff Meister
[INFO ] 04 Nov 14:29:24 [c.s.c.a.f.b.a.s.p.PetService : 126] - Trigger assertions
[INFO ] 04 Nov 14:29:24 [c.s.c.a.f.b.a.s.p.PetService : 129] - All assertions successful for POST Add Pet Request against Response
</stdout>
          <failedSince>0</failedSince>
        </case>
        <case>
          <duration>2.304</duration>
          <className>com.sprite.cloud.automation.framework.api.petstorepet.PostPetTest</className>
          <testName>addPetSuccessfullyTest</testName>
          <skipped>false</skipped>
          <stdout>15:31:50,305 |-INFO in ch.qos.logback.classic.LoggerContext[default] - Found resource [logback-test.xml] at [file:/var/jenkins_home/workspace/sc-automation-framework/target/test-classes/logback-test.xml]
15:31:50,327 |-INFO in ch.qos.logback.classic.joran.action.ConfigurationAction - debug attribute not set
15:31:50,327 |-INFO in ch.qos.logback.core.joran.action.AppenderAction - About to instantiate appender of type [ch.qos.logback.core.ConsoleAppender]
15:31:50,331 |-INFO in ch.qos.logback.core
...[truncated 3551 chars]...
ster&quot;,
  &quot;photoUrls&quot;: [
    &quot;some.image.url.of.cool.pup&quot;
  ],
  &quot;tags&quot;: [
    {
      &quot;id&quot;: 5164,
      &quot;name&quot;: &quot;Dog&quot;
    }
  ],
  &quot;status&quot;: &quot;available&quot;
}
[INFO ] 04 Nov 15:31:52 [c.s.c.a.f.b.a.s.p.PetService : 46] - Running assertions for POST Pet Request against Response: Fluff Meister
[INFO ] 04 Nov 15:31:52 [c.s.c.a.f.b.a.s.p.PetService : 77] - Trigger assertions
[INFO ] 04 Nov 15:31:52 [c.s.c.a.f.b.a.s.p.PetService : 80] - All assertions successful for POST Add Pet Request against Response
</stdout>
          <failedSince>0</failedSince>
        </case>
        <case>
          <duration>1.61</duration>
          <className>com.sprite.cloud.automation.framework.api.petstorepet.PostPetTest</className>
          <testName>addPetUnsuccessfullyTest</testName>
          <skipped>false</skipped>
          <errorStackTrace>java.lang.AssertionError: Unable to unsuccessfully add new pet: Doggie expected [400] but
              found [200]
              at
              com.sprite.cloud.automation.framework.api.petstorepet.PostPetTest.addPetUnsuccessfullyTest(PostPetTest.java:59)
          </errorStackTrace>
          <errorDetails>Unable to unsuccessfully add new pet: Doggie expected [400] but found [200]</errorDetails>
          <stdout>[INFO ] 04 Nov 15:31:52 [c.s.c.a.f.b.a.s.p.PetService : 37] - Requesting add new pet, expecting exception with status code 400: Doggie
[INFO ] 04 Nov 15:31:52 [c.s.c.a.f.b.a.c.i.HttpLogger : 39] - ========================== Request =========================================
[INFO ] 04 Nov 15:31:52 [c.s.c.a.f.b.a.c.i.HttpLogger : 40] - Request: POST -&gt;https://petstore.swagger.io/v2/pet
[INFO ] 04 Nov 15:31:52 [c.s.c.a.f.b.a.c.i.HttpLogger : 41] - RequestHeader: 
{
  &quot;Accept&quot;: &quot;[application/json]&quot;,
  &quot;Content-Type&quot;: &quot;[application/json]&quot;
}
[INFO ] 04 Nov 15:31:52 [c.s.c.a.f.b.a.c.i.HttpLogger : 48] - RequestBody: 
{
  &quot;id&quot;: 0,
  &quot;category&quot;: {
    &quot;id&quot;: 0,
    &quot;name&quot;: &quot;Some Category&quot;
  },
  &quot;name&quot;: &quot;Doggie&quot;,
  &quot;photoUrls&quot;: [
    &quot;some.image.url&quot;
  ],
  &quot;tags&quot;: [
    {
      &quot;id&quot;: 0,
      &quot;name&quot;: &quot;Some Tag&quot;
    }
  ]
}
[INFO ] 04 Nov 15:31:54 [c.s.c.a.f.b.a.c.i.HttpLogger : 61] - ========================= Response ===========================================
[INFO ] 04 Nov 15:31:54 [c.s.c.a.f.b.a.c.i.HttpLogger : 66] - Status code : 200
[INFO ] 04 Nov 15:31:54 [c.s.c.a.f.b.a.c.i.HttpLogger : 75] - Response time: 1.59 sec
[INFO ] 04 Nov 15:31:54 [c.s.c.a.f.b.a.c.i.HttpLogger : 79] - ResponseBody: 
{
  &quot;id&quot;: 9223372000001157543,
  &quot;category&quot;: {
    &quot;id&quot;: 0,
    &quot;name&quot;: &quot;Some Category&quot;
  },
  &quot;name&quot;: &quot;Doggie&quot;,
  &quot;photoUrls&quot;: [
    &quot;some.image.url&quot;
  ],
  &quot;tags&quot;: [
    {
      &quot;id&quot;: 0,
      &quot;name&quot;: &quot;Some Tag&quot;
    }
  ]
}
</stdout>
          <failedSince>9</failedSince>
        </case>
        <case>
          <duration>1.503</duration>
          <className>com.sprite.cloud.automation.framework.api.petstorepet.PutPetTest</className>
          <testName>editPetSuccessfullyTest</testName>
          <skipped>false</skipped>
          <stdout>[INFO ] 04 Nov 15:31:54 [c.s.c.a.f.b.TestBase : 82] - Selenium Driver closed
[INFO ] 04 Nov 15:31:54 [c.s.c.a.f.b.TestBase : 40] - platformType: API
[INFO ] 04 Nov 15:31:54 [c.s.c.a.f.b.TestBase : 41] - browserName: CHROME
[INFO ] 04 Nov 15:31:54 [c.s.c.a.f.b.TestBase : 75] - API only tests
[INFO ] 04 Nov 15:31:54 [c.s.c.a.f.b.a.s.p.PetService : 86] - Requesting edit existing pet, expecting status code 200: Fluff Meister
[INFO ] 04 Nov 15:31:54 [c.s.c.a.f.b.a.c.i.HttpLogger : 39] - =============
...[truncated 1159 chars]...
er&quot;,
  &quot;photoUrls&quot;: [
    &quot;some.image.url.of.cool.pup&quot;
  ],
  &quot;tags&quot;: [
    {
      &quot;id&quot;: 47230,
      &quot;name&quot;: &quot;Dog&quot;
    }
  ],
  &quot;status&quot;: &quot;available&quot;
}
[INFO ] 04 Nov 15:31:55 [c.s.c.a.f.b.a.s.p.PetService : 95] - Running assertions for PUT Pet Request against Response: Fluff Meister
[INFO ] 04 Nov 15:31:55 [c.s.c.a.f.b.a.s.p.PetService : 126] - Trigger assertions
[INFO ] 04 Nov 15:31:55 [c.s.c.a.f.b.a.s.p.PetService : 129] - All assertions successful for POST Add Pet Request against Response
</stdout>
          <failedSince>0</failedSince>
        </case>
        <case>
          <duration>0.98</duration>
          <className>com.sprite.cloud.automation.framework.web.bookstore.LoginTest</className>
          <testName>setupDriver[WEB, CHROME-REMOTE](0)</testName>
          <skipped>false</skipped>
          <errorStackTrace>org.openqa.selenium.SessionNotCreatedException: 
Could not start a new session. Possible causes are invalid address of the remote server or browser start-up failure.
Build info: version: &apos;4.0.0&apos;, revision: &apos;3a21814679&apos;
System info: host: &apos;bc61fc7756b2&apos;, ip: &apos;172.18.0.2&apos;, os.name: &apos;Linux&apos;, os.arch: &apos;amd64&apos;, os.version: &apos;5.11.0-38-generic&apos;, java.version: &apos;11.0.12&apos;
Driver info: org.openqa.selenium.remote.RemoteWebDriver
Command: [null, newSession {capabilities=[Capabilities {browserName: chrome, goog:chromeOptions: {args: [], extensions: []}}], desiredCapabilities=Capabilities {browserName: chrome, goog:chromeOptions: {args: [], extensions: []}}}]
Capabilities {}
Caused by: java.io.UncheckedIOException: java.net.ConnectException: Connection refused: localhost/127.0.0.1:4444
Caused by: java.net.ConnectException: Connection refused: localhost/127.0.0.1:4444
Caused by: io.netty.channel.AbstractChannel$AnnotatedConnectException: Connection refused: localhost/127.0.0.1:4444
Caused by: java.net.ConnectException: Connection refused
</errorStackTrace>
          <errorDetails>Could not start a new session. Possible causes are invalid address of the remote server or browser start-up failure.
Build info: version: &apos;4.0.0&apos;, revision: &apos;3a21814679&apos;
System info: host: &apos;bc61fc7756b2&apos;, ip: &apos;172.18.0.2&apos;, os.name: &apos;Linux&apos;, os.arch: &apos;amd64&apos;, os.version: &apos;5.11.0-38-generic&apos;, java.version: &apos;11.0.12&apos;
Driver info: org.openqa.selenium.remote.RemoteWebDriver
Command: [null, newSession {capabilities=[Capabilities {browserName: chrome, goog:chromeOptions: {args: [], extensions: []}}], desiredCapabilities=Capabilities {browserName: chrome, goog:chromeOptions: {args: [], extensions: []}}}]
Capabilities {}</errorDetails>
          <stdout>15:36:02,837 |-INFO in ch.qos.logback.classic.LoggerContext[default] - Found resource [logback-test.xml] at [file:/var/jenkins_home/workspace/sc-automation-framework/target/test-classes/logback-test.xml]
15:36:02,857 |-INFO in ch.qos.logback.classic.joran.action.ConfigurationAction - debug attribute not set
15:36:02,857 |-INFO in ch.qos.logback.core.joran.action.AppenderAction - About to instantiate appender of type [ch.qos.logback.core.ConsoleAppender]
15:36:02,861 |-INFO in ch.qos.logback.core.joran.action.AppenderAction - Naming appender as [STDOUT]
15:36:02,864 |-INFO in ch.qos.logback.core.joran.action.NestedComplexPropertyIA - Assuming default type [ch.qos.logback.classic.encoder.PatternLayoutEncoder] for [encoder] property
15:36:02,894 |-INFO in ch.qos.logback.core.joran.action.AppenderAction - About to instantiate appender of type [ch.qos.logback.core.ConsoleAppender]
15:36:02,894 |-INFO in ch.qos.logback.core.joran.action.AppenderAction - Naming appender as [CONSOLE]
15:36:02,895 |-WARN in ch.qos.logback.core.ConsoleAppender[CONSOLE] - This appender no longer admits a layout as a sub-component, set an encoder instead.
15:36:02,895 |-WARN in ch.qos.logback.core.ConsoleAppender[CONSOLE] - To ensure compatibility, wrapping your layout in LayoutWrappingEncoder.
15:36:02,895 |-WARN in ch.qos.logback.core.ConsoleAppender[CONSOLE] - See also http://logback.qos.ch/codes.html#layoutInsteadOfEncoder for details
15:36:02,895 |-INFO in ch.qos.logback.classic.joran.action.LoggerAction - Setting level of logger [com.mkyong] to DEBUG
15:36:02,895 |-INFO in ch.qos.logback.classic.joran.action.LoggerAction - Setting additivity of logger [com.mkyong] to false
15:36:02,895 |-INFO in ch.qos.logback.core.joran.action.AppenderRefAction - Attaching appender named [CONSOLE] to Logger[com.mkyong]
15:36:02,896 |-INFO in ch.qos.logback.classic.joran.action.RootLoggerAction - Setting level of ROOT logger to INFO
15:36:02,896 |-INFO in ch.qos.logback.core.joran.action.AppenderRefAction - Attaching appender named [CONSOLE] to Logger[ROOT]
15:36:02,896 |-INFO in ch.qos.logback.classic.joran.action.ConfigurationAction - End of configuration.
15:36:02,896 |-INFO in ch.qos.logback.classic.joran.JoranConfigurator@5f77d0f9 - Registering current configuration as safe fallback point

[INFO ] 04 Nov 15:36:02 [c.s.c.a.f.b.TestBase : 32] - Running against environment: QA
[INFO ] 04 Nov 15:36:02 [c.s.c.a.f.b.TestBase : 40] - platformType: WEB
[INFO ] 04 Nov 15:36:02 [c.s.c.a.f.b.TestBase : 41] - browserName: CHROME-REMOTE
</stdout>
          <stderr>Nov 04, 2021 3:36:02 PM org.openqa.selenium.remote.tracing.opentelemetry.OpenTelemetryTracer createTracer
INFO: Using OpenTelemetry for tracing
</stderr>
          <failedSince>39</failedSince>
        </case>
        <case>
          <duration>0.0</duration>
          <className>com.sprite.cloud.automation.framework.web.bookstore.LoginTest</className>
          <testName>setup</testName>
          <skipped>true</skipped>
          <skippedMessage></skippedMessage>
          <failedSince>0</failedSince>
        </case>
        <case>
          <duration>0.0</duration>
          <className>com.sprite.cloud.automation.framework.web.bookstore.LoginTest</className>
          <testName>setup</testName>
          <skipped>true</skipped>
          <skippedMessage></skippedMessage>
          <failedSince>0</failedSince>
        </case>
        <case>
          <duration>0.0</duration>
          <className>com.sprite.cloud.automation.framework.web.bookstore.LoginTest</className>
          <testName>LogIn</testName>
          <skipped>true</skipped>
          <skippedMessage>Could not start a new session. Possible causes are invalid address of the remote server or browser start-up failure.
Build info: version: &apos;4.0.0&apos;, revision: &apos;3a21814679&apos;
System info: host: &apos;bc61fc7756b2&apos;, ip: &apos;172.18.0.2&apos;, os.name: &apos;Linux&apos;, os.arch: &apos;amd64&apos;, os.version: &apos;5.11.0-38-generic&apos;, java.version: &apos;11.0.12&apos;
Driver info: org.openqa.selenium.remote.RemoteWebDriver
Command: [null, newSession {capabilities=[Capabilities {browserName: chrome, goog:chromeOptions: {args: [], extensions: []}}], desiredCapabilities=Capabilities {browserName: chrome, goog:chromeOptions: {args: [], extensions: []}}}]
Capabilities {}</skippedMessage>
          <failedSince>0</failedSince>
        </case>
        <case>
          <duration>0.0</duration>
          <className>com.sprite.cloud.automation.framework.web.bookstore.LoginTest</className>
          <testName>LogIn</testName>
          <skipped>true</skipped>
          <skippedMessage>Could not start a new session. Possible causes are invalid address of the remote server or browser start-up failure.
Build info: version: &apos;4.0.0&apos;, revision: &apos;3a21814679&apos;
System info: host: &apos;bc61fc7756b2&apos;, ip: &apos;172.18.0.2&apos;, os.name: &apos;Linux&apos;, os.arch: &apos;amd64&apos;, os.version: &apos;5.11.0-38-generic&apos;, java.version: &apos;11.0.12&apos;
Driver info: org.openqa.selenium.remote.RemoteWebDriver
Command: [null, newSession {capabilities=[Capabilities {acceptInsecureCerts: true, browserName: firefox, moz:debuggerAddress: true, moz:firefoxOptions: {}}], desiredCapabilities=Capabilities {acceptInsecureCerts: true, browserName: firefox, moz:debuggerAddress: true, moz:firefoxOptions: {}}}]
Capabilities {}</skippedMessage>
          <failedSince>0</failedSince>
        </case>
        <case>
          <duration>0.059</duration>
          <className>com.sprite.cloud.automation.framework.web.bookstore.LoginTest</className>
          <testName>setupDriver[WEB, FIREFOX-REMOTE](0)</testName>
          <skipped>false</skipped>
          <errorStackTrace>org.openqa.selenium.SessionNotCreatedException: 
Could not start a new session. Possible causes are invalid address of the remote server or browser start-up failure.
Build info: version: &apos;4.0.0&apos;, revision: &apos;3a21814679&apos;
System info: host: &apos;bc61fc7756b2&apos;, ip: &apos;172.18.0.2&apos;, os.name: &apos;Linux&apos;, os.arch: &apos;amd64&apos;, os.version: &apos;5.11.0-38-generic&apos;, java.version: &apos;11.0.12&apos;
Driver info: org.openqa.selenium.remote.RemoteWebDriver
Command: [null, newSession {capabilities=[Capabilities {acceptInsecureCerts: true, browserName: firefox, moz:debuggerAddress: true, moz:firefoxOptions: {}}], desiredCapabilities=Capabilities {acceptInsecureCerts: true, browserName: firefox, moz:debuggerAddress: true, moz:firefoxOptions: {}}}]
Capabilities {}
Caused by: java.io.UncheckedIOException: java.net.ConnectException: Connection refused: localhost/127.0.0.1:4444
Caused by: java.net.ConnectException: Connection refused: localhost/127.0.0.1:4444
Caused by: io.netty.channel.AbstractChannel$AnnotatedConnectException: Connection refused: localhost/127.0.0.1:4444
Caused by: java.net.ConnectException: Connection refused
</errorStackTrace>
          <errorDetails>Could not start a new session. Possible causes are invalid address of the remote server or browser start-up failure.
Build info: version: &apos;4.0.0&apos;, revision: &apos;3a21814679&apos;
System info: host: &apos;bc61fc7756b2&apos;, ip: &apos;172.18.0.2&apos;, os.name: &apos;Linux&apos;, os.arch: &apos;amd64&apos;, os.version: &apos;5.11.0-38-generic&apos;, java.version: &apos;11.0.12&apos;
Driver info: org.openqa.selenium.remote.RemoteWebDriver
Command: [null, newSession {capabilities=[Capabilities {acceptInsecureCerts: true, browserName: firefox, moz:debuggerAddress: true, moz:firefoxOptions: {}}], desiredCapabilities=Capabilities {acceptInsecureCerts: true, browserName: firefox, moz:debuggerAddress: true, moz:firefoxOptions: {}}}]
Capabilities {}</errorDetails>
          <stdout>[INFO ] 04 Nov 15:36:03 [c.s.c.a.f.b.TestBase : 82] - Selenium Driver closed
[INFO ] 04 Nov 15:36:03 [c.s.c.a.f.b.TestBase : 40] - platformType: WEB
[INFO ] 04 Nov 15:36:03 [c.s.c.a.f.b.TestBase : 41] - browserName: FIREFOX-REMOTE
</stdout>
          <failedSince>39</failedSince>
        </case>
        <case>
          <duration>0.027</duration>
          <className>com.sprite.cloud.automation.framework.web.bookstore.AddBookToCollectionTest</className>
          <testName>setupDriver[WEB, CHROME-REMOTE](0)</testName>
          <skipped>false</skipped>
          <errorStackTrace>org.openqa.selenium.SessionNotCreatedException: 
Could not start a new session. Possible causes are invalid address of the remote server or browser start-up failure.
Build info: version: &apos;4.0.0&apos;, revision: &apos;3a21814679&apos;
System info: host: &apos;bc61fc7756b2&apos;, ip: &apos;172.18.0.2&apos;, os.name: &apos;Linux&apos;, os.arch: &apos;amd64&apos;, os.version: &apos;5.11.0-38-generic&apos;, java.version: &apos;11.0.12&apos;
Driver info: org.openqa.selenium.remote.RemoteWebDriver
Command: [null, newSession {capabilities=[Capabilities {browserName: chrome, goog:chromeOptions: {args: [], extensions: []}}], desiredCapabilities=Capabilities {browserName: chrome, goog:chromeOptions: {args: [], extensions: []}}}]
Capabilities {}
Caused by: java.io.UncheckedIOException: java.net.ConnectException: Connection refused: localhost/127.0.0.1:4444
Caused by: java.net.ConnectException: Connection refused: localhost/127.0.0.1:4444
Caused by: io.netty.channel.AbstractChannel$AnnotatedConnectException: Connection refused: localhost/127.0.0.1:4444
Caused by: java.net.ConnectException: Connection refused
</errorStackTrace>
          <errorDetails>Could not start a new session. Possible causes are invalid address of the remote server or browser start-up failure.
Build info: version: &apos;4.0.0&apos;, revision: &apos;3a21814679&apos;
System info: host: &apos;bc61fc7756b2&apos;, ip: &apos;172.18.0.2&apos;, os.name: &apos;Linux&apos;, os.arch: &apos;amd64&apos;, os.version: &apos;5.11.0-38-generic&apos;, java.version: &apos;11.0.12&apos;
Driver info: org.openqa.selenium.remote.RemoteWebDriver
Command: [null, newSession {capabilities=[Capabilities {browserName: chrome, goog:chromeOptions: {args: [], extensions: []}}], desiredCapabilities=Capabilities {browserName: chrome, goog:chromeOptions: {args: [], extensions: []}}}]
Capabilities {}</errorDetails>
          <stdout>[INFO ] 04 Nov 15:36:03 [c.s.c.a.f.b.TestBase : 82] - Selenium Driver closed
[INFO ] 04 Nov 15:36:03 [c.s.c.a.f.b.TestBase : 40] - platformType: WEB
[INFO ] 04 Nov 15:36:03 [c.s.c.a.f.b.TestBase : 41] - browserName: CHROME-REMOTE
</stdout>
          <failedSince>39</failedSince>
        </case>
        <case>
          <duration>0.0</duration>
          <className>com.sprite.cloud.automation.framework.web.bookstore.AddBookToCollectionTest</className>
          <testName>setup</testName>
          <skipped>true</skipped>
          <skippedMessage></skippedMessage>
          <failedSince>0</failedSince>
        </case>
        <case>
          <duration>0.0</duration>
          <className>com.sprite.cloud.automation.framework.web.bookstore.AddBookToCollectionTest</className>
          <testName>AddNewBookToCollection</testName>
          <skipped>true</skipped>
          <skippedMessage>Could not start a new session. Possible causes are invalid address of the remote server or browser start-up failure.
Build info: version: &apos;4.0.0&apos;, revision: &apos;3a21814679&apos;
System info: host: &apos;bc61fc7756b2&apos;, ip: &apos;172.18.0.2&apos;, os.name: &apos;Linux&apos;, os.arch: &apos;amd64&apos;, os.version: &apos;5.11.0-38-generic&apos;, java.version: &apos;11.0.12&apos;
Driver info: org.openqa.selenium.remote.RemoteWebDriver
Command: [null, newSession {capabilities=[Capabilities {browserName: chrome, goog:chromeOptions: {args: [], extensions: []}}], desiredCapabilities=Capabilities {browserName: chrome, goog:chromeOptions: {args: [], extensions: []}}}]
Capabilities {}</skippedMessage>
          <failedSince>0</failedSince>
        </case>
        <case>
          <duration>1.055</duration>
          <className>com.sprite.cloud.automation.framework.web.bookstore.LoginTest</className>
          <testName>setupDriver[WEB, CHROME-REMOTE](0)</testName>
          <skipped>false</skipped>
          <errorStackTrace>org.openqa.selenium.SessionNotCreatedException: 
Could not start a new session. Possible causes are invalid address of the remote server or browser start-up failure.
Build info: version: &apos;4.0.0&apos;, revision: &apos;3a21814679&apos;
System info: host: &apos;bc61fc7756b2&apos;, ip: &apos;172.18.0.2&apos;, os.name: &apos;Linux&apos;, os.arch: &apos;amd64&apos;, os.version: &apos;5.11.0-38-generic&apos;, java.version: &apos;11.0.12&apos;
Driver info: org.openqa.selenium.remote.RemoteWebDriver
Command: [null, newSession {capabilities=[Capabilities {browserName: chrome, goog:chromeOptions: {args: [], extensions: []}}], desiredCapabilities=Capabilities {browserName: chrome, goog:chromeOptions: {args: [], extensions: []}}}]
Capabilities {}
Caused by: java.io.UncheckedIOException: java.net.ConnectException: Connection refused: localhost/127.0.0.1:4444
Caused by: java.net.ConnectException: Connection refused: localhost/127.0.0.1:4444
Caused by: io.netty.channel.AbstractChannel$AnnotatedConnectException: Connection refused: localhost/127.0.0.1:4444
Caused by: java.net.ConnectException: Connection refused
</errorStackTrace>
          <errorDetails>Could not start a new session. Possible causes are invalid address of the remote server or browser start-up failure.
Build info: version: &apos;4.0.0&apos;, revision: &apos;3a21814679&apos;
System info: host: &apos;bc61fc7756b2&apos;, ip: &apos;172.18.0.2&apos;, os.name: &apos;Linux&apos;, os.arch: &apos;amd64&apos;, os.version: &apos;5.11.0-38-generic&apos;, java.version: &apos;11.0.12&apos;
Driver info: org.openqa.selenium.remote.RemoteWebDriver
Command: [null, newSession {capabilities=[Capabilities {browserName: chrome, goog:chromeOptions: {args: [], extensions: []}}], desiredCapabilities=Capabilities {browserName: chrome, goog:chromeOptions: {args: [], extensions: []}}}]
Capabilities {}</errorDetails>
          <stdout>16:04:17,001 |-INFO in ch.qos.logback.classic.LoggerContext[default] - Found resource [logback-test.xml] at [file:/var/jenkins_home/workspace/sc-automation-framework/target/test-classes/logback-test.xml]
16:04:17,034 |-INFO in ch.qos.logback.classic.joran.action.ConfigurationAction - debug attribute not set
16:04:17,035 |-INFO in ch.qos.logback.core.joran.action.AppenderAction - About to instantiate appender of type [ch.qos.logback.core.ConsoleAppender]
16:04:17,040 |-INFO in ch.qos.logback.core.joran.action.AppenderAction - Naming appender as [STDOUT]
16:04:17,044 |-INFO in ch.qos.logback.core.joran.action.NestedComplexPropertyIA - Assuming default type [ch.qos.logback.classic.encoder.PatternLayoutEncoder] for [encoder] property
16:04:17,088 |-INFO in ch.qos.logback.core.joran.action.AppenderAction - About to instantiate appender of type [ch.qos.logback.core.ConsoleAppender]
16:04:17,088 |-INFO in ch.qos.logback.core.joran.action.AppenderAction - Naming appender as [CONSOLE]
16:04:17,090 |-WARN in ch.qos.logback.core.ConsoleAppender[CONSOLE] - This appender no longer admits a layout as a sub-component, set an encoder instead.
16:04:17,090 |-WARN in ch.qos.logback.core.ConsoleAppender[CONSOLE] - To ensure compatibility, wrapping your layout in LayoutWrappingEncoder.
16:04:17,090 |-WARN in ch.qos.logback.core.ConsoleAppender[CONSOLE] - See also http://logback.qos.ch/codes.html#layoutInsteadOfEncoder for details
16:04:17,090 |-INFO in ch.qos.logback.classic.joran.action.LoggerAction - Setting level of logger [com.mkyong] to DEBUG
16:04:17,090 |-INFO in ch.qos.logback.classic.joran.action.LoggerAction - Setting additivity of logger [com.mkyong] to false
16:04:17,090 |-INFO in ch.qos.logback.core.joran.action.AppenderRefAction - Attaching appender named [CONSOLE] to Logger[com.mkyong]
16:04:17,091 |-INFO in ch.qos.logback.classic.joran.action.RootLoggerAction - Setting level of ROOT logger to INFO
16:04:17,091 |-INFO in ch.qos.logback.core.joran.action.AppenderRefAction - Attaching appender named [CONSOLE] to Logger[ROOT]
16:04:17,091 |-INFO in ch.qos.logback.classic.joran.action.ConfigurationAction - End of configuration.
16:04:17,091 |-INFO in ch.qos.logback.classic.joran.JoranConfigurator@5f77d0f9 - Registering current configuration as safe fallback point

[INFO ] 04 Nov 16:04:17 [c.s.c.a.f.b.TestBase : 32] - Running against environment: QA
[INFO ] 04 Nov 16:04:17 [c.s.c.a.f.b.TestBase : 40] - platformType: WEB
[INFO ] 04 Nov 16:04:17 [c.s.c.a.f.b.TestBase : 41] - browserName: CHROME-REMOTE
</stdout>
          <stderr>Nov 04, 2021 4:04:17 PM org.openqa.selenium.remote.tracing.opentelemetry.OpenTelemetryTracer createTracer
INFO: Using OpenTelemetry for tracing
</stderr>
          <failedSince>39</failedSince>
        </case>
        <case>
          <duration>0.0</duration>
          <className>com.sprite.cloud.automation.framework.web.bookstore.LoginTest</className>
          <testName>setup</testName>
          <skipped>true</skipped>
          <skippedMessage></skippedMessage>
          <failedSince>0</failedSince>
        </case>
        <case>
          <duration>0.0</duration>
          <className>com.sprite.cloud.automation.framework.web.bookstore.LoginTest</className>
          <testName>setup</testName>
          <skipped>true</skipped>
          <skippedMessage></skippedMessage>
          <failedSince>0</failedSince>
        </case>
        <case>
          <duration>0.0</duration>
          <className>com.sprite.cloud.automation.framework.web.bookstore.LoginTest</className>
          <testName>LogIn</testName>
          <skipped>true</skipped>
          <skippedMessage>Could not start a new session. Possible causes are invalid address of the remote server or browser start-up failure.
Build info: version: &apos;4.0.0&apos;, revision: &apos;3a21814679&apos;
System info: host: &apos;bc61fc7756b2&apos;, ip: &apos;172.18.0.2&apos;, os.name: &apos;Linux&apos;, os.arch: &apos;amd64&apos;, os.version: &apos;5.11.0-38-generic&apos;, java.version: &apos;11.0.12&apos;
Driver info: org.openqa.selenium.remote.RemoteWebDriver
Command: [null, newSession {capabilities=[Capabilities {browserName: chrome, goog:chromeOptions: {args: [], extensions: []}}], desiredCapabilities=Capabilities {browserName: chrome, goog:chromeOptions: {args: [], extensions: []}}}]
Capabilities {}</skippedMessage>
          <failedSince>0</failedSince>
        </case>
        <case>
          <duration>0.0</duration>
          <className>com.sprite.cloud.automation.framework.web.bookstore.LoginTest</className>
          <testName>LogIn</testName>
          <skipped>true</skipped>
          <skippedMessage>Could not start a new session. Possible causes are invalid address of the remote server or browser start-up failure.
Build info: version: &apos;4.0.0&apos;, revision: &apos;3a21814679&apos;
System info: host: &apos;bc61fc7756b2&apos;, ip: &apos;172.18.0.2&apos;, os.name: &apos;Linux&apos;, os.arch: &apos;amd64&apos;, os.version: &apos;5.11.0-38-generic&apos;, java.version: &apos;11.0.12&apos;
Driver info: org.openqa.selenium.remote.RemoteWebDriver
Command: [null, newSession {capabilities=[Capabilities {acceptInsecureCerts: true, browserName: firefox, moz:debuggerAddress: true, moz:firefoxOptions: {}}], desiredCapabilities=Capabilities {acceptInsecureCerts: true, browserName: firefox, moz:debuggerAddress: true, moz:firefoxOptions: {}}}]
Capabilities {}</skippedMessage>
          <failedSince>0</failedSince>
        </case>
        <case>
          <duration>0.05</duration>
          <className>com.sprite.cloud.automation.framework.web.bookstore.LoginTest</className>
          <testName>setupDriver[WEB, FIREFOX-REMOTE](0)</testName>
          <skipped>false</skipped>
          <errorStackTrace>org.openqa.selenium.SessionNotCreatedException: 
Could not start a new session. Possible causes are invalid address of the remote server or browser start-up failure.
Build info: version: &apos;4.0.0&apos;, revision: &apos;3a21814679&apos;
System info: host: &apos;bc61fc7756b2&apos;, ip: &apos;172.18.0.2&apos;, os.name: &apos;Linux&apos;, os.arch: &apos;amd64&apos;, os.version: &apos;5.11.0-38-generic&apos;, java.version: &apos;11.0.12&apos;
Driver info: org.openqa.selenium.remote.RemoteWebDriver
Command: [null, newSession {capabilities=[Capabilities {acceptInsecureCerts: true, browserName: firefox, moz:debuggerAddress: true, moz:firefoxOptions: {}}], desiredCapabilities=Capabilities {acceptInsecureCerts: true, browserName: firefox, moz:debuggerAddress: true, moz:firefoxOptions: {}}}]
Capabilities {}
Caused by: java.io.UncheckedIOException: java.net.ConnectException: Connection refused: localhost/127.0.0.1:4444
Caused by: java.net.ConnectException: Connection refused: localhost/127.0.0.1:4444
Caused by: io.netty.channel.AbstractChannel$AnnotatedConnectException: Connection refused: localhost/127.0.0.1:4444
Caused by: java.net.ConnectException: Connection refused
</errorStackTrace>
          <errorDetails>Could not start a new session. Possible causes are invalid address of the remote server or browser start-up failure.
Build info: version: &apos;4.0.0&apos;, revision: &apos;3a21814679&apos;
System info: host: &apos;bc61fc7756b2&apos;, ip: &apos;172.18.0.2&apos;, os.name: &apos;Linux&apos;, os.arch: &apos;amd64&apos;, os.version: &apos;5.11.0-38-generic&apos;, java.version: &apos;11.0.12&apos;
Driver info: org.openqa.selenium.remote.RemoteWebDriver
Command: [null, newSession {capabilities=[Capabilities {acceptInsecureCerts: true, browserName: firefox, moz:debuggerAddress: true, moz:firefoxOptions: {}}], desiredCapabilities=Capabilities {acceptInsecureCerts: true, browserName: firefox, moz:debuggerAddress: true, moz:firefoxOptions: {}}}]
Capabilities {}</errorDetails>
          <stdout>[INFO ] 04 Nov 16:04:17 [c.s.c.a.f.b.TestBase : 84] - Selenium Driver closed
[INFO ] 04 Nov 16:04:17 [c.s.c.a.f.b.TestBase : 40] - platformType: WEB
[INFO ] 04 Nov 16:04:17 [c.s.c.a.f.b.TestBase : 41] - browserName: FIREFOX-REMOTE
</stdout>
          <failedSince>39</failedSince>
        </case>
        <case>
          <duration>0.036</duration>
          <className>com.sprite.cloud.automation.framework.web.bookstore.AddBookToCollectionTest</className>
          <testName>setupDriver[WEB, CHROME-REMOTE](0)</testName>
          <skipped>false</skipped>
          <errorStackTrace>org.openqa.selenium.SessionNotCreatedException: 
Could not start a new session. Possible causes are invalid address of the remote server or browser start-up failure.
Build info: version: &apos;4.0.0&apos;, revision: &apos;3a21814679&apos;
System info: host: &apos;bc61fc7756b2&apos;, ip: &apos;172.18.0.2&apos;, os.name: &apos;Linux&apos;, os.arch: &apos;amd64&apos;, os.version: &apos;5.11.0-38-generic&apos;, java.version: &apos;11.0.12&apos;
Driver info: org.openqa.selenium.remote.RemoteWebDriver
Command: [null, newSession {capabilities=[Capabilities {browserName: chrome, goog:chromeOptions: {args: [], extensions: []}}], desiredCapabilities=Capabilities {browserName: chrome, goog:chromeOptions: {args: [], extensions: []}}}]
Capabilities {}
Caused by: java.io.UncheckedIOException: java.net.ConnectException: Connection refused: localhost/127.0.0.1:4444
Caused by: java.net.ConnectException: Connection refused: localhost/127.0.0.1:4444
Caused by: io.netty.channel.AbstractChannel$AnnotatedConnectException: Connection refused: localhost/127.0.0.1:4444
Caused by: java.net.ConnectException: Connection refused
</errorStackTrace>
          <errorDetails>Could not start a new session. Possible causes are invalid address of the remote server or browser start-up failure.
Build info: version: &apos;4.0.0&apos;, revision: &apos;3a21814679&apos;
System info: host: &apos;bc61fc7756b2&apos;, ip: &apos;172.18.0.2&apos;, os.name: &apos;Linux&apos;, os.arch: &apos;amd64&apos;, os.version: &apos;5.11.0-38-generic&apos;, java.version: &apos;11.0.12&apos;
Driver info: org.openqa.selenium.remote.RemoteWebDriver
Command: [null, newSession {capabilities=[Capabilities {browserName: chrome, goog:chromeOptions: {args: [], extensions: []}}], desiredCapabilities=Capabilities {browserName: chrome, goog:chromeOptions: {args: [], extensions: []}}}]
Capabilities {}</errorDetails>
          <stdout>[INFO ] 04 Nov 16:04:17 [c.s.c.a.f.b.TestBase : 84] - Selenium Driver closed
[INFO ] 04 Nov 16:04:17 [c.s.c.a.f.b.TestBase : 40] - platformType: WEB
[INFO ] 04 Nov 16:04:17 [c.s.c.a.f.b.TestBase : 41] - browserName: CHROME-REMOTE
</stdout>
          <failedSince>39</failedSince>
        </case>
        <case>
          <duration>0.0</duration>
          <className>com.sprite.cloud.automation.framework.web.bookstore.AddBookToCollectionTest</className>
          <testName>setup</testName>
          <skipped>true</skipped>
          <skippedMessage></skippedMessage>
          <failedSince>0</failedSince>
        </case>
        <case>
          <duration>0.0</duration>
          <className>com.sprite.cloud.automation.framework.web.bookstore.AddBookToCollectionTest</className>
          <testName>AddNewBookToCollection</testName>
          <skipped>true</skipped>
          <skippedMessage>Could not start a new session. Possible causes are invalid address of the remote server or browser start-up failure.
Build info: version: &apos;4.0.0&apos;, revision: &apos;3a21814679&apos;
System info: host: &apos;bc61fc7756b2&apos;, ip: &apos;172.18.0.2&apos;, os.name: &apos;Linux&apos;, os.arch: &apos;amd64&apos;, os.version: &apos;5.11.0-38-generic&apos;, java.version: &apos;11.0.12&apos;
Driver info: org.openqa.selenium.remote.RemoteWebDriver
Command: [null, newSession {capabilities=[Capabilities {browserName: chrome, goog:chromeOptions: {args: [], extensions: []}}], desiredCapabilities=Capabilities {browserName: chrome, goog:chromeOptions: {args: [], extensions: []}}}]
Capabilities {}</skippedMessage>
          <failedSince>0</failedSince>
        </case>
        <case>
          <duration>0.891</duration>
          <className>com.sprite.cloud.automation.framework.web.bookstore.LoginTest</className>
          <testName>setupDriver[WEB, CHROME-REMOTE](0)</testName>
          <skipped>false</skipped>
          <errorStackTrace>org.openqa.selenium.SessionNotCreatedException: 
Could not start a new session. Possible causes are invalid address of the remote server or browser start-up failure.
Build info: version: &apos;4.0.0&apos;, revision: &apos;3a21814679&apos;
System info: host: &apos;0cce1f9f7fd9&apos;, ip: &apos;172.19.0.2&apos;, os.name: &apos;Linux&apos;, os.arch: &apos;amd64&apos;, os.version: &apos;5.11.0-38-generic&apos;, java.version: &apos;11.0.12&apos;
Driver info: org.openqa.selenium.remote.RemoteWebDriver
Command: [null, newSession {capabilities=[Capabilities {browserName: chrome, goog:chromeOptions: {args: [], extensions: []}}], desiredCapabilities=Capabilities {browserName: chrome, goog:chromeOptions: {args: [], extensions: []}}}]
Capabilities {}
Caused by: java.io.UncheckedIOException: java.net.ConnectException: Connection refused: localhost/127.0.0.1:4444
Caused by: java.net.ConnectException: Connection refused: localhost/127.0.0.1:4444
Caused by: io.netty.channel.AbstractChannel$AnnotatedConnectException: Connection refused: localhost/127.0.0.1:4444
Caused by: java.net.ConnectException: Connection refused
</errorStackTrace>
          <errorDetails>Could not start a new session. Possible causes are invalid address of the remote server or browser start-up failure.
Build info: version: &apos;4.0.0&apos;, revision: &apos;3a21814679&apos;
System info: host: &apos;0cce1f9f7fd9&apos;, ip: &apos;172.19.0.2&apos;, os.name: &apos;Linux&apos;, os.arch: &apos;amd64&apos;, os.version: &apos;5.11.0-38-generic&apos;, java.version: &apos;11.0.12&apos;
Driver info: org.openqa.selenium.remote.RemoteWebDriver
Command: [null, newSession {capabilities=[Capabilities {browserName: chrome, goog:chromeOptions: {args: [], extensions: []}}], desiredCapabilities=Capabilities {browserName: chrome, goog:chromeOptions: {args: [], extensions: []}}}]
Capabilities {}</errorDetails>
          <stdout>16:16:30,241 |-INFO in ch.qos.logback.classic.LoggerContext[default] - Found resource [logback-test.xml] at [file:/var/jenkins_home/workspace/sc-automation-framework/target/test-classes/logback-test.xml]
16:16:30,261 |-INFO in ch.qos.logback.classic.joran.action.ConfigurationAction - debug attribute not set
16:16:30,261 |-INFO in ch.qos.logback.core.joran.action.AppenderAction - About to instantiate appender of type [ch.qos.logback.core.ConsoleAppender]
16:16:30,265 |-INFO in ch.qos.logback.core.joran.action.AppenderAction - Naming appender as [STDOUT]
16:16:30,268 |-INFO in ch.qos.logback.core.joran.action.NestedComplexPropertyIA - Assuming default type [ch.qos.logback.classic.encoder.PatternLayoutEncoder] for [encoder] property
16:16:30,302 |-INFO in ch.qos.logback.core.joran.action.AppenderAction - About to instantiate appender of type [ch.qos.logback.core.ConsoleAppender]
16:16:30,302 |-INFO in ch.qos.logback.core.joran.action.AppenderAction - Naming appender as [CONSOLE]
16:16:30,303 |-WARN in ch.qos.logback.core.ConsoleAppender[CONSOLE] - This appender no longer admits a layout as a sub-component, set an encoder instead.
16:16:30,303 |-WARN in ch.qos.logback.core.ConsoleAppender[CONSOLE] - To ensure compatibility, wrapping your layout in LayoutWrappingEncoder.
16:16:30,303 |-WARN in ch.qos.logback.core.ConsoleAppender[CONSOLE] - See also http://logback.qos.ch/codes.html#layoutInsteadOfEncoder for details
16:16:30,303 |-INFO in ch.qos.logback.classic.joran.action.LoggerAction - Setting level of logger [com.mkyong] to DEBUG
16:16:30,303 |-INFO in ch.qos.logback.classic.joran.action.LoggerAction - Setting additivity of logger [com.mkyong] to false
16:16:30,303 |-INFO in ch.qos.logback.core.joran.action.AppenderRefAction - Attaching appender named [CONSOLE] to Logger[com.mkyong]
16:16:30,304 |-INFO in ch.qos.logback.classic.joran.action.RootLoggerAction - Setting level of ROOT logger to INFO
16:16:30,304 |-INFO in ch.qos.logback.core.joran.action.AppenderRefAction - Attaching appender named [CONSOLE] to Logger[ROOT]
16:16:30,304 |-INFO in ch.qos.logback.classic.joran.action.ConfigurationAction - End of configuration.
16:16:30,304 |-INFO in ch.qos.logback.classic.joran.JoranConfigurator@5f77d0f9 - Registering current configuration as safe fallback point

[INFO ] 04 Nov 16:16:30 [c.s.c.a.f.b.TestBase : 32] - Running against environment: QA
[INFO ] 04 Nov 16:16:30 [c.s.c.a.f.b.TestBase : 40] - platformType: WEB
[INFO ] 04 Nov 16:16:30 [c.s.c.a.f.b.TestBase : 41] - browserName: CHROME-REMOTE
</stdout>
          <stderr>Nov 04, 2021 4:16:30 PM org.openqa.selenium.remote.tracing.opentelemetry.OpenTelemetryTracer createTracer
INFO: Using OpenTelemetry for tracing
</stderr>
          <failedSince>39</failedSince>
        </case>
        <case>
          <duration>0.0</duration>
          <className>com.sprite.cloud.automation.framework.web.bookstore.LoginTest</className>
          <testName>setup</testName>
          <skipped>true</skipped>
          <skippedMessage></skippedMessage>
          <failedSince>0</failedSince>
        </case>
        <case>
          <duration>0.0</duration>
          <className>com.sprite.cloud.automation.framework.web.bookstore.LoginTest</className>
          <testName>setup</testName>
          <skipped>true</skipped>
          <skippedMessage></skippedMessage>
          <failedSince>0</failedSince>
        </case>
        <case>
          <duration>0.0</duration>
          <className>com.sprite.cloud.automation.framework.web.bookstore.LoginTest</className>
          <testName>LogIn</testName>
          <skipped>true</skipped>
          <skippedMessage>Could not start a new session. Possible causes are invalid address of the remote server or browser start-up failure.
Build info: version: &apos;4.0.0&apos;, revision: &apos;3a21814679&apos;
System info: host: &apos;0cce1f9f7fd9&apos;, ip: &apos;172.19.0.2&apos;, os.name: &apos;Linux&apos;, os.arch: &apos;amd64&apos;, os.version: &apos;5.11.0-38-generic&apos;, java.version: &apos;11.0.12&apos;
Driver info: org.openqa.selenium.remote.RemoteWebDriver
Command: [null, newSession {capabilities=[Capabilities {browserName: chrome, goog:chromeOptions: {args: [], extensions: []}}], desiredCapabilities=Capabilities {browserName: chrome, goog:chromeOptions: {args: [], extensions: []}}}]
Capabilities {}</skippedMessage>
          <failedSince>0</failedSince>
        </case>
        <case>
          <duration>0.0</duration>
          <className>com.sprite.cloud.automation.framework.web.bookstore.LoginTest</className>
          <testName>LogIn</testName>
          <skipped>true</skipped>
          <skippedMessage>Could not start a new session. Possible causes are invalid address of the remote server or browser start-up failure.
Build info: version: &apos;4.0.0&apos;, revision: &apos;3a21814679&apos;
System info: host: &apos;0cce1f9f7fd9&apos;, ip: &apos;172.19.0.2&apos;, os.name: &apos;Linux&apos;, os.arch: &apos;amd64&apos;, os.version: &apos;5.11.0-38-generic&apos;, java.version: &apos;11.0.12&apos;
Driver info: org.openqa.selenium.remote.RemoteWebDriver
Command: [null, newSession {capabilities=[Capabilities {acceptInsecureCerts: true, browserName: firefox, moz:debuggerAddress: true, moz:firefoxOptions: {}}], desiredCapabilities=Capabilities {acceptInsecureCerts: true, browserName: firefox, moz:debuggerAddress: true, moz:firefoxOptions: {}}}]
Capabilities {}</skippedMessage>
          <failedSince>0</failedSince>
        </case>
        <case>
          <duration>0.056</duration>
          <className>com.sprite.cloud.automation.framework.web.bookstore.LoginTest</className>
          <testName>setupDriver[WEB, FIREFOX-REMOTE](0)</testName>
          <skipped>false</skipped>
          <errorStackTrace>org.openqa.selenium.SessionNotCreatedException: 
Could not start a new session. Possible causes are invalid address of the remote server or browser start-up failure.
Build info: version: &apos;4.0.0&apos;, revision: &apos;3a21814679&apos;
System info: host: &apos;0cce1f9f7fd9&apos;, ip: &apos;172.19.0.2&apos;, os.name: &apos;Linux&apos;, os.arch: &apos;amd64&apos;, os.version: &apos;5.11.0-38-generic&apos;, java.version: &apos;11.0.12&apos;
Driver info: org.openqa.selenium.remote.RemoteWebDriver
Command: [null, newSession {capabilities=[Capabilities {acceptInsecureCerts: true, browserName: firefox, moz:debuggerAddress: true, moz:firefoxOptions: {}}], desiredCapabilities=Capabilities {acceptInsecureCerts: true, browserName: firefox, moz:debuggerAddress: true, moz:firefoxOptions: {}}}]
Capabilities {}
Caused by: java.io.UncheckedIOException: java.net.ConnectException: Connection refused: localhost/127.0.0.1:4444
Caused by: java.net.ConnectException: Connection refused: localhost/127.0.0.1:4444
Caused by: io.netty.channel.AbstractChannel$AnnotatedConnectException: Connection refused: localhost/127.0.0.1:4444
Caused by: java.net.ConnectException: Connection refused
</errorStackTrace>
          <errorDetails>Could not start a new session. Possible causes are invalid address of the remote server or browser start-up failure.
Build info: version: &apos;4.0.0&apos;, revision: &apos;3a21814679&apos;
System info: host: &apos;0cce1f9f7fd9&apos;, ip: &apos;172.19.0.2&apos;, os.name: &apos;Linux&apos;, os.arch: &apos;amd64&apos;, os.version: &apos;5.11.0-38-generic&apos;, java.version: &apos;11.0.12&apos;
Driver info: org.openqa.selenium.remote.RemoteWebDriver
Command: [null, newSession {capabilities=[Capabilities {acceptInsecureCerts: true, browserName: firefox, moz:debuggerAddress: true, moz:firefoxOptions: {}}], desiredCapabilities=Capabilities {acceptInsecureCerts: true, browserName: firefox, moz:debuggerAddress: true, moz:firefoxOptions: {}}}]
Capabilities {}</errorDetails>
          <stdout>[INFO ] 04 Nov 16:16:30 [c.s.c.a.f.b.TestBase : 84] - Selenium Driver closed
[INFO ] 04 Nov 16:16:31 [c.s.c.a.f.b.TestBase : 40] - platformType: WEB
[INFO ] 04 Nov 16:16:31 [c.s.c.a.f.b.TestBase : 41] - browserName: FIREFOX-REMOTE
</stdout>
          <failedSince>39</failedSince>
        </case>
        <case>
          <duration>0.03</duration>
          <className>com.sprite.cloud.automation.framework.web.bookstore.AddBookToCollectionTest</className>
          <testName>setupDriver[WEB, CHROME-REMOTE](0)</testName>
          <skipped>false</skipped>
          <errorStackTrace>org.openqa.selenium.SessionNotCreatedException: 
Could not start a new session. Possible causes are invalid address of the remote server or browser start-up failure.
Build info: version: &apos;4.0.0&apos;, revision: &apos;3a21814679&apos;
System info: host: &apos;0cce1f9f7fd9&apos;, ip: &apos;172.19.0.2&apos;, os.name: &apos;Linux&apos;, os.arch: &apos;amd64&apos;, os.version: &apos;5.11.0-38-generic&apos;, java.version: &apos;11.0.12&apos;
Driver info: org.openqa.selenium.remote.RemoteWebDriver
Command: [null, newSession {capabilities=[Capabilities {browserName: chrome, goog:chromeOptions: {args: [], extensions: []}}], desiredCapabilities=Capabilities {browserName: chrome, goog:chromeOptions: {args: [], extensions: []}}}]
Capabilities {}
Caused by: java.io.UncheckedIOException: java.net.ConnectException: Connection refused: localhost/127.0.0.1:4444
Caused by: java.net.ConnectException: Connection refused: localhost/127.0.0.1:4444
Caused by: io.netty.channel.AbstractChannel$AnnotatedConnectException: Connection refused: localhost/127.0.0.1:4444
Caused by: java.net.ConnectException: Connection refused
</errorStackTrace>
          <errorDetails>Could not start a new session. Possible causes are invalid address of the remote server or browser start-up failure.
Build info: version: &apos;4.0.0&apos;, revision: &apos;3a21814679&apos;
System info: host: &apos;0cce1f9f7fd9&apos;, ip: &apos;172.19.0.2&apos;, os.name: &apos;Linux&apos;, os.arch: &apos;amd64&apos;, os.version: &apos;5.11.0-38-generic&apos;, java.version: &apos;11.0.12&apos;
Driver info: org.openqa.selenium.remote.RemoteWebDriver
Command: [null, newSession {capabilities=[Capabilities {browserName: chrome, goog:chromeOptions: {args: [], extensions: []}}], desiredCapabilities=Capabilities {browserName: chrome, goog:chromeOptions: {args: [], extensions: []}}}]
Capabilities {}</errorDetails>
          <stdout>[INFO ] 04 Nov 16:16:31 [c.s.c.a.f.b.TestBase : 84] - Selenium Driver closed
[INFO ] 04 Nov 16:16:31 [c.s.c.a.f.b.TestBase : 40] - platformType: WEB
[INFO ] 04 Nov 16:16:31 [c.s.c.a.f.b.TestBase : 41] - browserName: CHROME-REMOTE
</stdout>
          <failedSince>39</failedSince>
        </case>
        <case>
          <duration>0.0</duration>
          <className>com.sprite.cloud.automation.framework.web.bookstore.AddBookToCollectionTest</className>
          <testName>setup</testName>
          <skipped>true</skipped>
          <skippedMessage></skippedMessage>
          <failedSince>0</failedSince>
        </case>
        <case>
          <duration>0.0</duration>
          <className>com.sprite.cloud.automation.framework.web.bookstore.AddBookToCollectionTest</className>
          <testName>AddNewBookToCollection</testName>
          <skipped>true</skipped>
          <skippedMessage>Could not start a new session. Possible causes are invalid address of the remote server or browser start-up failure.
Build info: version: &apos;4.0.0&apos;, revision: &apos;3a21814679&apos;
System info: host: &apos;0cce1f9f7fd9&apos;, ip: &apos;172.19.0.2&apos;, os.name: &apos;Linux&apos;, os.arch: &apos;amd64&apos;, os.version: &apos;5.11.0-38-generic&apos;, java.version: &apos;11.0.12&apos;
Driver info: org.openqa.selenium.remote.RemoteWebDriver
Command: [null, newSession {capabilities=[Capabilities {browserName: chrome, goog:chromeOptions: {args: [], extensions: []}}], desiredCapabilities=Capabilities {browserName: chrome, goog:chromeOptions: {args: [], extensions: []}}}]
Capabilities {}</skippedMessage>
          <failedSince>0</failedSince>
        </case>
        <case>
          <duration>2.203</duration>
          <className>com.sprite.cloud.automation.framework.api.petstorepet.PostPetTest</className>
          <testName>addPetSuccessfullyTest</testName>
          <skipped>false</skipped>
          <stdout>16:18:05,080 |-INFO in ch.qos.logback.classic.LoggerContext[default] - Found resource [logback-test.xml] at [file:/var/jenkins_home/workspace/sc-automation-framework/target/test-classes/logback-test.xml]
16:18:05,104 |-INFO in ch.qos.logback.classic.joran.action.ConfigurationAction - debug attribute not set
16:18:05,105 |-INFO in ch.qos.logback.core.joran.action.AppenderAction - About to instantiate appender of type [ch.qos.logback.core.ConsoleAppender]
16:18:05,109 |-INFO in ch.qos.logback.core
...[truncated 3551 chars]...
ter&quot;,
  &quot;photoUrls&quot;: [
    &quot;some.image.url.of.cool.pup&quot;
  ],
  &quot;tags&quot;: [
    {
      &quot;id&quot;: 66525,
      &quot;name&quot;: &quot;Dog&quot;
    }
  ],
  &quot;status&quot;: &quot;available&quot;
}
[INFO ] 04 Nov 16:18:07 [c.s.c.a.f.b.a.s.p.PetService : 46] - Running assertions for POST Pet Request against Response: Fluff Meister
[INFO ] 04 Nov 16:18:07 [c.s.c.a.f.b.a.s.p.PetService : 77] - Trigger assertions
[INFO ] 04 Nov 16:18:07 [c.s.c.a.f.b.a.s.p.PetService : 80] - All assertions successful for POST Add Pet Request against Response
</stdout>
          <failedSince>0</failedSince>
        </case>
        <case>
          <duration>1.504</duration>
          <className>com.sprite.cloud.automation.framework.api.petstorepet.PostPetTest</className>
          <testName>addPetUnsuccessfullyTest</testName>
          <skipped>false</skipped>
          <errorStackTrace>java.lang.AssertionError: Unable to unsuccessfully add new pet: Doggie expected [400] but
              found [200]
              at
              com.sprite.cloud.automation.framework.api.petstorepet.PostPetTest.addPetUnsuccessfullyTest(PostPetTest.java:59)
          </errorStackTrace>
          <errorDetails>Unable to unsuccessfully add new pet: Doggie expected [400] but found [200]</errorDetails>
          <stdout>[INFO ] 04 Nov 16:18:07 [c.s.c.a.f.b.a.s.p.PetService : 37] - Requesting add new pet, expecting exception with status code 400: Doggie
[INFO ] 04 Nov 16:18:07 [c.s.c.a.f.b.a.c.i.HttpLogger : 39] - ========================== Request =========================================
[INFO ] 04 Nov 16:18:07 [c.s.c.a.f.b.a.c.i.HttpLogger : 40] - Request: POST -&gt;https://petstore.swagger.io/v2/pet
[INFO ] 04 Nov 16:18:07 [c.s.c.a.f.b.a.c.i.HttpLogger : 41] - RequestHeader: 
{
  &quot;Accept&quot;: &quot;[application/json]&quot;,
  &quot;Content-Type&quot;: &quot;[application/json]&quot;
}
[INFO ] 04 Nov 16:18:07 [c.s.c.a.f.b.a.c.i.HttpLogger : 48] - RequestBody: 
{
  &quot;id&quot;: 0,
  &quot;category&quot;: {
    &quot;id&quot;: 0,
    &quot;name&quot;: &quot;Some Category&quot;
  },
  &quot;name&quot;: &quot;Doggie&quot;,
  &quot;photoUrls&quot;: [
    &quot;some.image.url&quot;
  ],
  &quot;tags&quot;: [
    {
      &quot;id&quot;: 0,
      &quot;name&quot;: &quot;Some Tag&quot;
    }
  ]
}
[INFO ] 04 Nov 16:18:08 [c.s.c.a.f.b.a.c.i.HttpLogger : 61] - ========================= Response ===========================================
[INFO ] 04 Nov 16:18:08 [c.s.c.a.f.b.a.c.i.HttpLogger : 66] - Status code : 200
[INFO ] 04 Nov 16:18:08 [c.s.c.a.f.b.a.c.i.HttpLogger : 75] - Response time: 1.48 sec
[INFO ] 04 Nov 16:18:08 [c.s.c.a.f.b.a.c.i.HttpLogger : 79] - ResponseBody: 
{
  &quot;id&quot;: 9223372000001157795,
  &quot;category&quot;: {
    &quot;id&quot;: 0,
    &quot;name&quot;: &quot;Some Category&quot;
  },
  &quot;name&quot;: &quot;Doggie&quot;,
  &quot;photoUrls&quot;: [
    &quot;some.image.url&quot;
  ],
  &quot;tags&quot;: [
    {
      &quot;id&quot;: 0,
      &quot;name&quot;: &quot;Some Tag&quot;
    }
  ]
}
</stdout>
          <failedSince>9</failedSince>
        </case>
        <case>
          <duration>1.47</duration>
          <className>com.sprite.cloud.automation.framework.api.petstorepet.PutPetTest</className>
          <testName>editPetSuccessfullyTest</testName>
          <skipped>false</skipped>
          <stdout>[INFO ] 04 Nov 16:18:08 [c.s.c.a.f.b.TestBase : 84] - Selenium Driver closed
[INFO ] 04 Nov 16:18:08 [c.s.c.a.f.b.TestBase : 40] - platformType: API
[INFO ] 04 Nov 16:18:08 [c.s.c.a.f.b.TestBase : 41] - browserName: CHROME
[INFO ] 04 Nov 16:18:08 [c.s.c.a.f.b.TestBase : 77] - API only tests
[INFO ] 04 Nov 16:18:08 [c.s.c.a.f.b.a.s.p.PetService : 86] - Requesting edit existing pet, expecting status code 200: Fluff Meister
[INFO ] 04 Nov 16:18:08 [c.s.c.a.f.b.a.c.i.HttpLogger : 39] - =============
...[truncated 1157 chars]...
er&quot;,
  &quot;photoUrls&quot;: [
    &quot;some.image.url.of.cool.pup&quot;
  ],
  &quot;tags&quot;: [
    {
      &quot;id&quot;: 25261,
      &quot;name&quot;: &quot;Dog&quot;
    }
  ],
  &quot;status&quot;: &quot;available&quot;
}
[INFO ] 04 Nov 16:18:10 [c.s.c.a.f.b.a.s.p.PetService : 95] - Running assertions for PUT Pet Request against Response: Fluff Meister
[INFO ] 04 Nov 16:18:10 [c.s.c.a.f.b.a.s.p.PetService : 126] - Trigger assertions
[INFO ] 04 Nov 16:18:10 [c.s.c.a.f.b.a.s.p.PetService : 129] - All assertions successful for POST Add Pet Request against Response
</stdout>
          <failedSince>0</failedSince>
        </case>
        <case>
          <duration>0.894</duration>
          <className>com.sprite.cloud.automation.framework.web.bookstore.LoginTest</className>
          <testName>setupDriver[WEB, CHROME-REMOTE](0)</testName>
          <skipped>false</skipped>
          <errorStackTrace>org.openqa.selenium.SessionNotCreatedException: 
Could not start a new session. Possible causes are invalid address of the remote server or browser start-up failure.
Build info: version: &apos;4.0.0&apos;, revision: &apos;3a21814679&apos;
System info: host: &apos;0cce1f9f7fd9&apos;, ip: &apos;172.19.0.2&apos;, os.name: &apos;Linux&apos;, os.arch: &apos;amd64&apos;, os.version: &apos;5.11.0-38-generic&apos;, java.version: &apos;11.0.12&apos;
Driver info: org.openqa.selenium.remote.RemoteWebDriver
Command: [null, newSession {capabilities=[Capabilities {browserName: chrome, goog:chromeOptions: {args: [], extensions: []}}], desiredCapabilities=Capabilities {browserName: chrome, goog:chromeOptions: {args: [], extensions: []}}}]
Capabilities {}
Caused by: java.io.UncheckedIOException: java.net.ConnectException: Connection refused: localhost/127.0.0.1:4444
Caused by: java.net.ConnectException: Connection refused: localhost/127.0.0.1:4444
Caused by: io.netty.channel.AbstractChannel$AnnotatedConnectException: Connection refused: localhost/127.0.0.1:4444
Caused by: java.net.ConnectException: Connection refused
</errorStackTrace>
          <errorDetails>Could not start a new session. Possible causes are invalid address of the remote server or browser start-up failure.
Build info: version: &apos;4.0.0&apos;, revision: &apos;3a21814679&apos;
System info: host: &apos;0cce1f9f7fd9&apos;, ip: &apos;172.19.0.2&apos;, os.name: &apos;Linux&apos;, os.arch: &apos;amd64&apos;, os.version: &apos;5.11.0-38-generic&apos;, java.version: &apos;11.0.12&apos;
Driver info: org.openqa.selenium.remote.RemoteWebDriver
Command: [null, newSession {capabilities=[Capabilities {browserName: chrome, goog:chromeOptions: {args: [], extensions: []}}], desiredCapabilities=Capabilities {browserName: chrome, goog:chromeOptions: {args: [], extensions: []}}}]
Capabilities {}</errorDetails>
          <stdout>16:18:29,092 |-INFO in ch.qos.logback.classic.LoggerContext[default] - Found resource [logback-test.xml] at [file:/var/jenkins_home/workspace/sc-automation-framework/target/test-classes/logback-test.xml]
16:18:29,112 |-INFO in ch.qos.logback.classic.joran.action.ConfigurationAction - debug attribute not set
16:18:29,113 |-INFO in ch.qos.logback.core.joran.action.AppenderAction - About to instantiate appender of type [ch.qos.logback.core.ConsoleAppender]
16:18:29,117 |-INFO in ch.qos.logback.core.joran.action.AppenderAction - Naming appender as [STDOUT]
16:18:29,120 |-INFO in ch.qos.logback.core.joran.action.NestedComplexPropertyIA - Assuming default type [ch.qos.logback.classic.encoder.PatternLayoutEncoder] for [encoder] property
16:18:29,154 |-INFO in ch.qos.logback.core.joran.action.AppenderAction - About to instantiate appender of type [ch.qos.logback.core.ConsoleAppender]
16:18:29,154 |-INFO in ch.qos.logback.core.joran.action.AppenderAction - Naming appender as [CONSOLE]
16:18:29,155 |-WARN in ch.qos.logback.core.ConsoleAppender[CONSOLE] - This appender no longer admits a layout as a sub-component, set an encoder instead.
16:18:29,155 |-WARN in ch.qos.logback.core.ConsoleAppender[CONSOLE] - To ensure compatibility, wrapping your layout in LayoutWrappingEncoder.
16:18:29,155 |-WARN in ch.qos.logback.core.ConsoleAppender[CONSOLE] - See also http://logback.qos.ch/codes.html#layoutInsteadOfEncoder for details
16:18:29,155 |-INFO in ch.qos.logback.classic.joran.action.LoggerAction - Setting level of logger [com.mkyong] to DEBUG
16:18:29,155 |-INFO in ch.qos.logback.classic.joran.action.LoggerAction - Setting additivity of logger [com.mkyong] to false
16:18:29,155 |-INFO in ch.qos.logback.core.joran.action.AppenderRefAction - Attaching appender named [CONSOLE] to Logger[com.mkyong]
16:18:29,156 |-INFO in ch.qos.logback.classic.joran.action.RootLoggerAction - Setting level of ROOT logger to INFO
16:18:29,156 |-INFO in ch.qos.logback.core.joran.action.AppenderRefAction - Attaching appender named [CONSOLE] to Logger[ROOT]
16:18:29,156 |-INFO in ch.qos.logback.classic.joran.action.ConfigurationAction - End of configuration.
16:18:29,156 |-INFO in ch.qos.logback.classic.joran.JoranConfigurator@5f77d0f9 - Registering current configuration as safe fallback point

[INFO ] 04 Nov 16:18:29 [c.s.c.a.f.b.TestBase : 32] - Running against environment: QA
[INFO ] 04 Nov 16:18:29 [c.s.c.a.f.b.TestBase : 40] - platformType: WEB
[INFO ] 04 Nov 16:18:29 [c.s.c.a.f.b.TestBase : 41] - browserName: CHROME-REMOTE
</stdout>
          <stderr>Nov 04, 2021 4:18:29 PM org.openqa.selenium.remote.tracing.opentelemetry.OpenTelemetryTracer createTracer
INFO: Using OpenTelemetry for tracing
</stderr>
          <failedSince>39</failedSince>
        </case>
        <case>
          <duration>0.0</duration>
          <className>com.sprite.cloud.automation.framework.web.bookstore.LoginTest</className>
          <testName>setup</testName>
          <skipped>true</skipped>
          <skippedMessage></skippedMessage>
          <failedSince>0</failedSince>
        </case>
        <case>
          <duration>0.0</duration>
          <className>com.sprite.cloud.automation.framework.web.bookstore.LoginTest</className>
          <testName>setup</testName>
          <skipped>true</skipped>
          <skippedMessage></skippedMessage>
          <failedSince>0</failedSince>
        </case>
        <case>
          <duration>0.0</duration>
          <className>com.sprite.cloud.automation.framework.web.bookstore.LoginTest</className>
          <testName>LogIn</testName>
          <skipped>true</skipped>
          <skippedMessage>Could not start a new session. Possible causes are invalid address of the remote server or browser start-up failure.
Build info: version: &apos;4.0.0&apos;, revision: &apos;3a21814679&apos;
System info: host: &apos;0cce1f9f7fd9&apos;, ip: &apos;172.19.0.2&apos;, os.name: &apos;Linux&apos;, os.arch: &apos;amd64&apos;, os.version: &apos;5.11.0-38-generic&apos;, java.version: &apos;11.0.12&apos;
Driver info: org.openqa.selenium.remote.RemoteWebDriver
Command: [null, newSession {capabilities=[Capabilities {browserName: chrome, goog:chromeOptions: {args: [], extensions: []}}], desiredCapabilities=Capabilities {browserName: chrome, goog:chromeOptions: {args: [], extensions: []}}}]
Capabilities {}</skippedMessage>
          <failedSince>0</failedSince>
        </case>
        <case>
          <duration>0.0</duration>
          <className>com.sprite.cloud.automation.framework.web.bookstore.LoginTest</className>
          <testName>LogIn</testName>
          <skipped>true</skipped>
          <skippedMessage>Could not start a new session. Possible causes are invalid address of the remote server or browser start-up failure.
Build info: version: &apos;4.0.0&apos;, revision: &apos;3a21814679&apos;
System info: host: &apos;0cce1f9f7fd9&apos;, ip: &apos;172.19.0.2&apos;, os.name: &apos;Linux&apos;, os.arch: &apos;amd64&apos;, os.version: &apos;5.11.0-38-generic&apos;, java.version: &apos;11.0.12&apos;
Driver info: org.openqa.selenium.remote.RemoteWebDriver
Command: [null, newSession {capabilities=[Capabilities {acceptInsecureCerts: true, browserName: firefox, moz:debuggerAddress: true, moz:firefoxOptions: {}}], desiredCapabilities=Capabilities {acceptInsecureCerts: true, browserName: firefox, moz:debuggerAddress: true, moz:firefoxOptions: {}}}]
Capabilities {}</skippedMessage>
          <failedSince>0</failedSince>
        </case>
        <case>
          <duration>0.068</duration>
          <className>com.sprite.cloud.automation.framework.web.bookstore.LoginTest</className>
          <testName>setupDriver[WEB, FIREFOX-REMOTE](0)</testName>
          <skipped>false</skipped>
          <errorStackTrace>org.openqa.selenium.SessionNotCreatedException: 
Could not start a new session. Possible causes are invalid address of the remote server or browser start-up failure.
Build info: version: &apos;4.0.0&apos;, revision: &apos;3a21814679&apos;
System info: host: &apos;0cce1f9f7fd9&apos;, ip: &apos;172.19.0.2&apos;, os.name: &apos;Linux&apos;, os.arch: &apos;amd64&apos;, os.version: &apos;5.11.0-38-generic&apos;, java.version: &apos;11.0.12&apos;
Driver info: org.openqa.selenium.remote.RemoteWebDriver
Command: [null, newSession {capabilities=[Capabilities {acceptInsecureCerts: true, browserName: firefox, moz:debuggerAddress: true, moz:firefoxOptions: {}}], desiredCapabilities=Capabilities {acceptInsecureCerts: true, browserName: firefox, moz:debuggerAddress: true, moz:firefoxOptions: {}}}]
Capabilities {}
Caused by: java.io.UncheckedIOException: java.net.ConnectException: Connection refused: localhost/127.0.0.1:4444
Caused by: java.net.ConnectException: Connection refused: localhost/127.0.0.1:4444
Caused by: io.netty.channel.AbstractChannel$AnnotatedConnectException: Connection refused: localhost/127.0.0.1:4444
Caused by: java.net.ConnectException: Connection refused
</errorStackTrace>
          <errorDetails>Could not start a new session. Possible causes are invalid address of the remote server or browser start-up failure.
Build info: version: &apos;4.0.0&apos;, revision: &apos;3a21814679&apos;
System info: host: &apos;0cce1f9f7fd9&apos;, ip: &apos;172.19.0.2&apos;, os.name: &apos;Linux&apos;, os.arch: &apos;amd64&apos;, os.version: &apos;5.11.0-38-generic&apos;, java.version: &apos;11.0.12&apos;
Driver info: org.openqa.selenium.remote.RemoteWebDriver
Command: [null, newSession {capabilities=[Capabilities {acceptInsecureCerts: true, browserName: firefox, moz:debuggerAddress: true, moz:firefoxOptions: {}}], desiredCapabilities=Capabilities {acceptInsecureCerts: true, browserName: firefox, moz:debuggerAddress: true, moz:firefoxOptions: {}}}]
Capabilities {}</errorDetails>
          <stdout>[INFO ] 04 Nov 16:18:29 [c.s.c.a.f.b.TestBase : 84] - Selenium Driver closed
[INFO ] 04 Nov 16:18:29 [c.s.c.a.f.b.TestBase : 40] - platformType: WEB
[INFO ] 04 Nov 16:18:29 [c.s.c.a.f.b.TestBase : 41] - browserName: FIREFOX-REMOTE
</stdout>
          <failedSince>39</failedSince>
        </case>
        <case>
          <duration>0.04</duration>
          <className>com.sprite.cloud.automation.framework.web.bookstore.AddBookToCollectionTest</className>
          <testName>setupDriver[WEB, CHROME-REMOTE](0)</testName>
          <skipped>false</skipped>
          <errorStackTrace>org.openqa.selenium.SessionNotCreatedException: 
Could not start a new session. Possible causes are invalid address of the remote server or browser start-up failure.
Build info: version: &apos;4.0.0&apos;, revision: &apos;3a21814679&apos;
System info: host: &apos;0cce1f9f7fd9&apos;, ip: &apos;172.19.0.2&apos;, os.name: &apos;Linux&apos;, os.arch: &apos;amd64&apos;, os.version: &apos;5.11.0-38-generic&apos;, java.version: &apos;11.0.12&apos;
Driver info: org.openqa.selenium.remote.RemoteWebDriver
Command: [null, newSession {capabilities=[Capabilities {browserName: chrome, goog:chromeOptions: {args: [], extensions: []}}], desiredCapabilities=Capabilities {browserName: chrome, goog:chromeOptions: {args: [], extensions: []}}}]
Capabilities {}
Caused by: java.io.UncheckedIOException: java.net.ConnectException: Connection refused: localhost/127.0.0.1:4444
Caused by: java.net.ConnectException: Connection refused: localhost/127.0.0.1:4444
Caused by: io.netty.channel.AbstractChannel$AnnotatedConnectException: Connection refused: localhost/127.0.0.1:4444
Caused by: java.net.ConnectException: Connection refused
</errorStackTrace>
          <errorDetails>Could not start a new session. Possible causes are invalid address of the remote server or browser start-up failure.
Build info: version: &apos;4.0.0&apos;, revision: &apos;3a21814679&apos;
System info: host: &apos;0cce1f9f7fd9&apos;, ip: &apos;172.19.0.2&apos;, os.name: &apos;Linux&apos;, os.arch: &apos;amd64&apos;, os.version: &apos;5.11.0-38-generic&apos;, java.version: &apos;11.0.12&apos;
Driver info: org.openqa.selenium.remote.RemoteWebDriver
Command: [null, newSession {capabilities=[Capabilities {browserName: chrome, goog:chromeOptions: {args: [], extensions: []}}], desiredCapabilities=Capabilities {browserName: chrome, goog:chromeOptions: {args: [], extensions: []}}}]
Capabilities {}</errorDetails>
          <stdout>[INFO ] 04 Nov 16:18:29 [c.s.c.a.f.b.TestBase : 84] - Selenium Driver closed
[INFO ] 04 Nov 16:18:29 [c.s.c.a.f.b.TestBase : 40] - platformType: WEB
[INFO ] 04 Nov 16:18:29 [c.s.c.a.f.b.TestBase : 41] - browserName: CHROME-REMOTE
</stdout>
          <failedSince>39</failedSince>
        </case>
        <case>
          <duration>0.0</duration>
          <className>com.sprite.cloud.automation.framework.web.bookstore.AddBookToCollectionTest</className>
          <testName>setup</testName>
          <skipped>true</skipped>
          <skippedMessage></skippedMessage>
          <failedSince>0</failedSince>
        </case>
        <case>
          <duration>0.0</duration>
          <className>com.sprite.cloud.automation.framework.web.bookstore.AddBookToCollectionTest</className>
          <testName>AddNewBookToCollection</testName>
          <skipped>true</skipped>
          <skippedMessage>Could not start a new session. Possible causes are invalid address of the remote server or browser start-up failure.
Build info: version: &apos;4.0.0&apos;, revision: &apos;3a21814679&apos;
System info: host: &apos;0cce1f9f7fd9&apos;, ip: &apos;172.19.0.2&apos;, os.name: &apos;Linux&apos;, os.arch: &apos;amd64&apos;, os.version: &apos;5.11.0-38-generic&apos;, java.version: &apos;11.0.12&apos;
Driver info: org.openqa.selenium.remote.RemoteWebDriver
Command: [null, newSession {capabilities=[Capabilities {browserName: chrome, goog:chromeOptions: {args: [], extensions: []}}], desiredCapabilities=Capabilities {browserName: chrome, goog:chromeOptions: {args: [], extensions: []}}}]
Capabilities {}</skippedMessage>
          <failedSince>0</failedSince>
        </case>
        <case>
          <duration>0.945</duration>
          <className>com.sprite.cloud.automation.framework.web.bookstore.LoginTest</className>
          <testName>setupDriver[WEB, CHROME-REMOTE](0)</testName>
          <skipped>false</skipped>
          <errorStackTrace>org.openqa.selenium.SessionNotCreatedException: 
Could not start a new session. Possible causes are invalid address of the remote server or browser start-up failure.
Build info: version: &apos;4.0.0&apos;, revision: &apos;3a21814679&apos;
System info: host: &apos;9df4b22300a7&apos;, ip: &apos;172.20.0.2&apos;, os.name: &apos;Linux&apos;, os.arch: &apos;amd64&apos;, os.version: &apos;5.11.0-38-generic&apos;, java.version: &apos;11.0.12&apos;
Driver info: org.openqa.selenium.remote.RemoteWebDriver
Command: [null, newSession {capabilities=[Capabilities {browserName: chrome, goog:chromeOptions: {args: [], extensions: []}}], desiredCapabilities=Capabilities {browserName: chrome, goog:chromeOptions: {args: [], extensions: []}}}]
Capabilities {}
Caused by: java.io.UncheckedIOException: java.net.ConnectException: Connection refused: /127.0.0.1:4444
Caused by: java.net.ConnectException: Connection refused: /127.0.0.1:4444
Caused by: io.netty.channel.AbstractChannel$AnnotatedConnectException: Connection refused: /127.0.0.1:4444
Caused by: java.net.ConnectException: Connection refused
</errorStackTrace>
          <errorDetails>Could not start a new session. Possible causes are invalid address of the remote server or browser start-up failure.
Build info: version: &apos;4.0.0&apos;, revision: &apos;3a21814679&apos;
System info: host: &apos;9df4b22300a7&apos;, ip: &apos;172.20.0.2&apos;, os.name: &apos;Linux&apos;, os.arch: &apos;amd64&apos;, os.version: &apos;5.11.0-38-generic&apos;, java.version: &apos;11.0.12&apos;
Driver info: org.openqa.selenium.remote.RemoteWebDriver
Command: [null, newSession {capabilities=[Capabilities {browserName: chrome, goog:chromeOptions: {args: [], extensions: []}}], desiredCapabilities=Capabilities {browserName: chrome, goog:chromeOptions: {args: [], extensions: []}}}]
Capabilities {}</errorDetails>
          <stdout>16:31:14,511 |-INFO in ch.qos.logback.classic.LoggerContext[default] - Found resource [logback-test.xml] at [file:/var/jenkins_home/workspace/sc-automation-framework/target/test-classes/logback-test.xml]
16:31:14,534 |-INFO in ch.qos.logback.classic.joran.action.ConfigurationAction - debug attribute not set
16:31:14,534 |-INFO in ch.qos.logback.core.joran.action.AppenderAction - About to instantiate appender of type [ch.qos.logback.core.ConsoleAppender]
16:31:14,538 |-INFO in ch.qos.logback.core.joran.action.AppenderAction - Naming appender as [STDOUT]
16:31:14,542 |-INFO in ch.qos.logback.core.joran.action.NestedComplexPropertyIA - Assuming default type [ch.qos.logback.classic.encoder.PatternLayoutEncoder] for [encoder] property
16:31:14,583 |-INFO in ch.qos.logback.core.joran.action.AppenderAction - About to instantiate appender of type [ch.qos.logback.core.ConsoleAppender]
16:31:14,583 |-INFO in ch.qos.logback.core.joran.action.AppenderAction - Naming appender as [CONSOLE]
16:31:14,585 |-WARN in ch.qos.logback.core.ConsoleAppender[CONSOLE] - This appender no longer admits a layout as a sub-component, set an encoder instead.
16:31:14,585 |-WARN in ch.qos.logback.core.ConsoleAppender[CONSOLE] - To ensure compatibility, wrapping your layout in LayoutWrappingEncoder.
16:31:14,585 |-WARN in ch.qos.logback.core.ConsoleAppender[CONSOLE] - See also http://logback.qos.ch/codes.html#layoutInsteadOfEncoder for details
16:31:14,585 |-INFO in ch.qos.logback.classic.joran.action.LoggerAction - Setting level of logger [com.mkyong] to DEBUG
16:31:14,585 |-INFO in ch.qos.logback.classic.joran.action.LoggerAction - Setting additivity of logger [com.mkyong] to false
16:31:14,585 |-INFO in ch.qos.logback.core.joran.action.AppenderRefAction - Attaching appender named [CONSOLE] to Logger[com.mkyong]
16:31:14,585 |-INFO in ch.qos.logback.classic.joran.action.RootLoggerAction - Setting level of ROOT logger to INFO
16:31:14,585 |-INFO in ch.qos.logback.core.joran.action.AppenderRefAction - Attaching appender named [CONSOLE] to Logger[ROOT]
16:31:14,585 |-INFO in ch.qos.logback.classic.joran.action.ConfigurationAction - End of configuration.
16:31:14,586 |-INFO in ch.qos.logback.classic.joran.JoranConfigurator@5f77d0f9 - Registering current configuration as safe fallback point

[INFO ] 04 Nov 16:31:14 [c.s.c.a.f.b.TestBase : 32] - Running against environment: QA
[INFO ] 04 Nov 16:31:14 [c.s.c.a.f.b.TestBase : 40] - platformType: WEB
[INFO ] 04 Nov 16:31:14 [c.s.c.a.f.b.TestBase : 41] - browserName: CHROME-REMOTE
</stdout>
          <stderr>Nov 04, 2021 4:31:14 PM org.openqa.selenium.remote.tracing.opentelemetry.OpenTelemetryTracer createTracer
INFO: Using OpenTelemetry for tracing
</stderr>
          <failedSince>39</failedSince>
        </case>
        <case>
          <duration>0.0</duration>
          <className>com.sprite.cloud.automation.framework.web.bookstore.LoginTest</className>
          <testName>setup</testName>
          <skipped>true</skipped>
          <skippedMessage></skippedMessage>
          <failedSince>0</failedSince>
        </case>
        <case>
          <duration>0.0</duration>
          <className>com.sprite.cloud.automation.framework.web.bookstore.LoginTest</className>
          <testName>setup</testName>
          <skipped>true</skipped>
          <skippedMessage></skippedMessage>
          <failedSince>0</failedSince>
        </case>
        <case>
          <duration>0.0</duration>
          <className>com.sprite.cloud.automation.framework.web.bookstore.LoginTest</className>
          <testName>LogIn</testName>
          <skipped>true</skipped>
          <skippedMessage>Could not start a new session. Possible causes are invalid address of the remote server or browser start-up failure.
Build info: version: &apos;4.0.0&apos;, revision: &apos;3a21814679&apos;
System info: host: &apos;9df4b22300a7&apos;, ip: &apos;172.20.0.2&apos;, os.name: &apos;Linux&apos;, os.arch: &apos;amd64&apos;, os.version: &apos;5.11.0-38-generic&apos;, java.version: &apos;11.0.12&apos;
Driver info: org.openqa.selenium.remote.RemoteWebDriver
Command: [null, newSession {capabilities=[Capabilities {browserName: chrome, goog:chromeOptions: {args: [], extensions: []}}], desiredCapabilities=Capabilities {browserName: chrome, goog:chromeOptions: {args: [], extensions: []}}}]
Capabilities {}</skippedMessage>
          <failedSince>0</failedSince>
        </case>
        <case>
          <duration>0.0</duration>
          <className>com.sprite.cloud.automation.framework.web.bookstore.LoginTest</className>
          <testName>LogIn</testName>
          <skipped>true</skipped>
          <skippedMessage>Could not start a new session. Possible causes are invalid address of the remote server or browser start-up failure.
Build info: version: &apos;4.0.0&apos;, revision: &apos;3a21814679&apos;
System info: host: &apos;9df4b22300a7&apos;, ip: &apos;172.20.0.2&apos;, os.name: &apos;Linux&apos;, os.arch: &apos;amd64&apos;, os.version: &apos;5.11.0-38-generic&apos;, java.version: &apos;11.0.12&apos;
Driver info: org.openqa.selenium.remote.RemoteWebDriver
Command: [null, newSession {capabilities=[Capabilities {acceptInsecureCerts: true, browserName: firefox, moz:debuggerAddress: true, moz:firefoxOptions: {}}], desiredCapabilities=Capabilities {acceptInsecureCerts: true, browserName: firefox, moz:debuggerAddress: true, moz:firefoxOptions: {}}}]
Capabilities {}</skippedMessage>
          <failedSince>0</failedSince>
        </case>
        <case>
          <duration>0.051</duration>
          <className>com.sprite.cloud.automation.framework.web.bookstore.LoginTest</className>
          <testName>setupDriver[WEB, FIREFOX-REMOTE](0)</testName>
          <skipped>false</skipped>
          <errorStackTrace>org.openqa.selenium.SessionNotCreatedException: 
Could not start a new session. Possible causes are invalid address of the remote server or browser start-up failure.
Build info: version: &apos;4.0.0&apos;, revision: &apos;3a21814679&apos;
System info: host: &apos;9df4b22300a7&apos;, ip: &apos;172.20.0.2&apos;, os.name: &apos;Linux&apos;, os.arch: &apos;amd64&apos;, os.version: &apos;5.11.0-38-generic&apos;, java.version: &apos;11.0.12&apos;
Driver info: org.openqa.selenium.remote.RemoteWebDriver
Command: [null, newSession {capabilities=[Capabilities {acceptInsecureCerts: true, browserName: firefox, moz:debuggerAddress: true, moz:firefoxOptions: {}}], desiredCapabilities=Capabilities {acceptInsecureCerts: true, browserName: firefox, moz:debuggerAddress: true, moz:firefoxOptions: {}}}]
Capabilities {}
Caused by: java.io.UncheckedIOException: java.net.ConnectException: Connection refused: /127.0.0.1:4444
Caused by: java.net.ConnectException: Connection refused: /127.0.0.1:4444
Caused by: io.netty.channel.AbstractChannel$AnnotatedConnectException: Connection refused: /127.0.0.1:4444
Caused by: java.net.ConnectException: Connection refused
</errorStackTrace>
          <errorDetails>Could not start a new session. Possible causes are invalid address of the remote server or browser start-up failure.
Build info: version: &apos;4.0.0&apos;, revision: &apos;3a21814679&apos;
System info: host: &apos;9df4b22300a7&apos;, ip: &apos;172.20.0.2&apos;, os.name: &apos;Linux&apos;, os.arch: &apos;amd64&apos;, os.version: &apos;5.11.0-38-generic&apos;, java.version: &apos;11.0.12&apos;
Driver info: org.openqa.selenium.remote.RemoteWebDriver
Command: [null, newSession {capabilities=[Capabilities {acceptInsecureCerts: true, browserName: firefox, moz:debuggerAddress: true, moz:firefoxOptions: {}}], desiredCapabilities=Capabilities {acceptInsecureCerts: true, browserName: firefox, moz:debuggerAddress: true, moz:firefoxOptions: {}}}]
Capabilities {}</errorDetails>
          <stdout>[INFO ] 04 Nov 16:31:15 [c.s.c.a.f.b.TestBase : 84] - Selenium Driver closed
[INFO ] 04 Nov 16:31:15 [c.s.c.a.f.b.TestBase : 40] - platformType: WEB
[INFO ] 04 Nov 16:31:15 [c.s.c.a.f.b.TestBase : 41] - browserName: FIREFOX-REMOTE
</stdout>
          <failedSince>39</failedSince>
        </case>
        <case>
          <duration>0.03</duration>
          <className>com.sprite.cloud.automation.framework.web.bookstore.AddBookToCollectionTest</className>
          <testName>setupDriver[WEB, CHROME-REMOTE](0)</testName>
          <skipped>false</skipped>
          <errorStackTrace>org.openqa.selenium.SessionNotCreatedException: 
Could not start a new session. Possible causes are invalid address of the remote server or browser start-up failure.
Build info: version: &apos;4.0.0&apos;, revision: &apos;3a21814679&apos;
System info: host: &apos;9df4b22300a7&apos;, ip: &apos;172.20.0.2&apos;, os.name: &apos;Linux&apos;, os.arch: &apos;amd64&apos;, os.version: &apos;5.11.0-38-generic&apos;, java.version: &apos;11.0.12&apos;
Driver info: org.openqa.selenium.remote.RemoteWebDriver
Command: [null, newSession {capabilities=[Capabilities {browserName: chrome, goog:chromeOptions: {args: [], extensions: []}}], desiredCapabilities=Capabilities {browserName: chrome, goog:chromeOptions: {args: [], extensions: []}}}]
Capabilities {}
Caused by: java.io.UncheckedIOException: java.net.ConnectException: Connection refused: /127.0.0.1:4444
Caused by: java.net.ConnectException: Connection refused: /127.0.0.1:4444
Caused by: io.netty.channel.AbstractChannel$AnnotatedConnectException: Connection refused: /127.0.0.1:4444
Caused by: java.net.ConnectException: Connection refused
</errorStackTrace>
          <errorDetails>Could not start a new session. Possible causes are invalid address of the remote server or browser start-up failure.
Build info: version: &apos;4.0.0&apos;, revision: &apos;3a21814679&apos;
System info: host: &apos;9df4b22300a7&apos;, ip: &apos;172.20.0.2&apos;, os.name: &apos;Linux&apos;, os.arch: &apos;amd64&apos;, os.version: &apos;5.11.0-38-generic&apos;, java.version: &apos;11.0.12&apos;
Driver info: org.openqa.selenium.remote.RemoteWebDriver
Command: [null, newSession {capabilities=[Capabilities {browserName: chrome, goog:chromeOptions: {args: [], extensions: []}}], desiredCapabilities=Capabilities {browserName: chrome, goog:chromeOptions: {args: [], extensions: []}}}]
Capabilities {}</errorDetails>
          <stdout>[INFO ] 04 Nov 16:31:15 [c.s.c.a.f.b.TestBase : 84] - Selenium Driver closed
[INFO ] 04 Nov 16:31:15 [c.s.c.a.f.b.TestBase : 40] - platformType: WEB
[INFO ] 04 Nov 16:31:15 [c.s.c.a.f.b.TestBase : 41] - browserName: CHROME-REMOTE
</stdout>
          <failedSince>39</failedSince>
        </case>
        <case>
          <duration>0.0</duration>
          <className>com.sprite.cloud.automation.framework.web.bookstore.AddBookToCollectionTest</className>
          <testName>setup</testName>
          <skipped>true</skipped>
          <skippedMessage></skippedMessage>
          <failedSince>0</failedSince>
        </case>
        <case>
          <duration>0.0</duration>
          <className>com.sprite.cloud.automation.framework.web.bookstore.AddBookToCollectionTest</className>
          <testName>AddNewBookToCollection</testName>
          <skipped>true</skipped>
          <skippedMessage>Could not start a new session. Possible causes are invalid address of the remote server or browser start-up failure.
Build info: version: &apos;4.0.0&apos;, revision: &apos;3a21814679&apos;
System info: host: &apos;9df4b22300a7&apos;, ip: &apos;172.20.0.2&apos;, os.name: &apos;Linux&apos;, os.arch: &apos;amd64&apos;, os.version: &apos;5.11.0-38-generic&apos;, java.version: &apos;11.0.12&apos;
Driver info: org.openqa.selenium.remote.RemoteWebDriver
Command: [null, newSession {capabilities=[Capabilities {browserName: chrome, goog:chromeOptions: {args: [], extensions: []}}], desiredCapabilities=Capabilities {browserName: chrome, goog:chromeOptions: {args: [], extensions: []}}}]
Capabilities {}</skippedMessage>
          <failedSince>0</failedSince>
        </case>
        <case>
          <duration>0.905</duration>
          <className>com.sprite.cloud.automation.framework.web.bookstore.LoginTest</className>
          <testName>setupDriver[WEB, CHROME-REMOTE](0)</testName>
          <skipped>false</skipped>
          <errorStackTrace>org.openqa.selenium.SessionNotCreatedException: 
Could not start a new session. Possible causes are invalid address of the remote server or browser start-up failure.
Build info: version: &apos;4.0.0&apos;, revision: &apos;3a21814679&apos;
System info: host: &apos;9df4b22300a7&apos;, ip: &apos;172.20.0.2&apos;, os.name: &apos;Linux&apos;, os.arch: &apos;amd64&apos;, os.version: &apos;5.11.0-38-generic&apos;, java.version: &apos;11.0.12&apos;
Driver info: org.openqa.selenium.remote.RemoteWebDriver
Command: [null, newSession {capabilities=[Capabilities {browserName: chrome, goog:chromeOptions: {args: [], extensions: []}}], desiredCapabilities=Capabilities {browserName: chrome, goog:chromeOptions: {args: [], extensions: []}}}]
Capabilities {}
Caused by: java.io.UncheckedIOException: java.net.ConnectException: Connection refused: /127.0.0.1:4444
Caused by: java.net.ConnectException: Connection refused: /127.0.0.1:4444
Caused by: io.netty.channel.AbstractChannel$AnnotatedConnectException: Connection refused: /127.0.0.1:4444
Caused by: java.net.ConnectException: Connection refused
</errorStackTrace>
          <errorDetails>Could not start a new session. Possible causes are invalid address of the remote server or browser start-up failure.
Build info: version: &apos;4.0.0&apos;, revision: &apos;3a21814679&apos;
System info: host: &apos;9df4b22300a7&apos;, ip: &apos;172.20.0.2&apos;, os.name: &apos;Linux&apos;, os.arch: &apos;amd64&apos;, os.version: &apos;5.11.0-38-generic&apos;, java.version: &apos;11.0.12&apos;
Driver info: org.openqa.selenium.remote.RemoteWebDriver
Command: [null, newSession {capabilities=[Capabilities {browserName: chrome, goog:chromeOptions: {args: [], extensions: []}}], desiredCapabilities=Capabilities {browserName: chrome, goog:chromeOptions: {args: [], extensions: []}}}]
Capabilities {}</errorDetails>
          <stdout>16:41:41,062 |-INFO in ch.qos.logback.classic.LoggerContext[default] - Found resource [logback-test.xml] at [file:/var/jenkins_home/workspace/sc-automation-framework/target/test-classes/logback-test.xml]
16:41:41,085 |-INFO in ch.qos.logback.classic.joran.action.ConfigurationAction - debug attribute not set
16:41:41,085 |-INFO in ch.qos.logback.core.joran.action.AppenderAction - About to instantiate appender of type [ch.qos.logback.core.ConsoleAppender]
16:41:41,090 |-INFO in ch.qos.logback.core.joran.action.AppenderAction - Naming appender as [STDOUT]
16:41:41,094 |-INFO in ch.qos.logback.core.joran.action.NestedComplexPropertyIA - Assuming default type [ch.qos.logback.classic.encoder.PatternLayoutEncoder] for [encoder] property
16:41:41,128 |-INFO in ch.qos.logback.core.joran.action.AppenderAction - About to instantiate appender of type [ch.qos.logback.core.ConsoleAppender]
16:41:41,128 |-INFO in ch.qos.logback.core.joran.action.AppenderAction - Naming appender as [CONSOLE]
16:41:41,129 |-WARN in ch.qos.logback.core.ConsoleAppender[CONSOLE] - This appender no longer admits a layout as a sub-component, set an encoder instead.
16:41:41,129 |-WARN in ch.qos.logback.core.ConsoleAppender[CONSOLE] - To ensure compatibility, wrapping your layout in LayoutWrappingEncoder.
16:41:41,129 |-WARN in ch.qos.logback.core.ConsoleAppender[CONSOLE] - See also http://logback.qos.ch/codes.html#layoutInsteadOfEncoder for details
16:41:41,129 |-INFO in ch.qos.logback.classic.joran.action.LoggerAction - Setting level of logger [com.mkyong] to DEBUG
16:41:41,129 |-INFO in ch.qos.logback.classic.joran.action.LoggerAction - Setting additivity of logger [com.mkyong] to false
16:41:41,129 |-INFO in ch.qos.logback.core.joran.action.AppenderRefAction - Attaching appender named [CONSOLE] to Logger[com.mkyong]
16:41:41,130 |-INFO in ch.qos.logback.classic.joran.action.RootLoggerAction - Setting level of ROOT logger to INFO
16:41:41,130 |-INFO in ch.qos.logback.core.joran.action.AppenderRefAction - Attaching appender named [CONSOLE] to Logger[ROOT]
16:41:41,130 |-INFO in ch.qos.logback.classic.joran.action.ConfigurationAction - End of configuration.
16:41:41,130 |-INFO in ch.qos.logback.classic.joran.JoranConfigurator@5f77d0f9 - Registering current configuration as safe fallback point

[INFO ] 04 Nov 16:41:41 [c.s.c.a.f.b.TestBase : 32] - Running against environment: QA
[INFO ] 04 Nov 16:41:41 [c.s.c.a.f.b.TestBase : 40] - platformType: WEB
[INFO ] 04 Nov 16:41:41 [c.s.c.a.f.b.TestBase : 41] - browserName: CHROME-REMOTE
</stdout>
          <stderr>Nov 04, 2021 4:41:41 PM org.openqa.selenium.remote.tracing.opentelemetry.OpenTelemetryTracer createTracer
INFO: Using OpenTelemetry for tracing
</stderr>
          <failedSince>39</failedSince>
        </case>
        <case>
          <duration>0.0</duration>
          <className>com.sprite.cloud.automation.framework.web.bookstore.LoginTest</className>
          <testName>setup</testName>
          <skipped>true</skipped>
          <skippedMessage></skippedMessage>
          <failedSince>0</failedSince>
        </case>
        <case>
          <duration>0.0</duration>
          <className>com.sprite.cloud.automation.framework.web.bookstore.LoginTest</className>
          <testName>setup</testName>
          <skipped>true</skipped>
          <skippedMessage></skippedMessage>
          <failedSince>0</failedSince>
        </case>
        <case>
          <duration>0.0</duration>
          <className>com.sprite.cloud.automation.framework.web.bookstore.LoginTest</className>
          <testName>LogIn</testName>
          <skipped>true</skipped>
          <skippedMessage>Could not start a new session. Possible causes are invalid address of the remote server or browser start-up failure.
Build info: version: &apos;4.0.0&apos;, revision: &apos;3a21814679&apos;
System info: host: &apos;9df4b22300a7&apos;, ip: &apos;172.20.0.2&apos;, os.name: &apos;Linux&apos;, os.arch: &apos;amd64&apos;, os.version: &apos;5.11.0-38-generic&apos;, java.version: &apos;11.0.12&apos;
Driver info: org.openqa.selenium.remote.RemoteWebDriver
Command: [null, newSession {capabilities=[Capabilities {browserName: chrome, goog:chromeOptions: {args: [], extensions: []}}], desiredCapabilities=Capabilities {browserName: chrome, goog:chromeOptions: {args: [], extensions: []}}}]
Capabilities {}</skippedMessage>
          <failedSince>0</failedSince>
        </case>
        <case>
          <duration>0.0</duration>
          <className>com.sprite.cloud.automation.framework.web.bookstore.LoginTest</className>
          <testName>LogIn</testName>
          <skipped>true</skipped>
          <skippedMessage>Could not start a new session. Possible causes are invalid address of the remote server or browser start-up failure.
Build info: version: &apos;4.0.0&apos;, revision: &apos;3a21814679&apos;
System info: host: &apos;9df4b22300a7&apos;, ip: &apos;172.20.0.2&apos;, os.name: &apos;Linux&apos;, os.arch: &apos;amd64&apos;, os.version: &apos;5.11.0-38-generic&apos;, java.version: &apos;11.0.12&apos;
Driver info: org.openqa.selenium.remote.RemoteWebDriver
Command: [null, newSession {capabilities=[Capabilities {acceptInsecureCerts: true, browserName: firefox, moz:debuggerAddress: true, moz:firefoxOptions: {}}], desiredCapabilities=Capabilities {acceptInsecureCerts: true, browserName: firefox, moz:debuggerAddress: true, moz:firefoxOptions: {}}}]
Capabilities {}</skippedMessage>
          <failedSince>0</failedSince>
        </case>
        <case>
          <duration>0.055</duration>
          <className>com.sprite.cloud.automation.framework.web.bookstore.LoginTest</className>
          <testName>setupDriver[WEB, FIREFOX-REMOTE](0)</testName>
          <skipped>false</skipped>
          <errorStackTrace>org.openqa.selenium.SessionNotCreatedException: 
Could not start a new session. Possible causes are invalid address of the remote server or browser start-up failure.
Build info: version: &apos;4.0.0&apos;, revision: &apos;3a21814679&apos;
System info: host: &apos;9df4b22300a7&apos;, ip: &apos;172.20.0.2&apos;, os.name: &apos;Linux&apos;, os.arch: &apos;amd64&apos;, os.version: &apos;5.11.0-38-generic&apos;, java.version: &apos;11.0.12&apos;
Driver info: org.openqa.selenium.remote.RemoteWebDriver
Command: [null, newSession {capabilities=[Capabilities {acceptInsecureCerts: true, browserName: firefox, moz:debuggerAddress: true, moz:firefoxOptions: {}}], desiredCapabilities=Capabilities {acceptInsecureCerts: true, browserName: firefox, moz:debuggerAddress: true, moz:firefoxOptions: {}}}]
Capabilities {}
Caused by: java.io.UncheckedIOException: java.net.ConnectException: Connection refused: /127.0.0.1:4444
Caused by: java.net.ConnectException: Connection refused: /127.0.0.1:4444
Caused by: io.netty.channel.AbstractChannel$AnnotatedConnectException: Connection refused: /127.0.0.1:4444
Caused by: java.net.ConnectException: Connection refused
</errorStackTrace>
          <errorDetails>Could not start a new session. Possible causes are invalid address of the remote server or browser start-up failure.
Build info: version: &apos;4.0.0&apos;, revision: &apos;3a21814679&apos;
System info: host: &apos;9df4b22300a7&apos;, ip: &apos;172.20.0.2&apos;, os.name: &apos;Linux&apos;, os.arch: &apos;amd64&apos;, os.version: &apos;5.11.0-38-generic&apos;, java.version: &apos;11.0.12&apos;
Driver info: org.openqa.selenium.remote.RemoteWebDriver
Command: [null, newSession {capabilities=[Capabilities {acceptInsecureCerts: true, browserName: firefox, moz:debuggerAddress: true, moz:firefoxOptions: {}}], desiredCapabilities=Capabilities {acceptInsecureCerts: true, browserName: firefox, moz:debuggerAddress: true, moz:firefoxOptions: {}}}]
Capabilities {}</errorDetails>
          <stdout>[INFO ] 04 Nov 16:41:41 [c.s.c.a.f.b.TestBase : 84] - Selenium Driver closed
[INFO ] 04 Nov 16:41:41 [c.s.c.a.f.b.TestBase : 40] - platformType: WEB
[INFO ] 04 Nov 16:41:41 [c.s.c.a.f.b.TestBase : 41] - browserName: FIREFOX-REMOTE
</stdout>
          <failedSince>39</failedSince>
        </case>
        <case>
          <duration>0.03</duration>
          <className>com.sprite.cloud.automation.framework.web.bookstore.AddBookToCollectionTest</className>
          <testName>setupDriver[WEB, CHROME-REMOTE](0)</testName>
          <skipped>false</skipped>
          <errorStackTrace>org.openqa.selenium.SessionNotCreatedException: 
Could not start a new session. Possible causes are invalid address of the remote server or browser start-up failure.
Build info: version: &apos;4.0.0&apos;, revision: &apos;3a21814679&apos;
System info: host: &apos;9df4b22300a7&apos;, ip: &apos;172.20.0.2&apos;, os.name: &apos;Linux&apos;, os.arch: &apos;amd64&apos;, os.version: &apos;5.11.0-38-generic&apos;, java.version: &apos;11.0.12&apos;
Driver info: org.openqa.selenium.remote.RemoteWebDriver
Command: [null, newSession {capabilities=[Capabilities {browserName: chrome, goog:chromeOptions: {args: [], extensions: []}}], desiredCapabilities=Capabilities {browserName: chrome, goog:chromeOptions: {args: [], extensions: []}}}]
Capabilities {}
Caused by: java.io.UncheckedIOException: java.net.ConnectException: Connection refused: /127.0.0.1:4444
Caused by: java.net.ConnectException: Connection refused: /127.0.0.1:4444
Caused by: io.netty.channel.AbstractChannel$AnnotatedConnectException: Connection refused: /127.0.0.1:4444
Caused by: java.net.ConnectException: Connection refused
</errorStackTrace>
          <errorDetails>Could not start a new session. Possible causes are invalid address of the remote server or browser start-up failure.
Build info: version: &apos;4.0.0&apos;, revision: &apos;3a21814679&apos;
System info: host: &apos;9df4b22300a7&apos;, ip: &apos;172.20.0.2&apos;, os.name: &apos;Linux&apos;, os.arch: &apos;amd64&apos;, os.version: &apos;5.11.0-38-generic&apos;, java.version: &apos;11.0.12&apos;
Driver info: org.openqa.selenium.remote.RemoteWebDriver
Command: [null, newSession {capabilities=[Capabilities {browserName: chrome, goog:chromeOptions: {args: [], extensions: []}}], desiredCapabilities=Capabilities {browserName: chrome, goog:chromeOptions: {args: [], extensions: []}}}]
Capabilities {}</errorDetails>
          <stdout>[INFO ] 04 Nov 16:41:41 [c.s.c.a.f.b.TestBase : 84] - Selenium Driver closed
[INFO ] 04 Nov 16:41:41 [c.s.c.a.f.b.TestBase : 40] - platformType: WEB
[INFO ] 04 Nov 16:41:41 [c.s.c.a.f.b.TestBase : 41] - browserName: CHROME-REMOTE
</stdout>
          <failedSince>39</failedSince>
        </case>
        <case>
          <duration>0.0</duration>
          <className>com.sprite.cloud.automation.framework.web.bookstore.AddBookToCollectionTest</className>
          <testName>setup</testName>
          <skipped>true</skipped>
          <skippedMessage></skippedMessage>
          <failedSince>0</failedSince>
        </case>
        <case>
          <duration>0.0</duration>
          <className>com.sprite.cloud.automation.framework.web.bookstore.AddBookToCollectionTest</className>
          <testName>AddNewBookToCollection</testName>
          <skipped>true</skipped>
          <skippedMessage>Could not start a new session. Possible causes are invalid address of the remote server or browser start-up failure.
Build info: version: &apos;4.0.0&apos;, revision: &apos;3a21814679&apos;
System info: host: &apos;9df4b22300a7&apos;, ip: &apos;172.20.0.2&apos;, os.name: &apos;Linux&apos;, os.arch: &apos;amd64&apos;, os.version: &apos;5.11.0-38-generic&apos;, java.version: &apos;11.0.12&apos;
Driver info: org.openqa.selenium.remote.RemoteWebDriver
Command: [null, newSession {capabilities=[Capabilities {browserName: chrome, goog:chromeOptions: {args: [], extensions: []}}], desiredCapabilities=Capabilities {browserName: chrome, goog:chromeOptions: {args: [], extensions: []}}}]
Capabilities {}</skippedMessage>
          <failedSince>0</failedSince>
        </case>
        <case>
          <duration>0.949</duration>
          <className>com.sprite.cloud.automation.framework.web.bookstore.LoginTest</className>
          <testName>setupDriver[WEB, CHROME-REMOTE](0)</testName>
          <skipped>false</skipped>
          <errorStackTrace>org.openqa.selenium.SessionNotCreatedException: 
Could not start a new session. Possible causes are invalid address of the remote server or browser start-up failure.
Build info: version: &apos;4.0.0&apos;, revision: &apos;3a21814679&apos;
System info: host: &apos;d277cae02f11&apos;, ip: &apos;172.21.0.2&apos;, os.name: &apos;Linux&apos;, os.arch: &apos;amd64&apos;, os.version: &apos;5.11.0-38-generic&apos;, java.version: &apos;11.0.12&apos;
Driver info: org.openqa.selenium.remote.RemoteWebDriver
Command: [null, newSession {capabilities=[Capabilities {browserName: chrome, goog:chromeOptions: {args: [], extensions: []}}], desiredCapabilities=Capabilities {browserName: chrome, goog:chromeOptions: {args: [], extensions: []}}}]
Capabilities {}
Caused by: java.io.UncheckedIOException: java.net.ConnectException: Connection refused: /127.0.0.1:4444
Caused by: java.net.ConnectException: Connection refused: /127.0.0.1:4444
Caused by: io.netty.channel.AbstractChannel$AnnotatedConnectException: Connection refused: /127.0.0.1:4444
Caused by: java.net.ConnectException: Connection refused
</errorStackTrace>
          <errorDetails>Could not start a new session. Possible causes are invalid address of the remote server or browser start-up failure.
Build info: version: &apos;4.0.0&apos;, revision: &apos;3a21814679&apos;
System info: host: &apos;d277cae02f11&apos;, ip: &apos;172.21.0.2&apos;, os.name: &apos;Linux&apos;, os.arch: &apos;amd64&apos;, os.version: &apos;5.11.0-38-generic&apos;, java.version: &apos;11.0.12&apos;
Driver info: org.openqa.selenium.remote.RemoteWebDriver
Command: [null, newSession {capabilities=[Capabilities {browserName: chrome, goog:chromeOptions: {args: [], extensions: []}}], desiredCapabilities=Capabilities {browserName: chrome, goog:chromeOptions: {args: [], extensions: []}}}]
Capabilities {}</errorDetails>
          <stdout>16:54:16,425 |-INFO in ch.qos.logback.classic.LoggerContext[default] - Found resource [logback-test.xml] at [file:/var/jenkins_home/workspace/sc-automation-framework/target/test-classes/logback-test.xml]
16:54:16,445 |-INFO in ch.qos.logback.classic.joran.action.ConfigurationAction - debug attribute not set
16:54:16,445 |-INFO in ch.qos.logback.core.joran.action.AppenderAction - About to instantiate appender of type [ch.qos.logback.core.ConsoleAppender]
16:54:16,449 |-INFO in ch.qos.logback.core.joran.action.AppenderAction - Naming appender as [STDOUT]
16:54:16,453 |-INFO in ch.qos.logback.core.joran.action.NestedComplexPropertyIA - Assuming default type [ch.qos.logback.classic.encoder.PatternLayoutEncoder] for [encoder] property
16:54:16,484 |-INFO in ch.qos.logback.core.joran.action.AppenderAction - About to instantiate appender of type [ch.qos.logback.core.ConsoleAppender]
16:54:16,484 |-INFO in ch.qos.logback.core.joran.action.AppenderAction - Naming appender as [CONSOLE]
16:54:16,485 |-WARN in ch.qos.logback.core.ConsoleAppender[CONSOLE] - This appender no longer admits a layout as a sub-component, set an encoder instead.
16:54:16,485 |-WARN in ch.qos.logback.core.ConsoleAppender[CONSOLE] - To ensure compatibility, wrapping your layout in LayoutWrappingEncoder.
16:54:16,485 |-WARN in ch.qos.logback.core.ConsoleAppender[CONSOLE] - See also http://logback.qos.ch/codes.html#layoutInsteadOfEncoder for details
16:54:16,485 |-INFO in ch.qos.logback.classic.joran.action.LoggerAction - Setting level of logger [com.mkyong] to DEBUG
16:54:16,485 |-INFO in ch.qos.logback.classic.joran.action.LoggerAction - Setting additivity of logger [com.mkyong] to false
16:54:16,485 |-INFO in ch.qos.logback.core.joran.action.AppenderRefAction - Attaching appender named [CONSOLE] to Logger[com.mkyong]
16:54:16,486 |-INFO in ch.qos.logback.classic.joran.action.RootLoggerAction - Setting level of ROOT logger to INFO
16:54:16,486 |-INFO in ch.qos.logback.core.joran.action.AppenderRefAction - Attaching appender named [CONSOLE] to Logger[ROOT]
16:54:16,486 |-INFO in ch.qos.logback.classic.joran.action.ConfigurationAction - End of configuration.
16:54:16,487 |-INFO in ch.qos.logback.classic.joran.JoranConfigurator@5f77d0f9 - Registering current configuration as safe fallback point

[INFO ] 04 Nov 16:54:16 [c.s.c.a.f.b.TestBase : 32] - Running against environment: QA
[INFO ] 04 Nov 16:54:16 [c.s.c.a.f.b.TestBase : 40] - platformType: WEB
[INFO ] 04 Nov 16:54:16 [c.s.c.a.f.b.TestBase : 41] - browserName: CHROME-REMOTE
</stdout>
          <stderr>Nov 04, 2021 4:54:16 PM org.openqa.selenium.remote.tracing.opentelemetry.OpenTelemetryTracer createTracer
INFO: Using OpenTelemetry for tracing
</stderr>
          <failedSince>39</failedSince>
        </case>
        <case>
          <duration>0.0</duration>
          <className>com.sprite.cloud.automation.framework.web.bookstore.LoginTest</className>
          <testName>setup</testName>
          <skipped>true</skipped>
          <skippedMessage></skippedMessage>
          <failedSince>0</failedSince>
        </case>
        <case>
          <duration>0.0</duration>
          <className>com.sprite.cloud.automation.framework.web.bookstore.LoginTest</className>
          <testName>setup</testName>
          <skipped>true</skipped>
          <skippedMessage></skippedMessage>
          <failedSince>0</failedSince>
        </case>
        <case>
          <duration>0.0</duration>
          <className>com.sprite.cloud.automation.framework.web.bookstore.LoginTest</className>
          <testName>LogIn</testName>
          <skipped>true</skipped>
          <skippedMessage>Could not start a new session. Possible causes are invalid address of the remote server or browser start-up failure.
Build info: version: &apos;4.0.0&apos;, revision: &apos;3a21814679&apos;
System info: host: &apos;d277cae02f11&apos;, ip: &apos;172.21.0.2&apos;, os.name: &apos;Linux&apos;, os.arch: &apos;amd64&apos;, os.version: &apos;5.11.0-38-generic&apos;, java.version: &apos;11.0.12&apos;
Driver info: org.openqa.selenium.remote.RemoteWebDriver
Command: [null, newSession {capabilities=[Capabilities {browserName: chrome, goog:chromeOptions: {args: [], extensions: []}}], desiredCapabilities=Capabilities {browserName: chrome, goog:chromeOptions: {args: [], extensions: []}}}]
Capabilities {}</skippedMessage>
          <failedSince>0</failedSince>
        </case>
        <case>
          <duration>0.0</duration>
          <className>com.sprite.cloud.automation.framework.web.bookstore.LoginTest</className>
          <testName>LogIn</testName>
          <skipped>true</skipped>
          <skippedMessage>Could not start a new session. Possible causes are invalid address of the remote server or browser start-up failure.
Build info: version: &apos;4.0.0&apos;, revision: &apos;3a21814679&apos;
System info: host: &apos;d277cae02f11&apos;, ip: &apos;172.21.0.2&apos;, os.name: &apos;Linux&apos;, os.arch: &apos;amd64&apos;, os.version: &apos;5.11.0-38-generic&apos;, java.version: &apos;11.0.12&apos;
Driver info: org.openqa.selenium.remote.RemoteWebDriver
Command: [null, newSession {capabilities=[Capabilities {acceptInsecureCerts: true, browserName: firefox, moz:debuggerAddress: true, moz:firefoxOptions: {}}], desiredCapabilities=Capabilities {acceptInsecureCerts: true, browserName: firefox, moz:debuggerAddress: true, moz:firefoxOptions: {}}}]
Capabilities {}</skippedMessage>
          <failedSince>0</failedSince>
        </case>
        <case>
          <duration>0.063</duration>
          <className>com.sprite.cloud.automation.framework.web.bookstore.LoginTest</className>
          <testName>setupDriver[WEB, FIREFOX-REMOTE](0)</testName>
          <skipped>false</skipped>
          <errorStackTrace>org.openqa.selenium.SessionNotCreatedException: 
Could not start a new session. Possible causes are invalid address of the remote server or browser start-up failure.
Build info: version: &apos;4.0.0&apos;, revision: &apos;3a21814679&apos;
System info: host: &apos;d277cae02f11&apos;, ip: &apos;172.21.0.2&apos;, os.name: &apos;Linux&apos;, os.arch: &apos;amd64&apos;, os.version: &apos;5.11.0-38-generic&apos;, java.version: &apos;11.0.12&apos;
Driver info: org.openqa.selenium.remote.RemoteWebDriver
Command: [null, newSession {capabilities=[Capabilities {acceptInsecureCerts: true, browserName: firefox, moz:debuggerAddress: true, moz:firefoxOptions: {}}], desiredCapabilities=Capabilities {acceptInsecureCerts: true, browserName: firefox, moz:debuggerAddress: true, moz:firefoxOptions: {}}}]
Capabilities {}
Caused by: java.io.UncheckedIOException: java.net.ConnectException: Connection refused: /127.0.0.1:4444
Caused by: java.net.ConnectException: Connection refused: /127.0.0.1:4444
Caused by: io.netty.channel.AbstractChannel$AnnotatedConnectException: Connection refused: /127.0.0.1:4444
Caused by: java.net.ConnectException: Connection refused
</errorStackTrace>
          <errorDetails>Could not start a new session. Possible causes are invalid address of the remote server or browser start-up failure.
Build info: version: &apos;4.0.0&apos;, revision: &apos;3a21814679&apos;
System info: host: &apos;d277cae02f11&apos;, ip: &apos;172.21.0.2&apos;, os.name: &apos;Linux&apos;, os.arch: &apos;amd64&apos;, os.version: &apos;5.11.0-38-generic&apos;, java.version: &apos;11.0.12&apos;
Driver info: org.openqa.selenium.remote.RemoteWebDriver
Command: [null, newSession {capabilities=[Capabilities {acceptInsecureCerts: true, browserName: firefox, moz:debuggerAddress: true, moz:firefoxOptions: {}}], desiredCapabilities=Capabilities {acceptInsecureCerts: true, browserName: firefox, moz:debuggerAddress: true, moz:firefoxOptions: {}}}]
Capabilities {}</errorDetails>
          <stdout>[INFO ] 04 Nov 16:54:17 [c.s.c.a.f.b.TestBase : 84] - Selenium Driver closed
[INFO ] 04 Nov 16:54:17 [c.s.c.a.f.b.TestBase : 40] - platformType: WEB
[INFO ] 04 Nov 16:54:17 [c.s.c.a.f.b.TestBase : 41] - browserName: FIREFOX-REMOTE
</stdout>
          <failedSince>39</failedSince>
        </case>
        <case>
          <duration>0.039</duration>
          <className>com.sprite.cloud.automation.framework.web.bookstore.AddBookToCollectionTest</className>
          <testName>setupDriver[WEB, CHROME-REMOTE](0)</testName>
          <skipped>false</skipped>
          <errorStackTrace>org.openqa.selenium.SessionNotCreatedException: 
Could not start a new session. Possible causes are invalid address of the remote server or browser start-up failure.
Build info: version: &apos;4.0.0&apos;, revision: &apos;3a21814679&apos;
System info: host: &apos;d277cae02f11&apos;, ip: &apos;172.21.0.2&apos;, os.name: &apos;Linux&apos;, os.arch: &apos;amd64&apos;, os.version: &apos;5.11.0-38-generic&apos;, java.version: &apos;11.0.12&apos;
Driver info: org.openqa.selenium.remote.RemoteWebDriver
Command: [null, newSession {capabilities=[Capabilities {browserName: chrome, goog:chromeOptions: {args: [], extensions: []}}], desiredCapabilities=Capabilities {browserName: chrome, goog:chromeOptions: {args: [], extensions: []}}}]
Capabilities {}
Caused by: java.io.UncheckedIOException: java.net.ConnectException: Connection refused: /127.0.0.1:4444
Caused by: java.net.ConnectException: Connection refused: /127.0.0.1:4444
Caused by: io.netty.channel.AbstractChannel$AnnotatedConnectException: Connection refused: /127.0.0.1:4444
Caused by: java.net.ConnectException: Connection refused
</errorStackTrace>
          <errorDetails>Could not start a new session. Possible causes are invalid address of the remote server or browser start-up failure.
Build info: version: &apos;4.0.0&apos;, revision: &apos;3a21814679&apos;
System info: host: &apos;d277cae02f11&apos;, ip: &apos;172.21.0.2&apos;, os.name: &apos;Linux&apos;, os.arch: &apos;amd64&apos;, os.version: &apos;5.11.0-38-generic&apos;, java.version: &apos;11.0.12&apos;
Driver info: org.openqa.selenium.remote.RemoteWebDriver
Command: [null, newSession {capabilities=[Capabilities {browserName: chrome, goog:chromeOptions: {args: [], extensions: []}}], desiredCapabilities=Capabilities {browserName: chrome, goog:chromeOptions: {args: [], extensions: []}}}]
Capabilities {}</errorDetails>
          <stdout>[INFO ] 04 Nov 16:54:17 [c.s.c.a.f.b.TestBase : 84] - Selenium Driver closed
[INFO ] 04 Nov 16:54:17 [c.s.c.a.f.b.TestBase : 40] - platformType: WEB
[INFO ] 04 Nov 16:54:17 [c.s.c.a.f.b.TestBase : 41] - browserName: CHROME-REMOTE
</stdout>
          <failedSince>39</failedSince>
        </case>
        <case>
          <duration>0.0</duration>
          <className>com.sprite.cloud.automation.framework.web.bookstore.AddBookToCollectionTest</className>
          <testName>setup</testName>
          <skipped>true</skipped>
          <skippedMessage></skippedMessage>
          <failedSince>0</failedSince>
        </case>
        <case>
          <duration>0.0</duration>
          <className>com.sprite.cloud.automation.framework.web.bookstore.AddBookToCollectionTest</className>
          <testName>AddNewBookToCollection</testName>
          <skipped>true</skipped>
          <skippedMessage>Could not start a new session. Possible causes are invalid address of the remote server or browser start-up failure.
Build info: version: &apos;4.0.0&apos;, revision: &apos;3a21814679&apos;
System info: host: &apos;d277cae02f11&apos;, ip: &apos;172.21.0.2&apos;, os.name: &apos;Linux&apos;, os.arch: &apos;amd64&apos;, os.version: &apos;5.11.0-38-generic&apos;, java.version: &apos;11.0.12&apos;
Driver info: org.openqa.selenium.remote.RemoteWebDriver
Command: [null, newSession {capabilities=[Capabilities {browserName: chrome, goog:chromeOptions: {args: [], extensions: []}}], desiredCapabilities=Capabilities {browserName: chrome, goog:chromeOptions: {args: [], extensions: []}}}]
Capabilities {}</skippedMessage>
          <failedSince>0</failedSince>
        </case>
      </cases>
    </suite>
  </suites>
  <duration>134.94798</duration>
  <keepLongStdio>false</keepLongStdio>
</result>