<?xml version='1.1' encoding='UTF-8'?>
<result plugin="junit@1.53">
  <suites>
    <suite>
      <file>/var/jenkins_home/workspace/sc-automation-framework/src/test/resources/reports/2021-11-03_21-48/TEST-TestSuite.xml</file>
      <name>TestSuite</name>
      <stdout>21:48:56,132 |-INFO in ch.qos.logback.classic.LoggerContext[default] - Found resource [logback-test.xml] at [file:/var/jenkins_home/workspace/sc-automation-framework/target/test-classes/logback-test.xml]
21:48:56,479 |-INFO in ch.qos.logback.classic.joran.action.ConfigurationAction - debug attribute not set
21:48:56,485 |-INFO in ch.qos.logback.core.joran.action.AppenderAction - About to instantiate appender of type [ch.qos.logback.core.ConsoleAppender]
21:48:56,550 |-INFO in ch.qos.logback.core.joran.action.AppenderAction - Naming appender as [STDOUT]
21:48:56,603 |-INFO in ch.qos.logback.core.joran.action.NestedComplexPropertyIA - Assuming default type [ch.qos.logback.classic.encoder.PatternLayoutEncoder] for [encoder] property
21:48:57,016 |-INFO in ch.qos.logback.core.joran.action.AppenderAction - About to instantiate appender of type [ch.qos.logback.core.ConsoleAppender]
21:48:57,016 |-INFO in ch.qos.logback.core.joran.action.AppenderAction - Naming appender as [CONSOLE]
21:48:57,035 |-WARN in ch.qos.logback.core.ConsoleAppender[CONSOLE] - This appender no longer admits a layout as a sub-component, set an encoder instead.
21:48:57,035 |-WARN in ch.qos.logback.core.ConsoleAppender[CONSOLE] - To ensure compatibility, wrapping your layout in LayoutWrappingEncoder.
21:48:57,035 |-WARN in ch.qos.logback.core.ConsoleAppender[CONSOLE] - See also http://logback.qos.ch/codes.html#layoutInsteadOfEncoder for details
21:48:57,039 |-INFO in ch.qos.logback.classic.joran.action.LoggerAction - Setting level of logger [com.mkyong] to DEBUG
21:48:57,039 |-INFO in ch.qos.logback.classic.joran.action.LoggerAction - Setting additivity of logger [com.mkyong] to false
21:48:57,039 |-INFO in ch.qos.logback.core.joran.action.AppenderRefAction - Attaching appender named [CONSOLE] to Logger[com.mkyong]
21:48:57,043 |-INFO in ch.qos.logback.classic.joran.action.RootLoggerAction - Setting level of ROOT logger to INFO
21:48:57,044 |-INFO in ch.qos.logback.core.joran.action.AppenderRefAction - Attaching appender named [CONSOLE] to Logger[ROOT]
21:48:57,044 |-INFO in ch.qos.logback.classic.joran.action.ConfigurationAction - End of configuration.
21:48:57,049 |-INFO in ch.qos.logback.classic.joran.JoranConfigurator@5f77d0f9 - Registering current configuration as safe fallback point

[INFO ] 03 Nov 21:48:57 [c.s.c.a.f.b.TestBase : 32] - Running against environment: QA
[INFO ] 03 Nov 21:48:57 [c.s.c.a.f.b.TestBase : 40] - platformType: API
[INFO ] 03 Nov 21:48:57 [c.s.c.a.f.b.TestBase : 41] - browserName: CHROME
[INFO ] 03 Nov 21:48:57 [c.s.c.a.f.b.TestBase : 75] - API only tests
[INFO ] 03 Nov 21:48:59 [c.s.c.a.f.b.a.s.p.PetService : 26] - Requesting add new pet, expecting status code 200: Fluff Meister
[INFO ] 03 Nov 21:48:59 [c.s.c.a.f.b.a.c.EndpointLoader : 16] - Loading endpoint properties...
[INFO ] 03 Nov 21:49:02 [c.s.c.a.f.b.a.c.i.HttpLogger : 39] - ========================== Request =========================================
[INFO ] 03 Nov 21:49:02 [c.s.c.a.f.b.a.c.i.HttpLogger : 40] - Request: POST -&gt;https://petstore.swagger.io/v2/pet
[INFO ] 03 Nov 21:49:02 [c.s.c.a.f.b.a.c.i.HttpLogger : 41] - RequestHeader: 
{
  &quot;Accept&quot;: &quot;[application/json]&quot;,
  &quot;Content-Type&quot;: &quot;[application/json]&quot;
}
[INFO ] 03 Nov 21:49:02 [c.s.c.a.f.b.a.c.i.HttpLogger : 48] - RequestBody: 
{
  &quot;id&quot;: 28065,
  &quot;category&quot;: {
    &quot;id&quot;: 40119,
    &quot;name&quot;: &quot;English bulldog&quot;
  },
  &quot;name&quot;: &quot;Fluff Meister&quot;,
  &quot;photoUrls&quot;: [
    &quot;some.image.url.of.cool.pup&quot;
  ],
  &quot;tags&quot;: [
    {
      &quot;id&quot;: 70587,
      &quot;name&quot;: &quot;Dog&quot;
    }
  ],
  &quot;status&quot;: &quot;available&quot;
}
[INFO ] 03 Nov 21:49:05 [c.s.c.a.f.b.a.c.i.HttpLogger : 61] - ========================= Response ===========================================
[INFO ] 03 Nov 21:49:05 [c.s.c.a.f.b.a.c.i.HttpLogger : 66] - Status code : 200
[WARN ] 03 Nov 21:49:05 [c.s.c.a.f.b.a.c.i.HttpLogger : 73] - Response time: 3.27 sec
[INFO ] 03 Nov 21:49:05 [c.s.c.a.f.b.a.c.i.HttpLogger : 79] - ResponseBody: 
{
  &quot;id&quot;: 28065,
  &quot;category&quot;: {
    &quot;id&quot;: 40119,
    &quot;name&quot;: &quot;English bulldog&quot;
  },
  &quot;name&quot;: &quot;Fluff Meister&quot;,
  &quot;photoUrls&quot;: [
    &quot;some.image.url.of.cool.pup&quot;
  ],
  &quot;tags&quot;: [
    {
      &quot;id&quot;: 70587,
      &quot;name&quot;: &quot;Dog&quot;
    }
  ],
  &quot;status&quot;: &quot;available&quot;
}
[INFO ] 03 Nov 21:49:05 [c.s.c.a.f.b.a.s.p.PetService : 46] - Running assertions for POST Pet Request against Response: Fluff Meister
[INFO ] 03 Nov 21:49:05 [c.s.c.a.f.b.a.s.p.PetService : 77] - Trigger assertions
[INFO ] 03 Nov 21:49:05 [c.s.c.a.f.b.a.s.p.PetService : 80] - All assertions successful for POST Add Pet Request against Response
[INFO ] 03 Nov 21:49:05 [c.s.c.a.f.b.a.s.p.PetService : 37] - Requesting add new pet, expecting exception with status code 400: Doggie
[INFO ] 03 Nov 21:49:05 [c.s.c.a.f.b.a.c.i.HttpLogger : 39] - ========================== Request =========================================
[INFO ] 03 Nov 21:49:05 [c.s.c.a.f.b.a.c.i.HttpLogger : 40] - Request: POST -&gt;https://petstore.swagger.io/v2/pet
[INFO ] 03 Nov 21:49:05 [c.s.c.a.f.b.a.c.i.HttpLogger : 41] - RequestHeader: 
{
  &quot;Accept&quot;: &quot;[application/json]&quot;,
  &quot;Content-Type&quot;: &quot;[application/json]&quot;
}
[INFO ] 03 Nov 21:49:05 [c.s.c.a.f.b.a.c.i.HttpLogger : 48] - RequestBody: 
{
  &quot;id&quot;: 0,
  &quot;category&quot;: {
    &quot;id&quot;: 0,
    &quot;name&quot;: &quot;Some Category&quot;
  },
  &quot;name&quot;: &quot;Doggie&quot;,
  &quot;photoUrls&quot;: [
    &quot;some.image.url&quot;
  ],
  &quot;tags&quot;: [
    {
      &quot;id&quot;: 0,
      &quot;name&quot;: &quot;Some Tag&quot;
    }
  ]
}
[INFO ] 03 Nov 21:49:07 [c.s.c.a.f.b.a.c.i.HttpLogger : 61] - ========================= Response ===========================================
[INFO ] 03 Nov 21:49:07 [c.s.c.a.f.b.a.c.i.HttpLogger : 66] - Status code : 200
[INFO ] 03 Nov 21:49:07 [c.s.c.a.f.b.a.c.i.HttpLogger : 75] - Response time: 1.35 sec
[INFO ] 03 Nov 21:49:07 [c.s.c.a.f.b.a.c.i.HttpLogger : 79] - ResponseBody: 
{
  &quot;id&quot;: 9223372000001154986,
  &quot;category&quot;: {
    &quot;id&quot;: 0,
    &quot;name&quot;: &quot;Some Category&quot;
  },
  &quot;name&quot;: &quot;Doggie&quot;,
  &quot;photoUrls&quot;: [
    &quot;some.image.url&quot;
  ],
  &quot;tags&quot;: [
    {
      &quot;id&quot;: 0,
      &quot;name&quot;: &quot;Some Tag&quot;
    }
  ]
}
[INFO ] 03 Nov 21:49:07 [c.s.c.a.f.b.TestBase : 82] - Selenium Driver closed
[INFO ] 03 Nov 21:49:07 [c.s.c.a.f.b.TestBase : 40] - platformType: API
[INFO ] 03 Nov 21:49:07 [c.s.c.a.f.b.TestBase : 41] - browserName: CHROME
[INFO ] 03 Nov 21:49:07 [c.s.c.a.f.b.TestBase : 75] - API only tests
[INFO ] 03 Nov 21:49:07 [c.s.c.a.f.b.a.s.p.PetService : 86] - Requesting edit existing pet, expecting status code 200: Fluff Meister
[INFO ] 03 Nov 21:49:07 [c.s.c.a.f.b.a.c.i.HttpLogger : 39] - ========================== Request =========================================
[INFO ] 03 Nov 21:49:07 [c.s.c.a.f.b.a.c.i.HttpLogger : 40] - Request: PUT -&gt;https://petstore.swagger.io/v2/pet
[INFO ] 03 Nov 21:49:07 [c.s.c.a.f.b.a.c.i.HttpLogger : 41] - RequestHeader: 
{
  &quot;Accept&quot;: &quot;[application/json]&quot;,
  &quot;Content-Type&quot;: &quot;[application/json]&quot;
}
[INFO ] 03 Nov 21:49:07 [c.s.c.a.f.b.a.c.i.HttpLogger : 48] - RequestBody: 
{
  &quot;id&quot;: 49088,
  &quot;category&quot;: {
    &quot;id&quot;: 7916,
    &quot;name&quot;: &quot;English bulldog&quot;
  },
  &quot;name&quot;: &quot;Fluff Meister&quot;,
  &quot;photoUrls&quot;: [
    &quot;some.image.url.of.cool.pup&quot;
  ],
  &quot;tags&quot;: [
    {
      &quot;id&quot;: 90356,
      &quot;name&quot;: &quot;Dog&quot;
    }
  ],
  &quot;status&quot;: &quot;available&quot;
}
[INFO ] 03 Nov 21:49:08 [c.s.c.a.f.b.a.c.i.HttpLogger : 61] - ========================= Response ===========================================
[INFO ] 03 Nov 21:49:08 [c.s.c.a.f.b.a.c.i.HttpLogger : 66] - Status code : 200
[INFO ] 03 Nov 21:49:08 [c.s.c.a.f.b.a.c.i.HttpLogger : 75] - Response time: 1.26 sec
[INFO ] 03 Nov 21:49:08 [c.s.c.a.f.b.a.c.i.HttpLogger : 79] - ResponseBody: 
{
  &quot;id&quot;: 49088,
  &quot;category&quot;: {
    &quot;id&quot;: 7916,
    &quot;name&quot;: &quot;English bulldog&quot;
  },
  &quot;name&quot;: &quot;Fluff Meister&quot;,
  &quot;photoUrls&quot;: [
    &quot;some.image.url.of.cool.pup&quot;
  ],
  &quot;tags&quot;: [
    {
      &quot;id&quot;: 90356,
      &quot;name&quot;: &quot;Dog&quot;
    }
  ],
  &quot;status&quot;: &quot;available&quot;
}
[INFO ] 03 Nov 21:49:08 [c.s.c.a.f.b.a.s.p.PetService : 95] - Running assertions for PUT Pet Request against Response: Fluff Meister
[INFO ] 03 Nov 21:49:08 [c.s.c.a.f.b.a.s.p.PetService : 126] - Trigger assertions
[INFO ] 03 Nov 21:49:08 [c.s.c.a.f.b.a.s.p.PetService : 129] - All assertions successful for POST Add Pet Request against Response
[INFO ] 03 Nov 21:49:08 [c.s.c.a.f.b.TestBase : 82] - Selenium Driver closed
</stdout>
      <duration>63.534004</duration>
      <time>15.759</time>
      <nodeId>23</nodeId>
      <enclosingBlocks>
        <string>16</string>
      </enclosingBlocks>
      <enclosingBlockNames>
        <string>Build</string>
      </enclosingBlockNames>
      <cases>
        <case>
          <duration>8.353</duration>
          <className>com.sprite.cloud.automation.framework.api.functional.PostPetTest</className>
          <testName>addPetSuccessfullyTest</testName>
          <skipped>false</skipped>
          <stdout>21:48:56,132 |-INFO in ch.qos.logback.classic.LoggerContext[default] - Found resource [logback-test.xml] at [file:/var/jenkins_home/workspace/sc-automation-framework/target/test-classes/logback-test.xml]
21:48:56,479 |-INFO in ch.qos.logback.classic.joran.action.ConfigurationAction - debug attribute not set
21:48:56,485 |-INFO in ch.qos.logback.core.joran.action.AppenderAction - About to instantiate appender of type [ch.qos.logback.core.ConsoleAppender]
21:48:56,550 |-INFO in ch.qos.logback.core
...[truncated 3553 chars]...
ter&quot;,
  &quot;photoUrls&quot;: [
    &quot;some.image.url.of.cool.pup&quot;
  ],
  &quot;tags&quot;: [
    {
      &quot;id&quot;: 70587,
      &quot;name&quot;: &quot;Dog&quot;
    }
  ],
  &quot;status&quot;: &quot;available&quot;
}
[INFO ] 03 Nov 21:49:05 [c.s.c.a.f.b.a.s.p.PetService : 46] - Running assertions for POST Pet Request against Response: Fluff Meister
[INFO ] 03 Nov 21:49:05 [c.s.c.a.f.b.a.s.p.PetService : 77] - Trigger assertions
[INFO ] 03 Nov 21:49:05 [c.s.c.a.f.b.a.s.p.PetService : 80] - All assertions successful for POST Add Pet Request against Response
</stdout>
          <failedSince>0</failedSince>
        </case>
        <case>
          <duration>1.436</duration>
          <className>com.sprite.cloud.automation.framework.api.functional.PostPetTest</className>
          <testName>addPetUnsuccessfullyTest</testName>
          <skipped>false</skipped>
          <errorStackTrace>java.lang.AssertionError: Unable to unsuccessfully add new pet: Doggie expected [400] but found [200]
	at com.sprite.cloud.automation.framework.api.functional.PostPetTest.addPetUnsuccessfullyTest(PostPetTest.java:59)
</errorStackTrace>
          <errorDetails>Unable to unsuccessfully add new pet: Doggie expected [400] but found [200]</errorDetails>
          <stdout>[INFO ] 03 Nov 21:49:05 [c.s.c.a.f.b.a.s.p.PetService : 37] - Requesting add new pet, expecting exception with status code 400: Doggie
[INFO ] 03 Nov 21:49:05 [c.s.c.a.f.b.a.c.i.HttpLogger : 39] - ========================== Request =========================================
[INFO ] 03 Nov 21:49:05 [c.s.c.a.f.b.a.c.i.HttpLogger : 40] - Request: POST -&gt;https://petstore.swagger.io/v2/pet
[INFO ] 03 Nov 21:49:05 [c.s.c.a.f.b.a.c.i.HttpLogger : 41] - RequestHeader: 
{
  &quot;Accept&quot;: &quot;[application/json]&quot;,
  &quot;Content-Type&quot;: &quot;[application/json]&quot;
}
[INFO ] 03 Nov 21:49:05 [c.s.c.a.f.b.a.c.i.HttpLogger : 48] - RequestBody: 
{
  &quot;id&quot;: 0,
  &quot;category&quot;: {
    &quot;id&quot;: 0,
    &quot;name&quot;: &quot;Some Category&quot;
  },
  &quot;name&quot;: &quot;Doggie&quot;,
  &quot;photoUrls&quot;: [
    &quot;some.image.url&quot;
  ],
  &quot;tags&quot;: [
    {
      &quot;id&quot;: 0,
      &quot;name&quot;: &quot;Some Tag&quot;
    }
  ]
}
[INFO ] 03 Nov 21:49:07 [c.s.c.a.f.b.a.c.i.HttpLogger : 61] - ========================= Response ===========================================
[INFO ] 03 Nov 21:49:07 [c.s.c.a.f.b.a.c.i.HttpLogger : 66] - Status code : 200
[INFO ] 03 Nov 21:49:07 [c.s.c.a.f.b.a.c.i.HttpLogger : 75] - Response time: 1.35 sec
[INFO ] 03 Nov 21:49:07 [c.s.c.a.f.b.a.c.i.HttpLogger : 79] - ResponseBody: 
{
  &quot;id&quot;: 9223372000001154986,
  &quot;category&quot;: {
    &quot;id&quot;: 0,
    &quot;name&quot;: &quot;Some Category&quot;
  },
  &quot;name&quot;: &quot;Doggie&quot;,
  &quot;photoUrls&quot;: [
    &quot;some.image.url&quot;
  ],
  &quot;tags&quot;: [
    {
      &quot;id&quot;: 0,
      &quot;name&quot;: &quot;Some Tag&quot;
    }
  ]
}
</stdout>
          <failedSince>9</failedSince>
        </case>
        <case>
          <duration>1.359</duration>
          <className>com.sprite.cloud.automation.framework.api.functional.PutPetTest</className>
          <testName>editPetSuccessfullyTest</testName>
          <skipped>false</skipped>
          <stdout>[INFO ] 03 Nov 21:49:07 [c.s.c.a.f.b.TestBase : 82] - Selenium Driver closed
[INFO ] 03 Nov 21:49:07 [c.s.c.a.f.b.TestBase : 40] - platformType: API
[INFO ] 03 Nov 21:49:07 [c.s.c.a.f.b.TestBase : 41] - browserName: CHROME
[INFO ] 03 Nov 21:49:07 [c.s.c.a.f.b.TestBase : 75] - API only tests
[INFO ] 03 Nov 21:49:07 [c.s.c.a.f.b.a.s.p.PetService : 86] - Requesting edit existing pet, expecting status code 200: Fluff Meister
[INFO ] 03 Nov 21:49:07 [c.s.c.a.f.b.a.c.i.HttpLogger : 39] - =============
...[truncated 1157 chars]...
er&quot;,
  &quot;photoUrls&quot;: [
    &quot;some.image.url.of.cool.pup&quot;
  ],
  &quot;tags&quot;: [
    {
      &quot;id&quot;: 90356,
      &quot;name&quot;: &quot;Dog&quot;
    }
  ],
  &quot;status&quot;: &quot;available&quot;
}
[INFO ] 03 Nov 21:49:08 [c.s.c.a.f.b.a.s.p.PetService : 95] - Running assertions for PUT Pet Request against Response: Fluff Meister
[INFO ] 03 Nov 21:49:08 [c.s.c.a.f.b.a.s.p.PetService : 126] - Trigger assertions
[INFO ] 03 Nov 21:49:08 [c.s.c.a.f.b.a.s.p.PetService : 129] - All assertions successful for POST Add Pet Request against Response
</stdout>
          <failedSince>0</failedSince>
        </case>
        <case>
          <duration>8.032</duration>
          <className>com.sprite.cloud.automation.framework.api.functional.PostPetTest</className>
          <testName>addPetSuccessfullyTest</testName>
          <skipped>false</skipped>
          <stdout>21:34:46,727 |-INFO in ch.qos.logback.classic.LoggerContext[default] - Found resource [logback-test.xml] at [file:/var/jenkins_home/workspace/sc-automation-framework/target/test-classes/logback-test.xml]
21:34:47,600 |-INFO in ch.qos.logback.classic.joran.action.ConfigurationAction - debug attribute not set
21:34:47,609 |-INFO in ch.qos.logback.core.joran.action.AppenderAction - About to instantiate appender of type [ch.qos.logback.core.ConsoleAppender]
21:34:47,693 |-INFO in ch.qos.logback.core
...[truncated 3551 chars]...
ter&quot;,
  &quot;photoUrls&quot;: [
    &quot;some.image.url.of.cool.pup&quot;
  ],
  &quot;tags&quot;: [
    {
      &quot;id&quot;: 97798,
      &quot;name&quot;: &quot;Dog&quot;
    }
  ],
  &quot;status&quot;: &quot;available&quot;
}
[INFO ] 03 Nov 21:34:56 [c.s.c.a.f.b.a.s.p.PetService : 46] - Running assertions for POST Pet Request against Response: Fluff Meister
[INFO ] 03 Nov 21:34:56 [c.s.c.a.f.b.a.s.p.PetService : 77] - Trigger assertions
[INFO ] 03 Nov 21:34:56 [c.s.c.a.f.b.a.s.p.PetService : 80] - All assertions successful for POST Add Pet Request against Response
</stdout>
          <failedSince>0</failedSince>
        </case>
        <case>
          <duration>1.294</duration>
          <className>com.sprite.cloud.automation.framework.api.functional.PostPetTest</className>
          <testName>addPetUnsuccessfullyTest</testName>
          <skipped>false</skipped>
          <errorStackTrace>java.lang.AssertionError: Unable to unsuccessfully add new pet: Doggie expected [400] but found [200]
	at com.sprite.cloud.automation.framework.api.functional.PostPetTest.addPetUnsuccessfullyTest(PostPetTest.java:59)
</errorStackTrace>
          <errorDetails>Unable to unsuccessfully add new pet: Doggie expected [400] but found [200]</errorDetails>
          <stdout>[INFO ] 03 Nov 21:34:56 [c.s.c.a.f.b.a.s.p.PetService : 37] - Requesting add new pet, expecting exception with status code 400: Doggie
[INFO ] 03 Nov 21:34:56 [c.s.c.a.f.b.a.c.i.HttpLogger : 39] - ========================== Request =========================================
[INFO ] 03 Nov 21:34:56 [c.s.c.a.f.b.a.c.i.HttpLogger : 40] - Request: POST -&gt;https://petstore.swagger.io/v2/pet
[INFO ] 03 Nov 21:34:56 [c.s.c.a.f.b.a.c.i.HttpLogger : 41] - RequestHeader: 
{
  &quot;Accept&quot;: &quot;[application/json]&quot;,
  &quot;Content-Type&quot;: &quot;[application/json]&quot;
}
[INFO ] 03 Nov 21:34:56 [c.s.c.a.f.b.a.c.i.HttpLogger : 48] - RequestBody: 
{
  &quot;id&quot;: 0,
  &quot;category&quot;: {
    &quot;id&quot;: 0,
    &quot;name&quot;: &quot;Some Category&quot;
  },
  &quot;name&quot;: &quot;Doggie&quot;,
  &quot;photoUrls&quot;: [
    &quot;some.image.url&quot;
  ],
  &quot;tags&quot;: [
    {
      &quot;id&quot;: 0,
      &quot;name&quot;: &quot;Some Tag&quot;
    }
  ]
}
[INFO ] 03 Nov 21:34:58 [c.s.c.a.f.b.a.c.i.HttpLogger : 61] - ========================= Response ===========================================
[INFO ] 03 Nov 21:34:58 [c.s.c.a.f.b.a.c.i.HttpLogger : 66] - Status code : 200
[INFO ] 03 Nov 21:34:58 [c.s.c.a.f.b.a.c.i.HttpLogger : 75] - Response time: 1.14 sec
[INFO ] 03 Nov 21:34:58 [c.s.c.a.f.b.a.c.i.HttpLogger : 79] - ResponseBody: 
{
  &quot;id&quot;: 9223372000001154933,
  &quot;category&quot;: {
    &quot;id&quot;: 0,
    &quot;name&quot;: &quot;Some Category&quot;
  },
  &quot;name&quot;: &quot;Doggie&quot;,
  &quot;photoUrls&quot;: [
    &quot;some.image.url&quot;
  ],
  &quot;tags&quot;: [
    {
      &quot;id&quot;: 0,
      &quot;name&quot;: &quot;Some Tag&quot;
    }
  ]
}
</stdout>
          <failedSince>9</failedSince>
        </case>
        <case>
          <duration>1.217</duration>
          <className>com.sprite.cloud.automation.framework.api.functional.PutPetTest</className>
          <testName>editPetSuccessfullyTest</testName>
          <skipped>false</skipped>
          <stdout>[INFO ] 03 Nov 21:34:58 [c.s.c.a.f.b.TestBase : 82] - Selenium Driver closed
[INFO ] 03 Nov 21:34:58 [c.s.c.a.f.b.TestBase : 40] - platformType: API
[INFO ] 03 Nov 21:34:58 [c.s.c.a.f.b.TestBase : 41] - browserName: CHROME
[INFO ] 03 Nov 21:34:58 [c.s.c.a.f.b.TestBase : 75] - API only tests
[INFO ] 03 Nov 21:34:58 [c.s.c.a.f.b.a.s.p.PetService : 86] - Requesting edit existing pet, expecting status code 200: Fluff Meister
[INFO ] 03 Nov 21:34:58 [c.s.c.a.f.b.a.c.i.HttpLogger : 39] - =============
...[truncated 1159 chars]...
er&quot;,
  &quot;photoUrls&quot;: [
    &quot;some.image.url.of.cool.pup&quot;
  ],
  &quot;tags&quot;: [
    {
      &quot;id&quot;: 10585,
      &quot;name&quot;: &quot;Dog&quot;
    }
  ],
  &quot;status&quot;: &quot;available&quot;
}
[INFO ] 03 Nov 21:34:59 [c.s.c.a.f.b.a.s.p.PetService : 95] - Running assertions for PUT Pet Request against Response: Fluff Meister
[INFO ] 03 Nov 21:34:59 [c.s.c.a.f.b.a.s.p.PetService : 126] - Trigger assertions
[INFO ] 03 Nov 21:34:59 [c.s.c.a.f.b.a.s.p.PetService : 129] - All assertions successful for POST Add Pet Request against Response
</stdout>
          <failedSince>0</failedSince>
        </case>
        <case>
          <duration>8.329</duration>
          <className>com.sprite.cloud.automation.framework.api.functional.PostPetTest</className>
          <testName>addPetSuccessfullyTest</testName>
          <skipped>false</skipped>
          <stdout>21:40:10,466 |-INFO in ch.qos.logback.classic.LoggerContext[default] - Found resource [logback-test.xml] at [file:/var/jenkins_home/workspace/sc-automation-framework/target/test-classes/logback-test.xml]
21:40:10,840 |-INFO in ch.qos.logback.classic.joran.action.ConfigurationAction - debug attribute not set
21:40:10,847 |-INFO in ch.qos.logback.core.joran.action.AppenderAction - About to instantiate appender of type [ch.qos.logback.core.ConsoleAppender]
21:40:10,922 |-INFO in ch.qos.logback.core
...[truncated 3553 chars]...
ter&quot;,
  &quot;photoUrls&quot;: [
    &quot;some.image.url.of.cool.pup&quot;
  ],
  &quot;tags&quot;: [
    {
      &quot;id&quot;: 87511,
      &quot;name&quot;: &quot;Dog&quot;
    }
  ],
  &quot;status&quot;: &quot;available&quot;
}
[INFO ] 03 Nov 21:40:20 [c.s.c.a.f.b.a.s.p.PetService : 46] - Running assertions for POST Pet Request against Response: Fluff Meister
[INFO ] 03 Nov 21:40:20 [c.s.c.a.f.b.a.s.p.PetService : 77] - Trigger assertions
[INFO ] 03 Nov 21:40:20 [c.s.c.a.f.b.a.s.p.PetService : 80] - All assertions successful for POST Add Pet Request against Response
</stdout>
          <failedSince>0</failedSince>
        </case>
        <case>
          <duration>1.453</duration>
          <className>com.sprite.cloud.automation.framework.api.functional.PostPetTest</className>
          <testName>addPetUnsuccessfullyTest</testName>
          <skipped>false</skipped>
          <errorStackTrace>java.lang.AssertionError: Unable to unsuccessfully add new pet: Doggie expected [400] but found [200]
	at com.sprite.cloud.automation.framework.api.functional.PostPetTest.addPetUnsuccessfullyTest(PostPetTest.java:59)
</errorStackTrace>
          <errorDetails>Unable to unsuccessfully add new pet: Doggie expected [400] but found [200]</errorDetails>
          <stdout>[INFO ] 03 Nov 21:40:20 [c.s.c.a.f.b.a.s.p.PetService : 37] - Requesting add new pet, expecting exception with status code 400: Doggie
[INFO ] 03 Nov 21:40:20 [c.s.c.a.f.b.a.c.i.HttpLogger : 39] - ========================== Request =========================================
[INFO ] 03 Nov 21:40:20 [c.s.c.a.f.b.a.c.i.HttpLogger : 40] - Request: POST -&gt;https://petstore.swagger.io/v2/pet
[INFO ] 03 Nov 21:40:20 [c.s.c.a.f.b.a.c.i.HttpLogger : 41] - RequestHeader: 
{
  &quot;Accept&quot;: &quot;[application/json]&quot;,
  &quot;Content-Type&quot;: &quot;[application/json]&quot;
}
[INFO ] 03 Nov 21:40:20 [c.s.c.a.f.b.a.c.i.HttpLogger : 48] - RequestBody: 
{
  &quot;id&quot;: 0,
  &quot;category&quot;: {
    &quot;id&quot;: 0,
    &quot;name&quot;: &quot;Some Category&quot;
  },
  &quot;name&quot;: &quot;Doggie&quot;,
  &quot;photoUrls&quot;: [
    &quot;some.image.url&quot;
  ],
  &quot;tags&quot;: [
    {
      &quot;id&quot;: 0,
      &quot;name&quot;: &quot;Some Tag&quot;
    }
  ]
}
[INFO ] 03 Nov 21:40:21 [c.s.c.a.f.b.a.c.i.HttpLogger : 61] - ========================= Response ===========================================
[INFO ] 03 Nov 21:40:21 [c.s.c.a.f.b.a.c.i.HttpLogger : 66] - Status code : 200
[INFO ] 03 Nov 21:40:21 [c.s.c.a.f.b.a.c.i.HttpLogger : 75] - Response time: 1.34 sec
[INFO ] 03 Nov 21:40:21 [c.s.c.a.f.b.a.c.i.HttpLogger : 79] - ResponseBody: 
{
  &quot;id&quot;: 9223372000001154985,
  &quot;category&quot;: {
    &quot;id&quot;: 0,
    &quot;name&quot;: &quot;Some Category&quot;
  },
  &quot;name&quot;: &quot;Doggie&quot;,
  &quot;photoUrls&quot;: [
    &quot;some.image.url&quot;
  ],
  &quot;tags&quot;: [
    {
      &quot;id&quot;: 0,
      &quot;name&quot;: &quot;Some Tag&quot;
    }
  ]
}
</stdout>
          <failedSince>9</failedSince>
        </case>
        <case>
          <duration>1.434</duration>
          <className>com.sprite.cloud.automation.framework.api.functional.PutPetTest</className>
          <testName>editPetSuccessfullyTest</testName>
          <skipped>false</skipped>
          <stdout>[INFO ] 03 Nov 21:40:21 [c.s.c.a.f.b.TestBase : 82] - Selenium Driver closed
[INFO ] 03 Nov 21:40:21 [c.s.c.a.f.b.TestBase : 40] - platformType: API
[INFO ] 03 Nov 21:40:21 [c.s.c.a.f.b.TestBase : 41] - browserName: CHROME
[INFO ] 03 Nov 21:40:21 [c.s.c.a.f.b.TestBase : 75] - API only tests
[INFO ] 03 Nov 21:40:21 [c.s.c.a.f.b.a.s.p.PetService : 86] - Requesting edit existing pet, expecting status code 200: Fluff Meister
[INFO ] 03 Nov 21:40:21 [c.s.c.a.f.b.a.c.i.HttpLogger : 39] - =============
...[truncated 1157 chars]...
er&quot;,
  &quot;photoUrls&quot;: [
    &quot;some.image.url.of.cool.pup&quot;
  ],
  &quot;tags&quot;: [
    {
      &quot;id&quot;: 18168,
      &quot;name&quot;: &quot;Dog&quot;
    }
  ],
  &quot;status&quot;: &quot;available&quot;
}
[INFO ] 03 Nov 21:40:23 [c.s.c.a.f.b.a.s.p.PetService : 95] - Running assertions for PUT Pet Request against Response: Fluff Meister
[INFO ] 03 Nov 21:40:23 [c.s.c.a.f.b.a.s.p.PetService : 126] - Trigger assertions
[INFO ] 03 Nov 21:40:23 [c.s.c.a.f.b.a.s.p.PetService : 129] - All assertions successful for POST Add Pet Request against Response
</stdout>
          <failedSince>0</failedSince>
        </case>
        <case>
          <duration>8.808</duration>
          <className>com.sprite.cloud.automation.framework.api.functional.PostPetTest</className>
          <testName>addPetSuccessfullyTest</testName>
          <skipped>false</skipped>
          <stdout>21:43:41,835 |-INFO in ch.qos.logback.classic.LoggerContext[default] - Found resource [logback-test.xml] at [file:/var/jenkins_home/workspace/sc-automation-framework/target/test-classes/logback-test.xml]
21:43:42,236 |-INFO in ch.qos.logback.classic.joran.action.ConfigurationAction - debug attribute not set
21:43:42,246 |-INFO in ch.qos.logback.core.joran.action.AppenderAction - About to instantiate appender of type [ch.qos.logback.core.ConsoleAppender]
21:43:42,546 |-INFO in ch.qos.logback.core
...[truncated 3553 chars]...
ter&quot;,
  &quot;photoUrls&quot;: [
    &quot;some.image.url.of.cool.pup&quot;
  ],
  &quot;tags&quot;: [
    {
      &quot;id&quot;: 99552,
      &quot;name&quot;: &quot;Dog&quot;
    }
  ],
  &quot;status&quot;: &quot;available&quot;
}
[INFO ] 03 Nov 21:43:53 [c.s.c.a.f.b.a.s.p.PetService : 46] - Running assertions for POST Pet Request against Response: Fluff Meister
[INFO ] 03 Nov 21:43:53 [c.s.c.a.f.b.a.s.p.PetService : 77] - Trigger assertions
[INFO ] 03 Nov 21:43:53 [c.s.c.a.f.b.a.s.p.PetService : 80] - All assertions successful for POST Add Pet Request against Response
</stdout>
          <failedSince>0</failedSince>
        </case>
        <case>
          <duration>1.166</duration>
          <className>com.sprite.cloud.automation.framework.api.functional.PostPetTest</className>
          <testName>addPetUnsuccessfullyTest</testName>
          <skipped>false</skipped>
          <errorStackTrace>java.lang.AssertionError: Unable to unsuccessfully add new pet: Doggie expected [400] but found [200]
	at com.sprite.cloud.automation.framework.api.functional.PostPetTest.addPetUnsuccessfullyTest(PostPetTest.java:59)
</errorStackTrace>
          <errorDetails>Unable to unsuccessfully add new pet: Doggie expected [400] but found [200]</errorDetails>
          <stdout>[INFO ] 03 Nov 21:43:53 [c.s.c.a.f.b.a.s.p.PetService : 37] - Requesting add new pet, expecting exception with status code 400: Doggie
[INFO ] 03 Nov 21:43:53 [c.s.c.a.f.b.a.c.i.HttpLogger : 39] - ========================== Request =========================================
[INFO ] 03 Nov 21:43:53 [c.s.c.a.f.b.a.c.i.HttpLogger : 40] - Request: POST -&gt;https://petstore.swagger.io/v2/pet
[INFO ] 03 Nov 21:43:53 [c.s.c.a.f.b.a.c.i.HttpLogger : 41] - RequestHeader: 
{
  &quot;Accept&quot;: &quot;[application/json]&quot;,
  &quot;Content-Type&quot;: &quot;[application/json]&quot;
}
[INFO ] 03 Nov 21:43:53 [c.s.c.a.f.b.a.c.i.HttpLogger : 48] - RequestBody: 
{
  &quot;id&quot;: 0,
  &quot;category&quot;: {
    &quot;id&quot;: 0,
    &quot;name&quot;: &quot;Some Category&quot;
  },
  &quot;name&quot;: &quot;Doggie&quot;,
  &quot;photoUrls&quot;: [
    &quot;some.image.url&quot;
  ],
  &quot;tags&quot;: [
    {
      &quot;id&quot;: 0,
      &quot;name&quot;: &quot;Some Tag&quot;
    }
  ]
}
[INFO ] 03 Nov 21:43:54 [c.s.c.a.f.b.a.c.i.HttpLogger : 61] - ========================= Response ===========================================
[INFO ] 03 Nov 21:43:54 [c.s.c.a.f.b.a.c.i.HttpLogger : 66] - Status code : 200
[INFO ] 03 Nov 21:43:54 [c.s.c.a.f.b.a.c.i.HttpLogger : 75] - Response time: 1.07 sec
[INFO ] 03 Nov 21:43:54 [c.s.c.a.f.b.a.c.i.HttpLogger : 79] - ResponseBody: 
{
  &quot;id&quot;: 9223372000001154970,
  &quot;category&quot;: {
    &quot;id&quot;: 0,
    &quot;name&quot;: &quot;Some Category&quot;
  },
  &quot;name&quot;: &quot;Doggie&quot;,
  &quot;photoUrls&quot;: [
    &quot;some.image.url&quot;
  ],
  &quot;tags&quot;: [
    {
      &quot;id&quot;: 0,
      &quot;name&quot;: &quot;Some Tag&quot;
    }
  ]
}
</stdout>
          <failedSince>9</failedSince>
        </case>
        <case>
          <duration>1.423</duration>
          <className>com.sprite.cloud.automation.framework.api.functional.PutPetTest</className>
          <testName>editPetSuccessfullyTest</testName>
          <skipped>false</skipped>
          <stdout>[INFO ] 03 Nov 21:43:54 [c.s.c.a.f.b.TestBase : 82] - Selenium Driver closed
[INFO ] 03 Nov 21:43:54 [c.s.c.a.f.b.TestBase : 40] - platformType: API
[INFO ] 03 Nov 21:43:54 [c.s.c.a.f.b.TestBase : 41] - browserName: CHROME
[INFO ] 03 Nov 21:43:54 [c.s.c.a.f.b.TestBase : 75] - API only tests
[INFO ] 03 Nov 21:43:54 [c.s.c.a.f.b.a.s.p.PetService : 86] - Requesting edit existing pet, expecting status code 200: Fluff Meister
[INFO ] 03 Nov 21:43:54 [c.s.c.a.f.b.a.c.i.HttpLogger : 39] - =============
...[truncated 1159 chars]...
er&quot;,
  &quot;photoUrls&quot;: [
    &quot;some.image.url.of.cool.pup&quot;
  ],
  &quot;tags&quot;: [
    {
      &quot;id&quot;: 45590,
      &quot;name&quot;: &quot;Dog&quot;
    }
  ],
  &quot;status&quot;: &quot;available&quot;
}
[INFO ] 03 Nov 21:43:55 [c.s.c.a.f.b.a.s.p.PetService : 95] - Running assertions for PUT Pet Request against Response: Fluff Meister
[INFO ] 03 Nov 21:43:55 [c.s.c.a.f.b.a.s.p.PetService : 126] - Trigger assertions
[INFO ] 03 Nov 21:43:55 [c.s.c.a.f.b.a.s.p.PetService : 129] - All assertions successful for POST Add Pet Request against Response
</stdout>
          <failedSince>0</failedSince>
        </case>
      </cases>
    </suite>
  </suites>
  <duration>63.534004</duration>
  <keepLongStdio>false</keepLongStdio>
</result>