<?xml version='1.1' encoding='UTF-8'?>
<result plugin="junit@1.53">
  <suites>
    <suite>
      <file>/var/jenkins_home/workspace/sc-automation-framework/target/surefire-reports/TEST-TestSuite.xml</file>
      <name>TestSuite</name>
      <duration>21.627</duration>
      <time>21.627</time>
      <nodeId>21</nodeId>
      <enclosingBlocks>
        <string>14</string>
      </enclosingBlocks>
      <enclosingBlockNames>
        <string>Build</string>
      </enclosingBlockNames>
      <cases>
        <case>
          <duration>10.872</duration>
          <className>com.sprite.cloud.automation.framework.api.functional.PostPetTest</className>
          <testName>addPetSuccessfullyTest</testName>
          <skipped>false</skipped>
          <stdout>22:21:08,145 |-INFO in ch.qos.logback.classic.LoggerContext[default] - Found resource [logback-test.xml] at [file:/var/jenkins_home/workspace/sc-automation-framework/target/test-classes/logback-test.xml]
22:21:09,085 |-INFO in ch.qos.logback.classic.joran.action.ConfigurationAction - debug attribute not set
22:21:09,096 |-INFO in ch.qos.logback.core.joran.action.AppenderAction - About to instantiate appender of type [ch.qos.logback.core.ConsoleAppender]
22:21:09,394 |-INFO in ch.qos.logback.core
...[truncated 3543 chars]...
f Meister&quot;,
  &quot;photoUrls&quot;: [
    &quot;some.image.url.of.cool.pup&quot;
  ],
  &quot;tags&quot;: [
    {
      &quot;id&quot;: 73270,
      &quot;name&quot;: &quot;Dog&quot;
    }
  ],
  &quot;status&quot;: &quot;available&quot;
}
[INFO ] 26 Oct 22:21:21 [c.s.c.a.f.b.a.s.PetService : 46] - Running assertions for POST Pet Request against Response: Fluff Meister
[INFO ] 26 Oct 22:21:21 [c.s.c.a.f.b.a.s.PetService : 77] - Trigger assertions
[INFO ] 26 Oct 22:21:21 [c.s.c.a.f.b.a.s.PetService : 80] - All assertions successful for POST Add Pet Request against Response
</stdout>
          <failedSince>0</failedSince>
        </case>
        <case>
          <duration>1.429</duration>
          <className>com.sprite.cloud.automation.framework.api.functional.PostPetTest</className>
          <testName>addPetUnsuccessfullyTest</testName>
          <skipped>false</skipped>
          <errorStackTrace>java.lang.AssertionError: Unable to unsuccessfully add new pet: Doggie expected [400] but found [200]
	at com.sprite.cloud.automation.framework.api.functional.PostPetTest.addPetUnsuccessfullyTest(PostPetTest.java:59)
</errorStackTrace>
          <errorDetails>Unable to unsuccessfully add new pet: Doggie expected [400] but found [200]</errorDetails>
          <stdout>[INFO ] 26 Oct 22:21:21 [c.s.c.a.f.b.a.s.PetService : 37] - Requesting add new pet, expecting exception with status code 400: Doggie
[INFO ] 26 Oct 22:21:21 [c.s.c.a.f.b.a.c.i.HttpLogger : 39] - ========================== Request =========================================
[INFO ] 26 Oct 22:21:21 [c.s.c.a.f.b.a.c.i.HttpLogger : 40] - Request: POST -&gt;https://petstore.swagger.io/v2/pet
[INFO ] 26 Oct 22:21:21 [c.s.c.a.f.b.a.c.i.HttpLogger : 41] - RequestHeader: 
{
  &quot;Accept&quot;: &quot;[application/json]&quot;,
  &quot;Content-Type&quot;: &quot;[application/json]&quot;
}
[INFO ] 26 Oct 22:21:21 [c.s.c.a.f.b.a.c.i.HttpLogger : 48] - RequestBody: 
{
  &quot;id&quot;: 0,
  &quot;category&quot;: {
    &quot;id&quot;: 0,
    &quot;name&quot;: &quot;Some Category&quot;
  },
  &quot;name&quot;: &quot;Doggie&quot;,
  &quot;photoUrls&quot;: [
    &quot;some.image.url&quot;
  ],
  &quot;tags&quot;: [
    {
      &quot;id&quot;: 0,
      &quot;name&quot;: &quot;Some Tag&quot;
    }
  ]
}
[INFO ] 26 Oct 22:21:23 [c.s.c.a.f.b.a.c.i.HttpLogger : 61] - ========================= Response ===========================================
[INFO ] 26 Oct 22:21:23 [c.s.c.a.f.b.a.c.i.HttpLogger : 66] - Status code : 200
[INFO ] 26 Oct 22:21:23 [c.s.c.a.f.b.a.c.i.HttpLogger : 75] - Response time: 1.25 sec
[INFO ] 26 Oct 22:21:23 [c.s.c.a.f.b.a.c.i.HttpLogger : 79] - ResponseBody: 
{
  &quot;id&quot;: 9223372000001095914,
  &quot;category&quot;: {
    &quot;id&quot;: 0,
    &quot;name&quot;: &quot;Some Category&quot;
  },
  &quot;name&quot;: &quot;Doggie&quot;,
  &quot;photoUrls&quot;: [
    &quot;some.image.url&quot;
  ],
  &quot;tags&quot;: [
    {
      &quot;id&quot;: 0,
      &quot;name&quot;: &quot;Some Tag&quot;
    }
  ]
}
</stdout>
          <failedSince>9</failedSince>
        </case>
        <case>
          <duration>1.734</duration>
          <className>com.sprite.cloud.automation.framework.api.functional.PutPetTest</className>
          <testName>editPetSuccessfullyTest</testName>
          <skipped>false</skipped>
          <stdout>[INFO ] 26 Oct 22:21:23 [c.s.c.a.f.b.TestBase : 71] - Selenium Driver closed
[INFO ] 26 Oct 22:21:23 [c.s.c.a.f.b.TestBase : 40] - platformType: API
[INFO ] 26 Oct 22:21:23 [c.s.c.a.f.b.TestBase : 41] - browserNameCHROME
[INFO ] 26 Oct 22:21:23 [c.s.c.a.f.b.TestBase : 64] - API only tests
[INFO ] 26 Oct 22:21:23 [c.s.c.a.f.b.a.s.PetService : 86] - Requesting edit existing pet, expecting status code 200: Fluff Meister
[INFO ] 26 Oct 22:21:23 [c.s.c.a.f.b.a.c.i.HttpLogger : 39] - =================
...[truncated 1149 chars]...
 Meister&quot;,
  &quot;photoUrls&quot;: [
    &quot;some.image.url.of.cool.pup&quot;
  ],
  &quot;tags&quot;: [
    {
      &quot;id&quot;: 52829,
      &quot;name&quot;: &quot;Dog&quot;
    }
  ],
  &quot;status&quot;: &quot;available&quot;
}
[INFO ] 26 Oct 22:21:24 [c.s.c.a.f.b.a.s.PetService : 95] - Running assertions for PUT Pet Request against Response: Fluff Meister
[INFO ] 26 Oct 22:21:24 [c.s.c.a.f.b.a.s.PetService : 126] - Trigger assertions
[INFO ] 26 Oct 22:21:24 [c.s.c.a.f.b.a.s.PetService : 129] - All assertions successful for POST Add Pet Request against Response
</stdout>
          <failedSince>0</failedSince>
        </case>
        <case>
          <duration>2.124</duration>
          <className>com.sprite.cloud.automation.framework.web.CheckBoxTest</className>
          <testName>setup[QA](0)</testName>
          <skipped>false</skipped>
          <errorStackTrace>java.lang.NullPointerException
	at com.sprite.cloud.automation.framework.web.CheckBoxTest.setup(CheckBoxTest.java:32)
</errorStackTrace>
          <stdout>[INFO ] 26 Oct 22:21:24 [c.s.c.a.f.b.TestBase : 71] - Selenium Driver closed
[INFO ] 26 Oct 22:21:24 [c.s.c.a.f.b.TestBase : 40] - platformType: API
[INFO ] 26 Oct 22:21:24 [c.s.c.a.f.b.TestBase : 41] - browserNameCHROME
[INFO ] 26 Oct 22:21:24 [c.s.c.a.f.b.TestBase : 64] - API only tests
[INFO ] 26 Oct 22:21:25 [c.s.c.a.f.b.w.WebPropertyUtils : 21] - Loading mandatory web properties...
</stdout>
          <failedSince>9</failedSince>
        </case>
        <case>
          <duration>0.0</duration>
          <className>com.sprite.cloud.automation.framework.web.CheckBoxTest</className>
          <testName>textBoxTest</testName>
          <skipped>true</skipped>
          <skippedMessage></skippedMessage>
          <failedSince>0</failedSince>
        </case>
        <case>
          <duration>0.336</duration>
          <className>com.sprite.cloud.automation.framework.web.ElementsTest</className>
          <testName>setup[QA](0)</testName>
          <skipped>false</skipped>
          <errorStackTrace>java.lang.NullPointerException
	at com.sprite.cloud.automation.framework.web.ElementsTest.setup(ElementsTest.java:32)
</errorStackTrace>
          <stdout>[INFO ] 26 Oct 22:21:25 [c.s.c.a.f.b.TestBase : 71] - Selenium Driver closed
[INFO ] 26 Oct 22:21:25 [c.s.c.a.f.b.TestBase : 40] - platformType: API
[INFO ] 26 Oct 22:21:25 [c.s.c.a.f.b.TestBase : 41] - browserNameCHROME
[INFO ] 26 Oct 22:21:25 [c.s.c.a.f.b.TestBase : 64] - API only tests
</stdout>
          <failedSince>9</failedSince>
        </case>
        <case>
          <duration>0.0</duration>
          <className>com.sprite.cloud.automation.framework.web.ElementsTest</className>
          <testName>textBoxTest</testName>
          <skipped>true</skipped>
          <skippedMessage></skippedMessage>
          <failedSince>0</failedSince>
        </case>
      </cases>
    </suite>
  </suites>
  <duration>21.627</duration>
  <keepLongStdio>false</keepLongStdio>
</result>