<?xml version='1.1' encoding='UTF-8'?>
<result plugin="junit@1.53">
  <suites>
    <suite>
      <file>/var/jenkins_home/workspace/sc-automation-framework/src/test/resources/reports/2021-11-05_13-57/TEST-TestSuite.xml</file>
      <name>TestSuite</name>
      <duration>433.892</duration>
      <time>216.946</time>
      <nodeId>62</nodeId>
      <enclosingBlocks>
        <string>56</string>
      </enclosingBlocks>
      <enclosingBlockNames>
        <string>Build Automation Frameork And Start Test Run</string>
      </enclosingBlockNames>
      <cases>
        <case>
          <duration>2.074</duration>
          <className>com.sprite.cloud.automation.framework.api.petstorepet.PostPetTest</className>
          <testName>addPetSuccessfullyTest</testName>
          <skipped>false</skipped>
          <stdout>14:00:36,407 |-INFO in ch.qos.logback.classic.LoggerContext[default] - Found resource [logback-test.xml] at [file:/var/jenkins_home/workspace/sc-automation-framework/target/test-classes/logback-test.xml]
14:00:36,430 |-INFO in ch.qos.logback.classic.joran.action.ConfigurationAction - debug attribute not set
14:00:36,430 |-INFO in ch.qos.logback.core.joran.action.AppenderAction - About to instantiate appender of type [ch.qos.logback.core.ConsoleAppender]
14:00:36,434 |-INFO in ch.qos.logback.core
...[truncated 3553 chars]...
ter&quot;,
  &quot;photoUrls&quot;: [
    &quot;some.image.url.of.cool.pup&quot;
  ],
  &quot;tags&quot;: [
    {
      &quot;id&quot;: 90840,
      &quot;name&quot;: &quot;Dog&quot;
    }
  ],
  &quot;status&quot;: &quot;available&quot;
}
[INFO ] 05 Nov 14:00:38 [c.s.c.a.f.b.a.s.p.PetService : 46] - Running assertions for POST Pet Request against Response: Fluff Meister
[INFO ] 05 Nov 14:00:38 [c.s.c.a.f.b.a.s.p.PetService : 77] - Trigger assertions
[INFO ] 05 Nov 14:00:38 [c.s.c.a.f.b.a.s.p.PetService : 80] - All assertions successful for POST Add Pet Request against Response
</stdout>
          <failedSince>0</failedSince>
        </case>
        <case>
          <duration>1.293</duration>
          <className>com.sprite.cloud.automation.framework.api.petstorepet.PostPetTest</className>
          <testName>addPetUnsuccessfullyTest</testName>
          <skipped>false</skipped>
          <errorStackTrace>java.lang.AssertionError: Unable to unsuccessfully add new pet: Doggie expected [400] but found [200]
	at com.sprite.cloud.automation.framework.api.petstorepet.PostPetTest.addPetUnsuccessfullyTest(PostPetTest.java:59)
</errorStackTrace>
          <errorDetails>Unable to unsuccessfully add new pet: Doggie expected [400] but found [200]</errorDetails>
          <stdout>[INFO ] 05 Nov 14:00:38 [c.s.c.a.f.b.a.s.p.PetService : 37] - Requesting add new pet, expecting exception with status code 400: Doggie
[INFO ] 05 Nov 14:00:38 [c.s.c.a.f.b.a.c.i.HttpLogger : 39] - ========================== Request =========================================
[INFO ] 05 Nov 14:00:38 [c.s.c.a.f.b.a.c.i.HttpLogger : 40] - Request: POST -&gt;https://petstore.swagger.io/v2/pet
[INFO ] 05 Nov 14:00:38 [c.s.c.a.f.b.a.c.i.HttpLogger : 41] - RequestHeader: 
{
  &quot;Accept&quot;: &quot;[application/json]&quot;,
  &quot;Content-Type&quot;: &quot;[application/json]&quot;
}
[INFO ] 05 Nov 14:00:38 [c.s.c.a.f.b.a.c.i.HttpLogger : 48] - RequestBody: 
{
  &quot;id&quot;: 0,
  &quot;category&quot;: {
    &quot;id&quot;: 0,
    &quot;name&quot;: &quot;Some Category&quot;
  },
  &quot;name&quot;: &quot;Doggie&quot;,
  &quot;photoUrls&quot;: [
    &quot;some.image.url&quot;
  ],
  &quot;tags&quot;: [
    {
      &quot;id&quot;: 0,
      &quot;name&quot;: &quot;Some Tag&quot;
    }
  ]
}
[INFO ] 05 Nov 14:00:39 [c.s.c.a.f.b.a.c.i.HttpLogger : 61] - ========================= Response ===========================================
[INFO ] 05 Nov 14:00:39 [c.s.c.a.f.b.a.c.i.HttpLogger : 66] - Status code : 200
[INFO ] 05 Nov 14:00:39 [c.s.c.a.f.b.a.c.i.HttpLogger : 75] - Response time: 1.27 sec
[INFO ] 05 Nov 14:00:39 [c.s.c.a.f.b.a.c.i.HttpLogger : 79] - ResponseBody: 
{
  &quot;id&quot;: 9223372000001163734,
  &quot;category&quot;: {
    &quot;id&quot;: 0,
    &quot;name&quot;: &quot;Some Category&quot;
  },
  &quot;name&quot;: &quot;Doggie&quot;,
  &quot;photoUrls&quot;: [
    &quot;some.image.url&quot;
  ],
  &quot;tags&quot;: [
    {
      &quot;id&quot;: 0,
      &quot;name&quot;: &quot;Some Tag&quot;
    }
  ]
}
</stdout>
          <failedSince>1</failedSince>
        </case>
        <case>
          <duration>1.268</duration>
          <className>com.sprite.cloud.automation.framework.api.petstorepet.PutPetTest</className>
          <testName>editPetSuccessfullyTest</testName>
          <skipped>false</skipped>
          <stdout>[INFO ] 05 Nov 14:00:39 [c.s.c.a.f.b.TestBase : 82] - Selenium Driver closed
[INFO ] 05 Nov 14:00:39 [c.s.c.a.f.b.TestBase : 40] - platformType: API
[INFO ] 05 Nov 14:00:39 [c.s.c.a.f.b.TestBase : 41] - browserName: CHROME
[INFO ] 05 Nov 14:00:39 [c.s.c.a.f.b.TestBase : 75] - API only tests
[INFO ] 05 Nov 14:00:39 [c.s.c.a.f.b.a.s.p.PetService : 86] - Requesting edit existing pet, expecting status code 200: Fluff Meister
[INFO ] 05 Nov 14:00:39 [c.s.c.a.f.b.a.c.i.HttpLogger : 39] - =============
...[truncated 1159 chars]...
er&quot;,
  &quot;photoUrls&quot;: [
    &quot;some.image.url.of.cool.pup&quot;
  ],
  &quot;tags&quot;: [
    {
      &quot;id&quot;: 46620,
      &quot;name&quot;: &quot;Dog&quot;
    }
  ],
  &quot;status&quot;: &quot;available&quot;
}
[INFO ] 05 Nov 14:00:41 [c.s.c.a.f.b.a.s.p.PetService : 95] - Running assertions for PUT Pet Request against Response: Fluff Meister
[INFO ] 05 Nov 14:00:41 [c.s.c.a.f.b.a.s.p.PetService : 126] - Trigger assertions
[INFO ] 05 Nov 14:00:41 [c.s.c.a.f.b.a.s.p.PetService : 129] - All assertions successful for POST Add Pet Request against Response
</stdout>
          <failedSince>0</failedSince>
        </case>
        <case>
          <duration>1.437</duration>
          <className>com.sprite.cloud.automation.framework.api.petstoreUser.CreateNewUserTest</className>
          <testName>createNewValidUser</testName>
          <skipped>false</skipped>
          <stdout>[INFO ] 05 Nov 14:00:41 [c.s.c.a.f.b.TestBase : 82] - Selenium Driver closed
[INFO ] 05 Nov 14:00:41 [c.s.c.a.f.b.TestBase : 40] - platformType: API
[INFO ] 05 Nov 14:00:41 [c.s.c.a.f.b.TestBase : 41] - browserName: CHROME
[INFO ] 05 Nov 14:00:41 [c.s.c.a.f.b.TestBase : 75] - API only tests
[INFO ] 05 Nov 14:00:41 [c.s.c.a.f.b.a.s.p.UserApiService : 30] - Requesting add a new user, expecting status code 200: roland.beer
[INFO ] 05 Nov 14:00:41 [c.s.c.a.f.b.a.c.i.HttpLogger : 39] - ==============
...[truncated 667 chars]...
: 61] - ========================= Response ===========================================
[INFO ] 05 Nov 14:00:42 [c.s.c.a.f.b.a.c.i.HttpLogger : 66] - Status code : 200
[INFO ] 05 Nov 14:00:42 [c.s.c.a.f.b.a.c.i.HttpLogger : 75] - Response time: 1.22 sec
[INFO ] 05 Nov 14:00:42 [c.s.c.a.f.b.a.c.i.HttpLogger : 79] - ResponseBody: 
{
  &quot;code&quot;: 200,
  &quot;type&quot;: &quot;unknown&quot;,
  &quot;message&quot;: &quot;34124&quot;
}
[INFO ] 05 Nov 14:00:42 [c.s.c.a.f.b.a.s.p.UserApiService : 35] - Successfully added a new user: roland.beer
</stdout>
          <failedSince>0</failedSince>
        </case>
        <case>
          <duration>2.544</duration>
          <className>com.sprite.cloud.automation.framework.api.petstoreUser.UserLoginTest</className>
          <testName>userLogin</testName>
          <skipped>false</skipped>
          <stdout>[INFO ] 05 Nov 14:00:42 [c.s.c.a.f.b.TestBase : 82] - Selenium Driver closed
[INFO ] 05 Nov 14:00:42 [c.s.c.a.f.b.TestBase : 40] - platformType: API
[INFO ] 05 Nov 14:00:42 [c.s.c.a.f.b.TestBase : 41] - browserName: CHROME
[INFO ] 05 Nov 14:00:42 [c.s.c.a.f.b.TestBase : 75] - API only tests
[INFO ] 05 Nov 14:00:42 [c.s.c.a.f.b.a.s.p.UserApiService : 53] - Requesting add a new random user, expecting status code 200: rolland.bergstrom
[INFO ] 05 Nov 14:00:42 [c.s.c.a.f.b.a.c.i.HttpLogger : 39] - =
...[truncated 1884 chars]...
esponse ===========================================
[INFO ] 05 Nov 14:00:45 [c.s.c.a.f.b.a.c.i.HttpLogger : 66] - Status code : 200
[INFO ] 05 Nov 14:00:45 [c.s.c.a.f.b.a.c.i.HttpLogger : 75] - Response time: 1.20 sec
[INFO ] 05 Nov 14:00:45 [c.s.c.a.f.b.a.c.i.HttpLogger : 79] - ResponseBody: 
{
  &quot;code&quot;: 200,
  &quot;type&quot;: &quot;unknown&quot;,
  &quot;message&quot;: &quot;logged in user session:1636120845051&quot;
}
[INFO ] 05 Nov 14:00:45 [c.s.c.a.f.b.a.s.p.UserApiService : 88] - Successfully got user login: rolland.bergstrom
</stdout>
          <failedSince>0</failedSince>
        </case>
        <case>
          <duration>2.495</duration>
          <className>com.sprite.cloud.automation.framework.api.petstoreUser.GetUserByUsernameTest</className>
          <testName>userLogin</testName>
          <skipped>false</skipped>
          <stdout>[INFO ] 05 Nov 14:00:45 [c.s.c.a.f.b.TestBase : 82] - Selenium Driver closed
[INFO ] 05 Nov 14:00:45 [c.s.c.a.f.b.TestBase : 40] - platformType: API
[INFO ] 05 Nov 14:00:45 [c.s.c.a.f.b.TestBase : 41] - browserName: CHROME
[INFO ] 05 Nov 14:00:45 [c.s.c.a.f.b.TestBase : 75] - API only tests
[INFO ] 05 Nov 14:00:45 [c.s.c.a.f.b.a.s.p.UserApiService : 53] - Requesting add a new random user, expecting status code 200: ashley.lowe
[INFO ] 05 Nov 14:00:45 [c.s.c.a.f.b.a.c.i.HttpLogger : 39] - =======
...[truncated 1943 chars]...
66] - Status code : 200
[INFO ] 05 Nov 14:00:47 [c.s.c.a.f.b.a.c.i.HttpLogger : 75] - Response time: 1.16 sec
[INFO ] 05 Nov 14:00:47 [c.s.c.a.f.b.a.c.i.HttpLogger : 79] - ResponseBody: 
{
  &quot;id&quot;: 49127,
  &quot;username&quot;: &quot;ashley.lowe&quot;,
  &quot;firstName&quot;: &quot;Lavonna&quot;,
  &quot;lastName&quot;: &quot;Runolfsson&quot;,
  &quot;email&quot;: &quot;kate.gibson@yahoo.com&quot;,
  &quot;password&quot;: &quot;8799&quot;,
  &quot;phone&quot;: &quot;399.852.8936 x57410&quot;,
  &quot;userStatus&quot;: 1
}
[INFO ] 05 Nov 14:00:47 [c.s.c.a.f.b.a.s.p.UserApiService : 75] - Successfully got user: ashley.lowe
</stdout>
          <failedSince>0</failedSince>
        </case>
        <case>
          <duration>62.202</duration>
          <className>com.sprite.cloud.automation.framework.web.bookstore.LoginTest</className>
          <testName>LogIn</testName>
          <skipped>false</skipped>
          <stdout>[INFO ] 05 Nov 14:00:47 [c.s.c.a.f.b.TestBase : 82] - Selenium Driver closed
[INFO ] 05 Nov 14:00:47 [c.s.c.a.f.b.TestBase : 32] - Running against environment: QA
[INFO ] 05 Nov 14:00:47 [c.s.c.a.f.b.TestBase : 40] - platformType: WEB
[INFO ] 05 Nov 14:00:47 [c.s.c.a.f.b.TestBase : 41] - browserName: CHROME-REMOTE
[INFO ] 05 Nov 14:00:53 [c.s.c.a.f.b.TestBase : 73] - Completed setting up Selenium Driver for browser: CHROME-REMOTE
[INFO ] 05 Nov 14:00:53 [c.s.c.a.f.b.a.s.t.UserService : 26] - Req
...[truncated 1777 chars]...
a.f.b.w.p.B.LoginPage : 47] - Login was successful - Lou Briccant, password: 6doO^u6[A)
[INFO ] 05 Nov 14:01:55 [c.s.c.a.f.b.w.WebPageHelper : 473] - Element is enabled [[[RemoteWebDriver: chrome on LINUX (60be4642e296b1047647256a506992a9)] -&gt; xpath: //button[contains(text(),&apos;Log out&apos;)]]]
[INFO ] 05 Nov 14:01:56 [c.s.c.a.f.b.w.WebPageHelper : 127] - current URL is- https://demoqa.com/profile
[INFO ] 05 Nov 14:01:56 [c.s.c.a.f.b.w.WebPageHelper : 127] - current URL is- https://demoqa.com/profile
</stdout>
          <stderr>Nov 05, 2021 2:00:47 PM org.openqa.selenium.remote.tracing.opentelemetry.OpenTelemetryTracer createTracer
INFO: Using OpenTelemetry for tracing
Nov 05, 2021 2:00:52 PM org.openqa.selenium.remote.ProtocolHandshake createSession
INFO: Detected dialect: W3C
</stderr>
          <failedSince>0</failedSince>
        </case>
        <case>
          <duration>48.454</duration>
          <className>com.sprite.cloud.automation.framework.web.bookstore.LoginTest</className>
          <testName>LogIn</testName>
          <skipped>false</skipped>
          <stdout>[INFO ] 05 Nov 14:01:56 [c.s.c.a.f.b.TestBase : 82] - Selenium Driver closed
[INFO ] 05 Nov 14:01:56 [c.s.c.a.f.b.TestBase : 40] - platformType: WEB
[INFO ] 05 Nov 14:01:56 [c.s.c.a.f.b.TestBase : 41] - browserName: FIREFOX-REMOTE
[INFO ] 05 Nov 14:02:03 [c.s.c.a.f.b.TestBase : 73] - Completed setting up Selenium Driver for browser: FIREFOX-REMOTE
[INFO ] 05 Nov 14:02:03 [c.s.c.a.f.b.a.s.t.UserService : 26] - Requesting add new user account, expecting status code 201: Bruce Easley
[INFO ] 05 Nov
...[truncated 1598 chars]...
.w.p.B.LoginPage : 47] - Login was successful - Bruce Easley, password: *{R3aA_mo9
[INFO ] 05 Nov 14:02:52 [c.s.c.a.f.b.w.WebPageHelper : 473] - Element is enabled [[[RemoteWebDriver: firefox on LINUX (c2b70100-643d-4c69-af9d-4581586a61fe)] -&gt; xpath: //button[contains(text(),&apos;Log out&apos;)]]]
[INFO ] 05 Nov 14:02:52 [c.s.c.a.f.b.w.WebPageHelper : 127] - current URL is- https://demoqa.com/profile
[INFO ] 05 Nov 14:02:53 [c.s.c.a.f.b.w.WebPageHelper : 127] - current URL is- https://demoqa.com/profile
</stdout>
          <stderr>Nov 05, 2021 2:02:03 PM org.openqa.selenium.remote.ProtocolHandshake createSession
INFO: Detected dialect: W3C
</stderr>
          <failedSince>0</failedSince>
        </case>
        <case>
          <duration>75.632</duration>
          <className>com.sprite.cloud.automation.framework.web.bookstore.AddBookToCollectionTest</className>
          <testName>AddNewBookToCollection</testName>
          <skipped>false</skipped>
          <stdout>[INFO ] 05 Nov 14:02:53 [c.s.c.a.f.b.TestBase : 82] - Selenium Driver closed
[INFO ] 05 Nov 14:02:53 [c.s.c.a.f.b.TestBase : 40] - platformType: WEB
[INFO ] 05 Nov 14:02:53 [c.s.c.a.f.b.TestBase : 41] - browserName: CHROME-REMOTE
[INFO ] 05 Nov 14:02:56 [c.s.c.a.f.b.TestBase : 73] - Completed setting up Selenium Driver for browser: CHROME-REMOTE
[INFO ] 05 Nov 14:02:56 [c.s.c.a.f.b.a.s.t.UserService : 26] - Requesting add new user account, expecting status code 201: Bill Ding
[INFO ] 05 Nov 14:0
...[truncated 3530 chars]...
/session/5..., se:vncEnabled: true, se:vncLocalAddress: ws://172.19.0.6:7900, setWindowRect: true, strictFileInteractability: false, timeouts: {implicit: 0, pageLoad: 300000, script: 30000}, unhandledPromptBehavior: dismiss and notify, webauthn:extension:credBlob: true, webauthn:extension:largeBlob: true, webauthn:virtualAuthenticators: true}
Session ID: 5af76c23e7cfcf600a2e99bc036c386f
[INFO ] 05 Nov 14:04:13 [c.s.c.a.f.b.w.p.B.ProfilePage : 124] - Book Git Pocket Guide does not exist on table
</stdout>
          <stderr>Nov 05, 2021 2:02:56 PM org.openqa.selenium.remote.ProtocolHandshake createSession
INFO: Detected dialect: W3C
</stderr>
          <failedSince>0</failedSince>
        </case>
        <case>
          <duration>2.074</duration>
          <className>com.sprite.cloud.automation.framework.api.petstorepet.PostPetTest</className>
          <testName>addPetSuccessfullyTest</testName>
          <skipped>false</skipped>
          <stdout>14:00:36,407 |-INFO in ch.qos.logback.classic.LoggerContext[default] - Found resource [logback-test.xml] at [file:/var/jenkins_home/workspace/sc-automation-framework/target/test-classes/logback-test.xml]
14:00:36,430 |-INFO in ch.qos.logback.classic.joran.action.ConfigurationAction - debug attribute not set
14:00:36,430 |-INFO in ch.qos.logback.core.joran.action.AppenderAction - About to instantiate appender of type [ch.qos.logback.core.ConsoleAppender]
14:00:36,434 |-INFO in ch.qos.logback.core
...[truncated 3553 chars]...
ter&quot;,
  &quot;photoUrls&quot;: [
    &quot;some.image.url.of.cool.pup&quot;
  ],
  &quot;tags&quot;: [
    {
      &quot;id&quot;: 90840,
      &quot;name&quot;: &quot;Dog&quot;
    }
  ],
  &quot;status&quot;: &quot;available&quot;
}
[INFO ] 05 Nov 14:00:38 [c.s.c.a.f.b.a.s.p.PetService : 46] - Running assertions for POST Pet Request against Response: Fluff Meister
[INFO ] 05 Nov 14:00:38 [c.s.c.a.f.b.a.s.p.PetService : 77] - Trigger assertions
[INFO ] 05 Nov 14:00:38 [c.s.c.a.f.b.a.s.p.PetService : 80] - All assertions successful for POST Add Pet Request against Response
</stdout>
          <failedSince>0</failedSince>
        </case>
        <case>
          <duration>1.293</duration>
          <className>com.sprite.cloud.automation.framework.api.petstorepet.PostPetTest</className>
          <testName>addPetUnsuccessfullyTest</testName>
          <skipped>false</skipped>
          <errorStackTrace>java.lang.AssertionError: Unable to unsuccessfully add new pet: Doggie expected [400] but found [200]
	at com.sprite.cloud.automation.framework.api.petstorepet.PostPetTest.addPetUnsuccessfullyTest(PostPetTest.java:59)
</errorStackTrace>
          <errorDetails>Unable to unsuccessfully add new pet: Doggie expected [400] but found [200]</errorDetails>
          <stdout>[INFO ] 05 Nov 14:00:38 [c.s.c.a.f.b.a.s.p.PetService : 37] - Requesting add new pet, expecting exception with status code 400: Doggie
[INFO ] 05 Nov 14:00:38 [c.s.c.a.f.b.a.c.i.HttpLogger : 39] - ========================== Request =========================================
[INFO ] 05 Nov 14:00:38 [c.s.c.a.f.b.a.c.i.HttpLogger : 40] - Request: POST -&gt;https://petstore.swagger.io/v2/pet
[INFO ] 05 Nov 14:00:38 [c.s.c.a.f.b.a.c.i.HttpLogger : 41] - RequestHeader: 
{
  &quot;Accept&quot;: &quot;[application/json]&quot;,
  &quot;Content-Type&quot;: &quot;[application/json]&quot;
}
[INFO ] 05 Nov 14:00:38 [c.s.c.a.f.b.a.c.i.HttpLogger : 48] - RequestBody: 
{
  &quot;id&quot;: 0,
  &quot;category&quot;: {
    &quot;id&quot;: 0,
    &quot;name&quot;: &quot;Some Category&quot;
  },
  &quot;name&quot;: &quot;Doggie&quot;,
  &quot;photoUrls&quot;: [
    &quot;some.image.url&quot;
  ],
  &quot;tags&quot;: [
    {
      &quot;id&quot;: 0,
      &quot;name&quot;: &quot;Some Tag&quot;
    }
  ]
}
[INFO ] 05 Nov 14:00:39 [c.s.c.a.f.b.a.c.i.HttpLogger : 61] - ========================= Response ===========================================
[INFO ] 05 Nov 14:00:39 [c.s.c.a.f.b.a.c.i.HttpLogger : 66] - Status code : 200
[INFO ] 05 Nov 14:00:39 [c.s.c.a.f.b.a.c.i.HttpLogger : 75] - Response time: 1.27 sec
[INFO ] 05 Nov 14:00:39 [c.s.c.a.f.b.a.c.i.HttpLogger : 79] - ResponseBody: 
{
  &quot;id&quot;: 9223372000001163734,
  &quot;category&quot;: {
    &quot;id&quot;: 0,
    &quot;name&quot;: &quot;Some Category&quot;
  },
  &quot;name&quot;: &quot;Doggie&quot;,
  &quot;photoUrls&quot;: [
    &quot;some.image.url&quot;
  ],
  &quot;tags&quot;: [
    {
      &quot;id&quot;: 0,
      &quot;name&quot;: &quot;Some Tag&quot;
    }
  ]
}
</stdout>
          <failedSince>1</failedSince>
        </case>
        <case>
          <duration>1.268</duration>
          <className>com.sprite.cloud.automation.framework.api.petstorepet.PutPetTest</className>
          <testName>editPetSuccessfullyTest</testName>
          <skipped>false</skipped>
          <stdout>[INFO ] 05 Nov 14:00:39 [c.s.c.a.f.b.TestBase : 82] - Selenium Driver closed
[INFO ] 05 Nov 14:00:39 [c.s.c.a.f.b.TestBase : 40] - platformType: API
[INFO ] 05 Nov 14:00:39 [c.s.c.a.f.b.TestBase : 41] - browserName: CHROME
[INFO ] 05 Nov 14:00:39 [c.s.c.a.f.b.TestBase : 75] - API only tests
[INFO ] 05 Nov 14:00:39 [c.s.c.a.f.b.a.s.p.PetService : 86] - Requesting edit existing pet, expecting status code 200: Fluff Meister
[INFO ] 05 Nov 14:00:39 [c.s.c.a.f.b.a.c.i.HttpLogger : 39] - =============
...[truncated 1159 chars]...
er&quot;,
  &quot;photoUrls&quot;: [
    &quot;some.image.url.of.cool.pup&quot;
  ],
  &quot;tags&quot;: [
    {
      &quot;id&quot;: 46620,
      &quot;name&quot;: &quot;Dog&quot;
    }
  ],
  &quot;status&quot;: &quot;available&quot;
}
[INFO ] 05 Nov 14:00:41 [c.s.c.a.f.b.a.s.p.PetService : 95] - Running assertions for PUT Pet Request against Response: Fluff Meister
[INFO ] 05 Nov 14:00:41 [c.s.c.a.f.b.a.s.p.PetService : 126] - Trigger assertions
[INFO ] 05 Nov 14:00:41 [c.s.c.a.f.b.a.s.p.PetService : 129] - All assertions successful for POST Add Pet Request against Response
</stdout>
          <failedSince>0</failedSince>
        </case>
        <case>
          <duration>1.437</duration>
          <className>com.sprite.cloud.automation.framework.api.petstoreUser.CreateNewUserTest</className>
          <testName>createNewValidUser</testName>
          <skipped>false</skipped>
          <stdout>[INFO ] 05 Nov 14:00:41 [c.s.c.a.f.b.TestBase : 82] - Selenium Driver closed
[INFO ] 05 Nov 14:00:41 [c.s.c.a.f.b.TestBase : 40] - platformType: API
[INFO ] 05 Nov 14:00:41 [c.s.c.a.f.b.TestBase : 41] - browserName: CHROME
[INFO ] 05 Nov 14:00:41 [c.s.c.a.f.b.TestBase : 75] - API only tests
[INFO ] 05 Nov 14:00:41 [c.s.c.a.f.b.a.s.p.UserApiService : 30] - Requesting add a new user, expecting status code 200: roland.beer
[INFO ] 05 Nov 14:00:41 [c.s.c.a.f.b.a.c.i.HttpLogger : 39] - ==============
...[truncated 667 chars]...
: 61] - ========================= Response ===========================================
[INFO ] 05 Nov 14:00:42 [c.s.c.a.f.b.a.c.i.HttpLogger : 66] - Status code : 200
[INFO ] 05 Nov 14:00:42 [c.s.c.a.f.b.a.c.i.HttpLogger : 75] - Response time: 1.22 sec
[INFO ] 05 Nov 14:00:42 [c.s.c.a.f.b.a.c.i.HttpLogger : 79] - ResponseBody: 
{
  &quot;code&quot;: 200,
  &quot;type&quot;: &quot;unknown&quot;,
  &quot;message&quot;: &quot;34124&quot;
}
[INFO ] 05 Nov 14:00:42 [c.s.c.a.f.b.a.s.p.UserApiService : 35] - Successfully added a new user: roland.beer
</stdout>
          <failedSince>0</failedSince>
        </case>
        <case>
          <duration>2.544</duration>
          <className>com.sprite.cloud.automation.framework.api.petstoreUser.UserLoginTest</className>
          <testName>userLogin</testName>
          <skipped>false</skipped>
          <stdout>[INFO ] 05 Nov 14:00:42 [c.s.c.a.f.b.TestBase : 82] - Selenium Driver closed
[INFO ] 05 Nov 14:00:42 [c.s.c.a.f.b.TestBase : 40] - platformType: API
[INFO ] 05 Nov 14:00:42 [c.s.c.a.f.b.TestBase : 41] - browserName: CHROME
[INFO ] 05 Nov 14:00:42 [c.s.c.a.f.b.TestBase : 75] - API only tests
[INFO ] 05 Nov 14:00:42 [c.s.c.a.f.b.a.s.p.UserApiService : 53] - Requesting add a new random user, expecting status code 200: rolland.bergstrom
[INFO ] 05 Nov 14:00:42 [c.s.c.a.f.b.a.c.i.HttpLogger : 39] - =
...[truncated 1884 chars]...
esponse ===========================================
[INFO ] 05 Nov 14:00:45 [c.s.c.a.f.b.a.c.i.HttpLogger : 66] - Status code : 200
[INFO ] 05 Nov 14:00:45 [c.s.c.a.f.b.a.c.i.HttpLogger : 75] - Response time: 1.20 sec
[INFO ] 05 Nov 14:00:45 [c.s.c.a.f.b.a.c.i.HttpLogger : 79] - ResponseBody: 
{
  &quot;code&quot;: 200,
  &quot;type&quot;: &quot;unknown&quot;,
  &quot;message&quot;: &quot;logged in user session:1636120845051&quot;
}
[INFO ] 05 Nov 14:00:45 [c.s.c.a.f.b.a.s.p.UserApiService : 88] - Successfully got user login: rolland.bergstrom
</stdout>
          <failedSince>0</failedSince>
        </case>
        <case>
          <duration>2.495</duration>
          <className>com.sprite.cloud.automation.framework.api.petstoreUser.GetUserByUsernameTest</className>
          <testName>userLogin</testName>
          <skipped>false</skipped>
          <stdout>[INFO ] 05 Nov 14:00:45 [c.s.c.a.f.b.TestBase : 82] - Selenium Driver closed
[INFO ] 05 Nov 14:00:45 [c.s.c.a.f.b.TestBase : 40] - platformType: API
[INFO ] 05 Nov 14:00:45 [c.s.c.a.f.b.TestBase : 41] - browserName: CHROME
[INFO ] 05 Nov 14:00:45 [c.s.c.a.f.b.TestBase : 75] - API only tests
[INFO ] 05 Nov 14:00:45 [c.s.c.a.f.b.a.s.p.UserApiService : 53] - Requesting add a new random user, expecting status code 200: ashley.lowe
[INFO ] 05 Nov 14:00:45 [c.s.c.a.f.b.a.c.i.HttpLogger : 39] - =======
...[truncated 1943 chars]...
66] - Status code : 200
[INFO ] 05 Nov 14:00:47 [c.s.c.a.f.b.a.c.i.HttpLogger : 75] - Response time: 1.16 sec
[INFO ] 05 Nov 14:00:47 [c.s.c.a.f.b.a.c.i.HttpLogger : 79] - ResponseBody: 
{
  &quot;id&quot;: 49127,
  &quot;username&quot;: &quot;ashley.lowe&quot;,
  &quot;firstName&quot;: &quot;Lavonna&quot;,
  &quot;lastName&quot;: &quot;Runolfsson&quot;,
  &quot;email&quot;: &quot;kate.gibson@yahoo.com&quot;,
  &quot;password&quot;: &quot;8799&quot;,
  &quot;phone&quot;: &quot;399.852.8936 x57410&quot;,
  &quot;userStatus&quot;: 1
}
[INFO ] 05 Nov 14:00:47 [c.s.c.a.f.b.a.s.p.UserApiService : 75] - Successfully got user: ashley.lowe
</stdout>
          <failedSince>0</failedSince>
        </case>
        <case>
          <duration>62.202</duration>
          <className>com.sprite.cloud.automation.framework.web.bookstore.LoginTest</className>
          <testName>LogIn</testName>
          <skipped>false</skipped>
          <stdout>[INFO ] 05 Nov 14:00:47 [c.s.c.a.f.b.TestBase : 82] - Selenium Driver closed
[INFO ] 05 Nov 14:00:47 [c.s.c.a.f.b.TestBase : 32] - Running against environment: QA
[INFO ] 05 Nov 14:00:47 [c.s.c.a.f.b.TestBase : 40] - platformType: WEB
[INFO ] 05 Nov 14:00:47 [c.s.c.a.f.b.TestBase : 41] - browserName: CHROME-REMOTE
[INFO ] 05 Nov 14:00:53 [c.s.c.a.f.b.TestBase : 73] - Completed setting up Selenium Driver for browser: CHROME-REMOTE
[INFO ] 05 Nov 14:00:53 [c.s.c.a.f.b.a.s.t.UserService : 26] - Req
...[truncated 1777 chars]...
a.f.b.w.p.B.LoginPage : 47] - Login was successful - Lou Briccant, password: 6doO^u6[A)
[INFO ] 05 Nov 14:01:55 [c.s.c.a.f.b.w.WebPageHelper : 473] - Element is enabled [[[RemoteWebDriver: chrome on LINUX (60be4642e296b1047647256a506992a9)] -&gt; xpath: //button[contains(text(),&apos;Log out&apos;)]]]
[INFO ] 05 Nov 14:01:56 [c.s.c.a.f.b.w.WebPageHelper : 127] - current URL is- https://demoqa.com/profile
[INFO ] 05 Nov 14:01:56 [c.s.c.a.f.b.w.WebPageHelper : 127] - current URL is- https://demoqa.com/profile
</stdout>
          <stderr>Nov 05, 2021 2:00:47 PM org.openqa.selenium.remote.tracing.opentelemetry.OpenTelemetryTracer createTracer
INFO: Using OpenTelemetry for tracing
Nov 05, 2021 2:00:52 PM org.openqa.selenium.remote.ProtocolHandshake createSession
INFO: Detected dialect: W3C
</stderr>
          <failedSince>0</failedSince>
        </case>
        <case>
          <duration>48.454</duration>
          <className>com.sprite.cloud.automation.framework.web.bookstore.LoginTest</className>
          <testName>LogIn</testName>
          <skipped>false</skipped>
          <stdout>[INFO ] 05 Nov 14:01:56 [c.s.c.a.f.b.TestBase : 82] - Selenium Driver closed
[INFO ] 05 Nov 14:01:56 [c.s.c.a.f.b.TestBase : 40] - platformType: WEB
[INFO ] 05 Nov 14:01:56 [c.s.c.a.f.b.TestBase : 41] - browserName: FIREFOX-REMOTE
[INFO ] 05 Nov 14:02:03 [c.s.c.a.f.b.TestBase : 73] - Completed setting up Selenium Driver for browser: FIREFOX-REMOTE
[INFO ] 05 Nov 14:02:03 [c.s.c.a.f.b.a.s.t.UserService : 26] - Requesting add new user account, expecting status code 201: Bruce Easley
[INFO ] 05 Nov
...[truncated 1598 chars]...
.w.p.B.LoginPage : 47] - Login was successful - Bruce Easley, password: *{R3aA_mo9
[INFO ] 05 Nov 14:02:52 [c.s.c.a.f.b.w.WebPageHelper : 473] - Element is enabled [[[RemoteWebDriver: firefox on LINUX (c2b70100-643d-4c69-af9d-4581586a61fe)] -&gt; xpath: //button[contains(text(),&apos;Log out&apos;)]]]
[INFO ] 05 Nov 14:02:52 [c.s.c.a.f.b.w.WebPageHelper : 127] - current URL is- https://demoqa.com/profile
[INFO ] 05 Nov 14:02:53 [c.s.c.a.f.b.w.WebPageHelper : 127] - current URL is- https://demoqa.com/profile
</stdout>
          <stderr>Nov 05, 2021 2:02:03 PM org.openqa.selenium.remote.ProtocolHandshake createSession
INFO: Detected dialect: W3C
</stderr>
          <failedSince>0</failedSince>
        </case>
        <case>
          <duration>75.632</duration>
          <className>com.sprite.cloud.automation.framework.web.bookstore.AddBookToCollectionTest</className>
          <testName>AddNewBookToCollection</testName>
          <skipped>false</skipped>
          <stdout>[INFO ] 05 Nov 14:02:53 [c.s.c.a.f.b.TestBase : 82] - Selenium Driver closed
[INFO ] 05 Nov 14:02:53 [c.s.c.a.f.b.TestBase : 40] - platformType: WEB
[INFO ] 05 Nov 14:02:53 [c.s.c.a.f.b.TestBase : 41] - browserName: CHROME-REMOTE
[INFO ] 05 Nov 14:02:56 [c.s.c.a.f.b.TestBase : 73] - Completed setting up Selenium Driver for browser: CHROME-REMOTE
[INFO ] 05 Nov 14:02:56 [c.s.c.a.f.b.a.s.t.UserService : 26] - Requesting add new user account, expecting status code 201: Bill Ding
[INFO ] 05 Nov 14:0
...[truncated 3530 chars]...
/session/5..., se:vncEnabled: true, se:vncLocalAddress: ws://172.19.0.6:7900, setWindowRect: true, strictFileInteractability: false, timeouts: {implicit: 0, pageLoad: 300000, script: 30000}, unhandledPromptBehavior: dismiss and notify, webauthn:extension:credBlob: true, webauthn:extension:largeBlob: true, webauthn:virtualAuthenticators: true}
Session ID: 5af76c23e7cfcf600a2e99bc036c386f
[INFO ] 05 Nov 14:04:13 [c.s.c.a.f.b.w.p.B.ProfilePage : 124] - Book Git Pocket Guide does not exist on table
</stdout>
          <stderr>Nov 05, 2021 2:02:56 PM org.openqa.selenium.remote.ProtocolHandshake createSession
INFO: Detected dialect: W3C
</stderr>
          <failedSince>0</failedSince>
        </case>
      </cases>
    </suite>
  </suites>
  <duration>433.892</duration>
  <keepLongStdio>false</keepLongStdio>
</result>